2015-04-21 11:56:21 [INFOS] [Multiverse-Core] - Version 2.4-b527 (API v14) Enabled - By Rigby, fernferret, lithium3141 and main--
2015-04-21 11:56:21 [INFOS] [Multiverse-Core] Loading World & Settings - 'world' - Env: NORMAL - Type: FLAT & seed: 1096239761834155416
2015-04-21 11:56:21 [INFOS] [Multiverse-Core] Loading World & Settings - 'world_the_end' - Env: THE_END - Type: FLAT & seed: 1096239761834155416
2015-04-21 11:56:21 [AVERTISSEMENT] [Multiverse-Core] Spawn location from world.dat file was unsafe. Adjusting...
2015-04-21 11:56:21 [AVERTISSEMENT] [Multiverse-Core] Original Location: X: 0 Y: 0 Z: 0 P: 0 Y: 0 
2015-04-21 11:56:21 [INFOS] [Multiverse-Core] New Spawn for 'world_the_end' is Located at: world_the_end:0,00,60,00,0,00:0,00:0,00
2015-04-21 11:56:21 [INFOS] [Multiverse-Core] Loading World & Settings - 'world' - Env: NORMAL - Type: FLAT & seed: 1096239761834155416
2015-04-21 11:56:21 [INFOS] [Multiverse-Core] Loading World & Settings - 'world_the_end' - Env: THE_END - Type: FLAT & seed: 1096239761834155416
2015-04-21 11:56:21 [INFOS] [Multiverse-Core] 2 - World(s) loaded.
2015-04-21 12:01:17 [AVERTISSEMENT] [Multiverse-Core] Portal starter has an invalid DESTINATION!
2015-04-21 13:32:44 [INFOS] [Multiverse-Core] - Version 2.4-b527 (API v14) Enabled - By Rigby, fernferret, lithium3141 and main--
2015-04-21 13:32:45 [INFOS] [Multiverse-Core] Loading World & Settings - 'world' - Env: NORMAL - Type: FLAT & seed: 1096239761834155416
2015-04-21 13:32:45 [INFOS] [Multiverse-Core] Loading World & Settings - 'world_the_end' - Env: THE_END - Type: FLAT & seed: 1096239761834155416
2015-04-21 13:32:45 [INFOS] [Multiverse-Core] 2 - World(s) loaded.
2015-04-21 13:33:36 [INFOS] [Multiverse-Core] - Version 2.4-b527 (API v14) Enabled - By Rigby, fernferret, lithium3141 and main--
2015-04-21 13:33:36 [INFOS] [Multiverse-Core] Loading World & Settings - 'world' - Env: NORMAL - Type: FLAT & seed: 1096239761834155416
2015-04-21 13:33:36 [INFOS] [Multiverse-Core] Loading World & Settings - 'world_the_end' - Env: THE_END - Type: FLAT & seed: 1096239761834155416
2015-04-21 13:33:37 [INFOS] [Multiverse-Core] 2 - World(s) loaded.
2015-04-21 13:34:30 [INFOS] [Multiverse-Core] - Version 2.4-b527 (API v14) Enabled - By Rigby, fernferret, lithium3141 and main--
2015-04-21 13:34:30 [INFOS] [Multiverse-Core] Loading World & Settings - 'world' - Env: NORMAL - Type: FLAT & seed: 1096239761834155416
2015-04-21 13:34:31 [INFOS] [Multiverse-Core] Loading World & Settings - 'world_the_end' - Env: THE_END - Type: FLAT & seed: 1096239761834155416
2015-04-21 13:34:31 [INFOS] [Multiverse-Core] 2 - World(s) loaded.
2015-04-21 15:24:32 [INFOS] [Multiverse-Core] - Version 2.4-b527 (API v14) Enabled - By Rigby, fernferret, lithium3141 and main--
2015-04-21 15:24:32 [INFOS] [Multiverse-Core] Loading World & Settings - 'world' - Env: NORMAL - Type: FLAT & seed: 1096239761834155416
2015-04-21 15:24:32 [INFOS] [Multiverse-Core] Loading World & Settings - 'world_the_end' - Env: THE_END - Type: FLAT & seed: 1096239761834155416
2015-04-21 15:24:32 [INFOS] [Multiverse-Core] 2 - World(s) loaded.
2015-04-21 15:42:02 [INFOS] [Multiverse-Core] - Version 2.4-b527 (API v14) Enabled - By Rigby, fernferret, lithium3141 and main--
2015-04-21 15:42:02 [INFOS] [Multiverse-Core] Loading World & Settings - 'world' - Env: NORMAL - Type: FLAT & seed: 1096239761834155416
2015-04-21 15:42:02 [INFOS] [Multiverse-Core] Loading World & Settings - 'world_the_end' - Env: THE_END - Type: FLAT & seed: 1096239761834155416
2015-04-21 15:42:02 [INFOS] [Multiverse-Core] 2 - World(s) loaded.
2015-04-21 21:25:47 [INFOS] [Multiverse-Core] - Version 2.4-b527 (API v14) Enabled - By Rigby, fernferret, lithium3141 and main--
2015-04-21 21:25:48 [INFOS] [Multiverse-Core] Loading World & Settings - 'world' - Env: NORMAL - Type: FLAT & seed: 1096239761834155416
2015-04-21 21:25:48 [INFOS] [Multiverse-Core] Loading World & Settings - 'world_the_end' - Env: THE_END - Type: FLAT & seed: 1096239761834155416
2015-04-21 21:25:48 [INFOS] [Multiverse-Core] 2 - World(s) loaded.
2015-04-21 21:54:13 [INFOS] [Multiverse-Core] - Version 2.4-b527 (API v14) Enabled - By Rigby, fernferret, lithium3141 and main--
2015-04-21 21:54:13 [INFOS] [Multiverse-Core] Loading World & Settings - 'world' - Env: NORMAL - Type: FLAT & seed: 1096239761834155416
2015-04-21 21:54:13 [INFOS] [Multiverse-Core] Loading World & Settings - 'world_the_end' - Env: THE_END - Type: FLAT & seed: 1096239761834155416
2015-04-21 21:54:13 [INFOS] [Multiverse-Core] 2 - World(s) loaded.
2015-04-21 23:14:18 [INFOS] [Multiverse-Core] - Version 2.4-b527 (API v14) Enabled - By Rigby, fernferret, lithium3141 and main--
2015-04-21 23:14:18 [INFOS] [Multiverse-Core] Loading World & Settings - 'world' - Env: NORMAL - Type: FLAT & seed: 1096239761834155416
2015-04-21 23:14:18 [INFOS] [Multiverse-Core] Loading World & Settings - 'world_the_end' - Env: THE_END - Type: FLAT & seed: 1096239761834155416
2015-04-21 23:14:18 [INFOS] [Multiverse-Core] 2 - World(s) loaded.
2015-04-22 00:46:26 [INFOS] [Multiverse-Core] - Version 2.4-b527 (API v14) Enabled - By Rigby, fernferret, lithium3141 and main--
2015-04-22 00:46:26 [INFOS] [Multiverse-Core] Loading World & Settings - 'world' - Env: NORMAL - Type: FLAT & seed: 1096239761834155416
2015-04-22 00:46:26 [INFOS] [Multiverse-Core] Loading World & Settings - 'world_the_end' - Env: THE_END - Type: FLAT & seed: 1096239761834155416
2015-04-22 00:46:26 [INFOS] [Multiverse-Core] 2 - World(s) loaded.
2015-04-22 11:34:39 [INFOS] [Multiverse-Core] - Version 2.4-b527 (API v14) Enabled - By Rigby, fernferret, lithium3141 and main--
2015-04-22 11:34:39 [INFOS] [Multiverse-Core] Loading World & Settings - 'world' - Env: NORMAL - Type: FLAT & seed: 1096239761834155416
2015-04-22 11:34:39 [INFOS] [Multiverse-Core] Loading World & Settings - 'world_the_end' - Env: THE_END - Type: FLAT & seed: 1096239761834155416
2015-04-22 11:34:39 [INFOS] [Multiverse-Core] 2 - World(s) loaded.
2015-04-22 11:38:18 [INFOS] [Multiverse-Core] - Version 2.4-b527 (API v14) Enabled - By Rigby, fernferret, lithium3141 and main--
2015-04-22 11:38:18 [INFOS] [Multiverse-Core] Loading World & Settings - 'world' - Env: NORMAL - Type: FLAT & seed: 1096239761834155416
2015-04-22 11:38:18 [INFOS] [Multiverse-Core] Loading World & Settings - 'world_the_end' - Env: THE_END - Type: FLAT & seed: 1096239761834155416
2015-04-22 11:38:18 [INFOS] [Multiverse-Core] 2 - World(s) loaded.
2015-04-22 15:54:18 [INFOS] [Multiverse-Core] - Version 2.4-b527 (API v14) Enabled - By Rigby, fernferret, lithium3141 and main--
2015-04-22 15:54:18 [INFOS] [Multiverse-Core] Loading World & Settings - 'world' - Env: NORMAL - Type: FLAT & seed: 1096239761834155416
2015-04-22 15:54:19 [INFOS] [Multiverse-Core] Loading World & Settings - 'world_the_end' - Env: THE_END - Type: FLAT & seed: 1096239761834155416
2015-04-22 15:54:19 [INFOS] [Multiverse-Core] 2 - World(s) loaded.
2015-04-22 16:15:23 [INFOS] [Multiverse-Core] - Version 2.4-b527 (API v14) Enabled - By Rigby, fernferret, lithium3141 and main--
2015-04-22 16:15:23 [INFOS] [Multiverse-Core] Loading World & Settings - 'world' - Env: NORMAL - Type: FLAT & seed: 1096239761834155416
2015-04-22 16:15:23 [INFOS] [Multiverse-Core] Loading World & Settings - 'world_the_end' - Env: THE_END - Type: FLAT & seed: 1096239761834155416
2015-04-22 16:15:23 [INFOS] [Multiverse-Core] 2 - World(s) loaded.
2015-04-22 16:38:12 [INFOS] [Multiverse-Core] - Version 2.4-b527 (API v14) Enabled - By Rigby, fernferret, lithium3141 and main--
2015-04-22 16:38:13 [INFOS] [Multiverse-Core] Loading World & Settings - 'world' - Env: NORMAL - Type: FLAT & seed: 1096239761834155416
2015-04-22 16:38:13 [INFOS] [Multiverse-Core] Loading World & Settings - 'world_the_end' - Env: THE_END - Type: FLAT & seed: 1096239761834155416
2015-04-22 16:38:13 [INFOS] [Multiverse-Core] 2 - World(s) loaded.
2015-04-22 17:06:37 [INFOS] [Multiverse-Core] - Version 2.4-b527 (API v14) Enabled - By Rigby, fernferret, lithium3141 and main--
2015-04-22 17:06:37 [INFOS] [Multiverse-Core] Loading World & Settings - 'world' - Env: NORMAL - Type: FLAT & seed: 1096239761834155416
2015-04-22 17:06:38 [INFOS] [Multiverse-Core] Loading World & Settings - 'world_the_end' - Env: THE_END - Type: FLAT & seed: 1096239761834155416
2015-04-22 17:06:38 [INFOS] [Multiverse-Core] 2 - World(s) loaded.
2015-04-22 17:08:34 [INFOS] [Multiverse-Core] - Version 2.4-b527 (API v14) Enabled - By Rigby, fernferret, lithium3141 and main--
2015-04-22 17:08:34 [INFOS] [Multiverse-Core] Loading World & Settings - 'world' - Env: NORMAL - Type: FLAT & seed: 1096239761834155416
2015-04-22 17:08:34 [INFOS] [Multiverse-Core] Loading World & Settings - 'world_the_end' - Env: THE_END - Type: FLAT & seed: 1096239761834155416
2015-04-22 17:08:34 [INFOS] [Multiverse-Core] 2 - World(s) loaded.
2015-04-22 17:11:19 [INFOS] [Multiverse-Core] - Version 2.4-b527 (API v14) Enabled - By Rigby, fernferret, lithium3141 and main--
2015-04-22 17:11:19 [INFOS] [Multiverse-Core] Loading World & Settings - 'world' - Env: NORMAL - Type: FLAT & seed: 1096239761834155416
2015-04-22 17:11:19 [INFOS] [Multiverse-Core] Loading World & Settings - 'world_the_end' - Env: THE_END - Type: FLAT & seed: 1096239761834155416
2015-04-22 17:11:19 [INFOS] [Multiverse-Core] 2 - World(s) loaded.
2015-04-22 17:16:22 [INFOS] [Multiverse-Core] - Version 2.4-b527 (API v14) Enabled - By Rigby, fernferret, lithium3141 and main--
2015-04-22 17:16:22 [INFOS] [Multiverse-Core] Loading World & Settings - 'world' - Env: NORMAL - Type: FLAT & seed: 1096239761834155416
2015-04-22 17:16:22 [INFOS] [Multiverse-Core] Loading World & Settings - 'world_the_end' - Env: THE_END - Type: FLAT & seed: 1096239761834155416
2015-04-22 17:16:22 [INFOS] [Multiverse-Core] 2 - World(s) loaded.
2015-04-22 17:17:42 [INFOS] [Multiverse-Core] - Version 2.4-b527 (API v14) Enabled - By Rigby, fernferret, lithium3141 and main--
2015-04-22 17:17:42 [INFOS] [Multiverse-Core] Loading World & Settings - 'world' - Env: NORMAL - Type: FLAT & seed: 1096239761834155416
2015-04-22 17:17:42 [INFOS] [Multiverse-Core] Loading World & Settings - 'world_the_end' - Env: THE_END - Type: FLAT & seed: 1096239761834155416
2015-04-22 17:17:42 [INFOS] [Multiverse-Core] 2 - World(s) loaded.
2015-04-23 12:35:04 [INFOS] [Multiverse-Core] - Version 2.4-b527 (API v14) Enabled - By Rigby, fernferret, lithium3141 and main--
2015-04-23 12:35:04 [INFOS] [Multiverse-Core] Loading World & Settings - 'world' - Env: NORMAL - Type: FLAT & seed: 1096239761834155416
2015-04-23 12:35:04 [INFOS] [Multiverse-Core] Loading World & Settings - 'world_the_end' - Env: THE_END - Type: FLAT & seed: 1096239761834155416
2015-04-23 12:35:04 [INFOS] [Multiverse-Core] 2 - World(s) loaded.
2015-04-23 20:28:53 [INFOS] [Multiverse-Core] - Version 2.4-b527 (API v14) Enabled - By Rigby, fernferret, lithium3141 and main--
2015-04-23 20:28:54 [INFOS] [Multiverse-Core] Loading World & Settings - 'world' - Env: NORMAL - Type: FLAT & seed: 1096239761834155416
2015-04-23 20:28:54 [INFOS] [Multiverse-Core] Loading World & Settings - 'world_the_end' - Env: THE_END - Type: FLAT & seed: 1096239761834155416
2015-04-23 20:28:54 [INFOS] [Multiverse-Core] 2 - World(s) loaded.
2015-04-24 14:39:54 [INFOS] [Multiverse-Core] - Version 2.4-b527 (API v14) Enabled - By Rigby, fernferret, lithium3141 and main--
2015-04-24 14:39:55 [INFOS] [Multiverse-Core] Loading World & Settings - 'world' - Env: NORMAL - Type: FLAT & seed: 1096239761834155416
2015-04-24 14:39:55 [INFOS] [Multiverse-Core] Loading World & Settings - 'world_the_end' - Env: THE_END - Type: FLAT & seed: 1096239761834155416
2015-04-24 14:39:55 [INFOS] [Multiverse-Core] 2 - World(s) loaded.
2015-04-24 14:51:09 [INFOS] [Multiverse-Core] - Version 2.4-b527 (API v14) Enabled - By Rigby, fernferret, lithium3141 and main--
2015-04-24 14:51:09 [INFOS] [Multiverse-Core] Loading World & Settings - 'world' - Env: NORMAL - Type: FLAT & seed: 1096239761834155416
2015-04-24 14:51:09 [INFOS] [Multiverse-Core] Loading World & Settings - 'world_the_end' - Env: THE_END - Type: FLAT & seed: 1096239761834155416
2015-04-24 14:51:09 [INFOS] [Multiverse-Core] 2 - World(s) loaded.
2015-04-24 19:32:03 [INFOS] [Multiverse-Core] - Version 2.4-b527 (API v14) Enabled - By Rigby, fernferret, lithium3141 and main--
2015-04-24 19:32:04 [INFOS] [Multiverse-Core] Loading World & Settings - 'world' - Env: NORMAL - Type: FLAT & seed: 1096239761834155416
2015-04-24 19:32:04 [INFOS] [Multiverse-Core] Loading World & Settings - 'world_the_end' - Env: THE_END - Type: FLAT & seed: 1096239761834155416
2015-04-24 19:32:04 [INFOS] [Multiverse-Core] 2 - World(s) loaded.
2015-04-25 18:12:38 [INFOS] [Multiverse-Core] - Version 2.4-b527 (API v14) Enabled - By Rigby, fernferret, lithium3141 and main--
2015-04-25 18:12:39 [INFOS] [Multiverse-Core] Loading World & Settings - 'world' - Env: NORMAL - Type: FLAT & seed: 1096239761834155416
2015-04-25 18:12:39 [INFOS] [Multiverse-Core] Loading World & Settings - 'world_the_end' - Env: THE_END - Type: FLAT & seed: 1096239761834155416
2015-04-25 18:12:39 [INFOS] [Multiverse-Core] 2 - World(s) loaded.
2015-04-25 18:37:08 [INFOS] [Multiverse-Core] - Version 2.4-b527 (API v14) Enabled - By Rigby, fernferret, lithium3141 and main--
2015-04-25 18:37:09 [INFOS] [Multiverse-Core] Loading World & Settings - 'world' - Env: NORMAL - Type: FLAT & seed: 1096239761834155416
2015-04-25 18:37:09 [INFOS] [Multiverse-Core] Loading World & Settings - 'world_the_end' - Env: THE_END - Type: FLAT & seed: 1096239761834155416
2015-04-25 18:37:09 [INFOS] [Multiverse-Core] 2 - World(s) loaded.
2015-04-25 18:38:30 [INFOS] [Multiverse-Core] - Version 2.4-b527 (API v14) Enabled - By Rigby, fernferret, lithium3141 and main--
2015-04-25 18:38:30 [INFOS] [Multiverse-Core] Loading World & Settings - 'world' - Env: NORMAL - Type: FLAT & seed: 1096239761834155416
2015-04-25 18:38:30 [INFOS] [Multiverse-Core] Loading World & Settings - 'world_the_end' - Env: THE_END - Type: FLAT & seed: 1096239761834155416
2015-04-25 18:38:30 [INFOS] [Multiverse-Core] 2 - World(s) loaded.
2015-04-25 18:42:15 [INFOS] [Multiverse-Core] - Version 2.4-b527 (API v14) Enabled - By Rigby, fernferret, lithium3141 and main--
2015-04-25 18:42:15 [INFOS] [Multiverse-Core] Loading World & Settings - 'world' - Env: NORMAL - Type: FLAT & seed: 1096239761834155416
2015-04-25 18:42:16 [INFOS] [Multiverse-Core] Loading World & Settings - 'world_the_end' - Env: THE_END - Type: FLAT & seed: 1096239761834155416
2015-04-25 18:42:16 [INFOS] [Multiverse-Core] 2 - World(s) loaded.
2015-04-25 21:59:51 [INFOS] [Multiverse-Core] - Version 2.4-b527 (API v14) Enabled - By Rigby, fernferret, lithium3141 and main--
2015-04-25 21:59:51 [INFOS] [Multiverse-Core] Loading World & Settings - 'world' - Env: NORMAL - Type: FLAT & seed: 1096239761834155416
2015-04-25 21:59:51 [INFOS] [Multiverse-Core] Loading World & Settings - 'world_the_end' - Env: THE_END - Type: FLAT & seed: 1096239761834155416
2015-04-25 21:59:52 [INFOS] [Multiverse-Core] 2 - World(s) loaded.
2015-04-26 16:25:30 [INFOS] [Multiverse-Core] - Version 2.4-b527 (API v14) Enabled - By Rigby, fernferret, lithium3141 and main--
2015-04-26 16:25:31 [INFOS] [Multiverse-Core] Loading World & Settings - 'world' - Env: NORMAL - Type: FLAT & seed: 1096239761834155416
2015-04-26 16:25:31 [INFOS] [Multiverse-Core] Loading World & Settings - 'world_the_end' - Env: THE_END - Type: FLAT & seed: 1096239761834155416
2015-04-26 16:25:31 [INFOS] [Multiverse-Core] 2 - World(s) loaded.
2015-04-26 16:34:47 [INFOS] [Multiverse-Core] - Version 2.4-b527 (API v14) Enabled - By Rigby, fernferret, lithium3141 and main--
2015-04-26 16:34:47 [INFOS] [Multiverse-Core] Loading World & Settings - 'world' - Env: NORMAL - Type: FLAT & seed: 1096239761834155416
2015-04-26 16:34:47 [INFOS] [Multiverse-Core] Loading World & Settings - 'world_the_end' - Env: THE_END - Type: FLAT & seed: 1096239761834155416
2015-04-26 16:34:47 [INFOS] [Multiverse-Core] 2 - World(s) loaded.
2015-04-26 16:45:55 [INFOS] [Multiverse-Core] - Version 2.4-b527 (API v14) Enabled - By Rigby, fernferret, lithium3141 and main--
2015-04-26 16:45:56 [INFOS] [Multiverse-Core] Loading World & Settings - 'world' - Env: NORMAL - Type: FLAT & seed: 1096239761834155416
2015-04-26 16:45:56 [INFOS] [Multiverse-Core] Loading World & Settings - 'world_the_end' - Env: THE_END - Type: FLAT & seed: 1096239761834155416
2015-04-26 16:45:56 [INFOS] [Multiverse-Core] 2 - World(s) loaded.
2015-04-26 16:47:31 [INFOS] [Multiverse-Core] - Version 2.4-b527 (API v14) Enabled - By Rigby, fernferret, lithium3141 and main--
2015-04-26 16:47:31 [INFOS] [Multiverse-Core] Loading World & Settings - 'world' - Env: NORMAL - Type: FLAT & seed: 1096239761834155416
2015-04-26 16:47:31 [INFOS] [Multiverse-Core] Loading World & Settings - 'world_the_end' - Env: THE_END - Type: FLAT & seed: 1096239761834155416
2015-04-26 16:47:31 [INFOS] [Multiverse-Core] 2 - World(s) loaded.
2015-04-27 15:14:55 [INFOS] [Multiverse-Core] - Version 2.4-b527 (API v14) Enabled - By Rigby, fernferret, lithium3141 and main--
2015-04-27 15:14:56 [INFOS] [Multiverse-Core] Loading World & Settings - 'world' - Env: NORMAL - Type: FLAT & seed: 1096239761834155416
2015-04-27 15:14:56 [INFOS] [Multiverse-Core] Loading World & Settings - 'world_the_end' - Env: THE_END - Type: FLAT & seed: 1096239761834155416
2015-04-27 15:14:56 [INFOS] [Multiverse-Core] 2 - World(s) loaded.
2015-04-27 15:24:01 [INFOS] [Multiverse-Core] - Version 2.4-b527 (API v14) Enabled - By Rigby, fernferret, lithium3141 and main--
2015-04-27 15:24:01 [INFOS] [Multiverse-Core] Loading World & Settings - 'world' - Env: NORMAL - Type: FLAT & seed: 1096239761834155416
2015-04-27 15:24:01 [INFOS] [Multiverse-Core] Loading World & Settings - 'world_the_end' - Env: THE_END - Type: FLAT & seed: 1096239761834155416
2015-04-27 15:24:01 [INFOS] [Multiverse-Core] 2 - World(s) loaded.
2015-04-28 08:33:48 [INFOS] [Multiverse-Core] - Version 2.4-b527 (API v14) Enabled - By Rigby, fernferret, lithium3141 and main--
2015-04-28 08:33:48 [INFOS] [Multiverse-Core] Loading World & Settings - 'world' - Env: NORMAL - Type: FLAT & seed: 1096239761834155416
2015-04-28 08:33:48 [INFOS] [Multiverse-Core] Loading World & Settings - 'world_the_end' - Env: THE_END - Type: FLAT & seed: 1096239761834155416
2015-04-28 08:33:48 [INFOS] [Multiverse-Core] 2 - World(s) loaded.
2015-04-28 12:21:25 [INFOS] [Multiverse-Core] - Version 2.4-b527 (API v14) Enabled - By Rigby, fernferret, lithium3141 and main--
2015-04-28 12:21:26 [INFOS] [Multiverse-Core] Loading World & Settings - 'world' - Env: NORMAL - Type: FLAT & seed: 1096239761834155416
2015-04-28 12:21:26 [INFOS] [Multiverse-Core] Loading World & Settings - 'world_the_end' - Env: THE_END - Type: FLAT & seed: 1096239761834155416
2015-04-28 12:21:26 [INFOS] [Multiverse-Core] 2 - World(s) loaded.
2015-04-28 17:07:27 [INFOS] [Multiverse-Core] - Version 2.4-b527 (API v14) Enabled - By Rigby, fernferret, lithium3141 and main--
2015-04-28 17:07:28 [INFOS] [Multiverse-Core] Loading World & Settings - 'world' - Env: NORMAL - Type: FLAT & seed: 1096239761834155416
2015-04-28 17:07:28 [INFOS] [Multiverse-Core] Loading World & Settings - 'world_the_end' - Env: THE_END - Type: FLAT & seed: 1096239761834155416
2015-04-28 17:07:28 [INFOS] [Multiverse-Core] 2 - World(s) loaded.
2015-04-28 17:19:09 [INFOS] [Multiverse-Core] - Version 2.4-b527 (API v14) Enabled - By Rigby, fernferret, lithium3141 and main--
2015-04-28 17:19:09 [INFOS] [Multiverse-Core] Loading World & Settings - 'world' - Env: NORMAL - Type: FLAT & seed: 1096239761834155416
2015-04-28 17:19:09 [INFOS] [Multiverse-Core] Loading World & Settings - 'world_the_end' - Env: THE_END - Type: FLAT & seed: 1096239761834155416
2015-04-28 17:19:09 [INFOS] [Multiverse-Core] 2 - World(s) loaded.
2015-04-28 17:56:39 [INFOS] [Multiverse-Core] - Version 2.4-b527 (API v14) Enabled - By Rigby, fernferret, lithium3141 and main--
2015-04-28 17:56:39 [INFOS] [Multiverse-Core] Loading World & Settings - 'world' - Env: NORMAL - Type: FLAT & seed: 1096239761834155416
2015-04-28 17:56:40 [INFOS] [Multiverse-Core] Loading World & Settings - 'world_the_end' - Env: THE_END - Type: FLAT & seed: 1096239761834155416
2015-04-28 17:56:40 [INFOS] [Multiverse-Core] 2 - World(s) loaded.
2015-04-29 06:27:21 [AVERTISSEMENT] [Multiverse-Core] Portal spleef has an invalid DESTINATION!
2015-04-29 13:44:22 [INFOS] [Multiverse-Core] - Version 2.4-b527 (API v14) Enabled - By Rigby, fernferret, lithium3141 and main--
2015-04-29 13:44:22 [INFOS] [Multiverse-Core] Loading World & Settings - 'world' - Env: NORMAL - Type: FLAT & seed: 1096239761834155416
2015-04-29 13:44:22 [INFOS] [Multiverse-Core] Loading World & Settings - 'world_the_end' - Env: THE_END - Type: FLAT & seed: 1096239761834155416
2015-04-29 13:44:22 [INFOS] [Multiverse-Core] 2 - World(s) loaded.
2015-04-29 14:43:26 [INFOS] [Multiverse-Core] - Version 2.4-b527 (API v14) Enabled - By Rigby, fernferret, lithium3141 and main--
2015-04-29 14:43:26 [INFOS] [Multiverse-Core] Loading World & Settings - 'world' - Env: NORMAL - Type: FLAT & seed: 1096239761834155416
2015-04-29 14:43:26 [INFOS] [Multiverse-Core] Loading World & Settings - 'world_the_end' - Env: THE_END - Type: FLAT & seed: 1096239761834155416
2015-04-29 14:43:26 [INFOS] [Multiverse-Core] 2 - World(s) loaded.
2015-04-29 15:28:54 [INFOS] [Multiverse-Core] - Version 2.4-b527 (API v14) Enabled - By Rigby, fernferret, lithium3141 and main--
2015-04-29 15:28:54 [INFOS] [Multiverse-Core] Loading World & Settings - 'world' - Env: NORMAL - Type: FLAT & seed: 1096239761834155416
2015-04-29 15:28:54 [INFOS] [Multiverse-Core] Loading World & Settings - 'world_the_end' - Env: THE_END - Type: FLAT & seed: 1096239761834155416
2015-04-29 15:28:55 [INFOS] [Multiverse-Core] 2 - World(s) loaded.
2015-04-29 15:30:05 [INFOS] [Multiverse-Core] - Version 2.4-b527 (API v14) Enabled - By Rigby, fernferret, lithium3141 and main--
2015-04-29 15:30:05 [INFOS] [Multiverse-Core] Loading World & Settings - 'world' - Env: NORMAL - Type: FLAT & seed: 1096239761834155416
2015-04-29 15:30:05 [INFOS] [Multiverse-Core] Loading World & Settings - 'world_the_end' - Env: THE_END - Type: FLAT & seed: 1096239761834155416
2015-04-29 15:30:05 [INFOS] [Multiverse-Core] 2 - World(s) loaded.
2015-04-29 18:32:03 [INFOS] [Multiverse-Core] - Version 2.4-b527 (API v14) Enabled - By Rigby, fernferret, lithium3141 and main--
2015-04-29 18:32:03 [INFOS] [Multiverse-Core] Loading World & Settings - 'world' - Env: NORMAL - Type: FLAT & seed: 1096239761834155416
2015-04-29 18:32:04 [INFOS] [Multiverse-Core] Loading World & Settings - 'world_the_end' - Env: THE_END - Type: FLAT & seed: 1096239761834155416
2015-04-29 18:32:04 [INFOS] [Multiverse-Core] 2 - World(s) loaded.
2015-04-29 18:43:44 [INFOS] [Multiverse-Core] - Version 2.4-b527 (API v14) Enabled - By Rigby, fernferret, lithium3141 and main--
2015-04-29 18:43:45 [INFOS] [Multiverse-Core] Loading World & Settings - 'world' - Env: NORMAL - Type: FLAT & seed: 1096239761834155416
2015-04-29 18:43:45 [INFOS] [Multiverse-Core] Loading World & Settings - 'world_the_end' - Env: THE_END - Type: FLAT & seed: 1096239761834155416
2015-04-29 18:43:45 [INFOS] [Multiverse-Core] 2 - World(s) loaded.
2015-04-29 19:03:38 [AVERTISSEMENT] [Multiverse-Core] Portal 1toa has an invalid DESTINATION!
2015-04-29 19:10:36 [AVERTISSEMENT] [Multiverse-Core] Portal 1to2 has an invalid DESTINATION!
2015-04-30 06:52:11 [INFOS] [Multiverse-Core] - Version 2.4-b527 (API v14) Enabled - By Rigby, fernferret, lithium3141 and main--
2015-04-30 06:52:11 [INFOS] [Multiverse-Core] Loading World & Settings - 'world' - Env: NORMAL - Type: FLAT & seed: 1096239761834155416
2015-04-30 06:52:11 [INFOS] [Multiverse-Core] Loading World & Settings - 'world_the_end' - Env: THE_END - Type: FLAT & seed: 1096239761834155416
2015-04-30 06:52:11 [INFOS] [Multiverse-Core] 2 - World(s) loaded.
2015-04-30 07:01:18 [INFOS] [Multiverse-Core] - Version 2.4-b527 (API v14) Enabled - By Rigby, fernferret, lithium3141 and main--
2015-04-30 07:01:18 [INFOS] [Multiverse-Core] Loading World & Settings - 'world' - Env: NORMAL - Type: FLAT & seed: 1096239761834155416
2015-04-30 07:01:18 [INFOS] [Multiverse-Core] Loading World & Settings - 'world_the_end' - Env: THE_END - Type: FLAT & seed: 1096239761834155416
2015-04-30 07:01:18 [INFOS] [Multiverse-Core] 2 - World(s) loaded.
2015-04-30 12:07:31 [INFOS] [Multiverse-Core] - Version 2.4-b527 (API v14) Enabled - By Rigby, fernferret, lithium3141 and main--
2015-04-30 12:07:32 [INFOS] [Multiverse-Core] Loading World & Settings - 'world' - Env: NORMAL - Type: FLAT & seed: 1096239761834155416
2015-04-30 12:07:32 [INFOS] [Multiverse-Core] Loading World & Settings - 'world_the_end' - Env: THE_END - Type: FLAT & seed: 1096239761834155416
2015-04-30 12:07:32 [INFOS] [Multiverse-Core] 2 - World(s) loaded.
2015-04-30 16:40:53 [INFOS] [Multiverse-Core] - Version 2.4-b527 (API v14) Enabled - By Rigby, fernferret, lithium3141 and main--
2015-04-30 16:40:53 [INFOS] [Multiverse-Core] Loading World & Settings - 'world' - Env: NORMAL - Type: FLAT & seed: 1096239761834155416
2015-04-30 16:40:54 [INFOS] [Multiverse-Core] Loading World & Settings - 'world_the_end' - Env: THE_END - Type: FLAT & seed: 1096239761834155416
2015-04-30 16:40:54 [INFOS] [Multiverse-Core] 2 - World(s) loaded.
2015-04-30 17:55:18 [INFOS] [Multiverse-Core] Loading World & Settings - 'plotworld' - Env: NORMAL - Type: NORMAL & generator: PlotMe-DefaultGenerator
2015-04-30 17:55:29 [AVERTISSEMENT] [Multiverse-Core] Spawn location from world.dat file was unsafe. Adjusting...
2015-04-30 17:55:29 [AVERTISSEMENT] [Multiverse-Core] Original Location: X: 0 Y: 0 Z: 0 P: 0 Y: 0 
2015-04-30 17:55:30 [INFOS] [Multiverse-Core] New Spawn for 'plotworld' is Located at: plotworld:0,00,65,00,0,00:0,00:0,00
2015-04-30 18:10:09 [INFOS] [Multiverse-Core] - Version 2.4-b527 (API v14) Enabled - By Rigby, fernferret, lithium3141 and main--
2015-04-30 18:10:10 [INFOS] [Multiverse-Core] Loading World & Settings - 'world' - Env: NORMAL - Type: FLAT & seed: 1096239761834155416
2015-04-30 18:10:10 [INFOS] [Multiverse-Core] Loading World & Settings - 'world_the_end' - Env: THE_END - Type: FLAT & seed: 1096239761834155416
2015-04-30 18:10:11 [INFOS] [Multiverse-Core] Loading World & Settings - 'plotworld' - Env: NORMAL - Type: NORMAL & seed: -5553753681538802658 & generator: PlotMe-DefaultGenerator
2015-04-30 18:10:12 [INFOS] [Multiverse-Core] 3 - World(s) loaded.
2015-04-30 18:11:31 [AVERTISSEMENT] [Multiverse-Core] Portal 1toPlot has an invalid DESTINATION!
2015-05-01 11:36:04 [INFOS] [Multiverse-Core] - Version 2.4-b527 (API v14) Enabled - By Rigby, fernferret, lithium3141 and main--
2015-05-01 11:36:04 [INFOS] [Multiverse-Core] Loading World & Settings - 'world' - Env: NORMAL - Type: FLAT & seed: 1096239761834155416
2015-05-01 11:36:04 [INFOS] [Multiverse-Core] Loading World & Settings - 'world_the_end' - Env: THE_END - Type: FLAT & seed: 1096239761834155416
2015-05-01 11:36:04 [INFOS] [Multiverse-Core] Loading World & Settings - 'plotworld' - Env: NORMAL - Type: NORMAL & seed: -5553753681538802658 & generator: PlotMe-DefaultGenerator
2015-05-01 11:36:09 [INFOS] [Multiverse-Core] 3 - World(s) loaded.
2015-05-01 11:36:11 [AVERTISSEMENT] [Multiverse-Core] Portal CB2 has an invalid DESTINATION!
2015-05-01 14:05:13 [AVERTISSEMENT] [Multiverse-Core] Portal CB2 has an invalid DESTINATION!
2015-05-01 15:17:14 [INFOS] [Multiverse-Core] - Version 2.4-b527 (API v14) Enabled - By Rigby, fernferret, lithium3141 and main--
2015-05-01 15:17:15 [INFOS] [Multiverse-Core] Loading World & Settings - 'world' - Env: NORMAL - Type: FLAT & seed: 1096239761834155416
2015-05-01 15:17:15 [INFOS] [Multiverse-Core] Loading World & Settings - 'world_the_end' - Env: THE_END - Type: FLAT & seed: 1096239761834155416
2015-05-01 15:17:15 [INFOS] [Multiverse-Core] Loading World & Settings - 'plotworld' - Env: NORMAL - Type: NORMAL & seed: -5553753681538802658 & generator: PlotMe-DefaultGenerator
2015-05-01 15:17:19 [INFOS] [Multiverse-Core] 3 - World(s) loaded.
2015-05-01 15:17:22 [AVERTISSEMENT] [Multiverse-Core] Portal CB2 has an invalid DESTINATION!
2015-05-02 15:11:26 [INFOS] [Multiverse-Core] - Version 2.4-b527 (API v14) Enabled - By Rigby, fernferret, lithium3141 and main--
2015-05-02 15:11:26 [INFOS] [Multiverse-Core] Loading World & Settings - 'world' - Env: NORMAL - Type: FLAT & seed: 1096239761834155416
2015-05-02 15:11:26 [INFOS] [Multiverse-Core] Loading World & Settings - 'world_the_end' - Env: THE_END - Type: FLAT & seed: 1096239761834155416
2015-05-02 15:11:26 [INFOS] [Multiverse-Core] Loading World & Settings - 'plotworld' - Env: NORMAL - Type: NORMAL & seed: -5553753681538802658 & generator: PlotMe-DefaultGenerator
2015-05-02 15:11:27 [INFOS] [Multiverse-Core] 3 - World(s) loaded.
2015-05-02 15:11:28 [AVERTISSEMENT] [Multiverse-Core] Portal CB2 has an invalid DESTINATION!
2015-05-02 15:11:28 [AVERTISSEMENT] [Multiverse-Core] Portal B2 has an invalid DESTINATION!
2015-05-03 06:29:44 [AVERTISSEMENT] [Multiverse-Core] Portal DtoHub has an invalid DESTINATION!
2015-05-03 07:11:40 [INFOS] [Multiverse-Core] - Version 2.4-b527 (API v14) Enabled - By Rigby, fernferret, lithium3141 and main--
2015-05-03 07:11:41 [INFOS] [Multiverse-Core] Loading World & Settings - 'world' - Env: NORMAL - Type: FLAT & seed: 1096239761834155416
2015-05-03 07:11:41 [INFOS] [Multiverse-Core] Loading World & Settings - 'world_the_end' - Env: THE_END - Type: FLAT & seed: 1096239761834155416
2015-05-03 07:11:41 [INFOS] [Multiverse-Core] Loading World & Settings - 'plotworld' - Env: NORMAL - Type: NORMAL & seed: -5553753681538802658 & generator: PlotMe-DefaultGenerator
2015-05-03 07:11:41 [INFOS] [Multiverse-Core] 3 - World(s) loaded.
2015-05-03 07:11:42 [AVERTISSEMENT] [Multiverse-Core] Portal CB2 has an invalid DESTINATION!
2015-05-03 07:11:42 [AVERTISSEMENT] [Multiverse-Core] Portal B2 has an invalid DESTINATION!
2015-05-03 07:17:54 [INFOS] [Multiverse-Core] - Version 2.4-b527 (API v14) Enabled - By Rigby, fernferret, lithium3141 and main--
2015-05-03 07:17:55 [INFOS] [Multiverse-Core] Loading World & Settings - 'world' - Env: NORMAL - Type: FLAT & seed: 1096239761834155416
2015-05-03 07:17:55 [INFOS] [Multiverse-Core] Loading World & Settings - 'world_the_end' - Env: THE_END - Type: FLAT & seed: 1096239761834155416
2015-05-03 07:17:55 [INFOS] [Multiverse-Core] Loading World & Settings - 'plotworld' - Env: NORMAL - Type: NORMAL & seed: -5553753681538802658 & generator: PlotMe-DefaultGenerator
2015-05-03 07:17:55 [INFOS] [Multiverse-Core] 3 - World(s) loaded.
2015-05-03 07:17:56 [AVERTISSEMENT] [Multiverse-Core] Portal CB2 has an invalid DESTINATION!
2015-05-03 07:17:56 [AVERTISSEMENT] [Multiverse-Core] Portal B2 has an invalid DESTINATION!
2015-05-03 09:02:24 [AVERTISSEMENT] [Multiverse-Core] Portal BtoCb has an invalid DESTINATION!
2015-05-03 09:02:56 [AVERTISSEMENT] [Multiverse-Core] Portal Bcb has an invalid DESTINATION!
2015-05-03 10:21:12 [AVERTISSEMENT] [Multiverse-Core] Portal Hubtoplot has an invalid DESTINATION!
2015-05-03 10:21:28 [AVERTISSEMENT] [Multiverse-Core] Portal Hubtoplot has an invalid DESTINATION!
2015-05-03 10:22:28 [AVERTISSEMENT] [Multiverse-Core] Portal Hubtoplot has an invalid DESTINATION!
2015-05-03 11:35:50 [INFOS] [Multiverse-Core] - Version 2.4-b527 (API v14) Enabled - By Rigby, fernferret, lithium3141 and main--
2015-05-03 11:35:50 [INFOS] [Multiverse-Core] Loading World & Settings - 'world' - Env: NORMAL - Type: FLAT & seed: 1096239761834155416
2015-05-03 11:35:50 [INFOS] [Multiverse-Core] Loading World & Settings - 'world_the_end' - Env: THE_END - Type: FLAT & seed: 1096239761834155416
2015-05-03 11:35:50 [INFOS] [Multiverse-Core] Loading World & Settings - 'plotworld' - Env: NORMAL - Type: NORMAL & seed: -5553753681538802658 & generator: PlotMe-DefaultGenerator
2015-05-03 11:35:51 [INFOS] [Multiverse-Core] 3 - World(s) loaded.
2015-05-03 15:48:09 [INFOS] [Multiverse-Core] - Version 2.4-b527 (API v14) Enabled - By Rigby, fernferret, lithium3141 and main--
2015-05-03 15:48:09 [INFOS] [Multiverse-Core] Loading World & Settings - 'world' - Env: NORMAL - Type: FLAT & seed: 1096239761834155416
2015-05-03 15:48:09 [INFOS] [Multiverse-Core] Loading World & Settings - 'world_the_end' - Env: THE_END - Type: FLAT & seed: 1096239761834155416
2015-05-03 15:48:09 [INFOS] [Multiverse-Core] Loading World & Settings - 'plotworld' - Env: NORMAL - Type: NORMAL & seed: -5553753681538802658 & generator: PlotMe-DefaultGenerator
2015-05-03 15:48:10 [INFOS] [Multiverse-Core] 3 - World(s) loaded.
2015-05-03 16:01:21 [INFOS] [Multiverse-Core] - Version 2.4-b527 (API v14) Enabled - By Rigby, fernferret, lithium3141 and main--
2015-05-03 16:01:21 [INFOS] [Multiverse-Core] Loading World & Settings - 'world' - Env: NORMAL - Type: FLAT & seed: 1096239761834155416
2015-05-03 16:01:21 [INFOS] [Multiverse-Core] Loading World & Settings - 'world_the_end' - Env: THE_END - Type: FLAT & seed: 1096239761834155416
2015-05-03 16:01:21 [INFOS] [Multiverse-Core] Loading World & Settings - 'plotworld' - Env: NORMAL - Type: NORMAL & seed: -5553753681538802658 & generator: PlotMe-DefaultGenerator
2015-05-03 16:01:21 [INFOS] [Multiverse-Core] 3 - World(s) loaded.
2015-05-04 04:12:12 [INFOS] [Multiverse-Core] - Version 2.4-b527 (API v14) Enabled - By Rigby, fernferret, lithium3141 and main--
2015-05-04 04:12:12 [INFOS] [Multiverse-Core] Loading World & Settings - 'world' - Env: NORMAL - Type: FLAT & seed: 1096239761834155416
2015-05-04 04:12:12 [INFOS] [Multiverse-Core] Loading World & Settings - 'world_the_end' - Env: THE_END - Type: FLAT & seed: 1096239761834155416
2015-05-04 04:12:12 [INFOS] [Multiverse-Core] Loading World & Settings - 'plotworld' - Env: NORMAL - Type: NORMAL & seed: -5553753681538802658 & generator: PlotMe-DefaultGenerator
2015-05-04 04:12:13 [INFOS] [Multiverse-Core] 3 - World(s) loaded.
2015-05-04 11:33:34 [INFOS] [Multiverse-Core] Loading World & Settings - 'Architecte' - Env: NORMAL - Type: NORMAL
2015-05-04 11:33:34 [AVERTISSEMENT] [Multiverse-Core] Spawn location from world.dat file was unsafe. Adjusting...
2015-05-04 11:33:34 [AVERTISSEMENT] [Multiverse-Core] Original Location: X: 0 Y: 0 Z: 0 P: 0 Y: 0 
2015-05-04 11:33:34 [INFOS] [Multiverse-Core] New Spawn for 'Architecte' is Located at: Architecte:0,00,127,00,0,00:0,00:0,00
2015-05-04 12:36:56 [AVERTISSEMENT] [Multiverse-Core] Hmm Multiverse does not know about this world but it's loaded in memory.
2015-05-04 12:36:56 [AVERTISSEMENT] [Multiverse-Core] To unload it using multiverse, use:
2015-05-04 12:36:56 [AVERTISSEMENT] [Multiverse-Core] /mv import architecte NORMAL
2015-05-04 12:36:58 [AVERTISSEMENT] [Multiverse-Core] Hmm Multiverse does not know about this world but it's loaded in memory.
2015-05-04 12:36:58 [AVERTISSEMENT] [Multiverse-Core] To unload it using multiverse, use:
2015-05-04 12:36:58 [AVERTISSEMENT] [Multiverse-Core] /mv import architecte NORMAL
2015-05-04 12:37:27 [AVERTISSEMENT] [Multiverse-Core] Hmm Multiverse does not know about this world but it's loaded in memory.
2015-05-04 12:37:27 [AVERTISSEMENT] [Multiverse-Core] To unload it using multiverse, use:
2015-05-04 12:37:27 [AVERTISSEMENT] [Multiverse-Core] /mv import architecte NORMAL
2015-05-04 12:38:52 [INFOS] [Multiverse-Core] World 'Architecte' was unloaded from memory.
2015-05-04 12:38:52 [INFOS] [Multiverse-Core] World 'Architecte' was removed from config.yml
2015-05-04 12:38:53 [INFOS] [Multiverse-Core] World Architecte was DELETED.
2015-05-04 14:27:52 [INFOS] [Multiverse-Core] - Version 2.4-b527 (API v14) Enabled - By Rigby, fernferret, lithium3141 and main--
2015-05-04 14:27:52 [INFOS] [Multiverse-Core] Loading World & Settings - 'world' - Env: NORMAL - Type: FLAT & seed: 1096239761834155416
2015-05-04 14:27:52 [INFOS] [Multiverse-Core] Loading World & Settings - 'world_the_end' - Env: THE_END - Type: FLAT & seed: 1096239761834155416
2015-05-04 14:27:52 [INFOS] [Multiverse-Core] Loading World & Settings - 'plotworld' - Env: NORMAL - Type: NORMAL & seed: -5553753681538802658 & generator: PlotMe-DefaultGenerator
2015-05-04 14:27:54 [INFOS] [Multiverse-Core] 3 - World(s) loaded.
2015-05-05 12:44:27 [INFOS] [Multiverse-Core] - Version 2.4-b527 (API v14) Enabled - By Rigby, fernferret, lithium3141 and main--
2015-05-05 12:44:27 [INFOS] [Multiverse-Core] Loading World & Settings - 'world' - Env: NORMAL - Type: FLAT & seed: 1096239761834155416
2015-05-05 12:44:28 [INFOS] [Multiverse-Core] Loading World & Settings - 'world_the_end' - Env: THE_END - Type: FLAT & seed: 1096239761834155416
2015-05-05 12:44:28 [INFOS] [Multiverse-Core] Loading World & Settings - 'plotworld' - Env: NORMAL - Type: NORMAL & seed: -5553753681538802658 & generator: PlotMe-DefaultGenerator
2015-05-05 12:44:28 [INFOS] [Multiverse-Core] 3 - World(s) loaded.
2015-05-05 13:10:43 [INFOS] [Multiverse-Core] - Version 2.4-b527 (API v14) Enabled - By Rigby, fernferret, lithium3141 and main--
2015-05-05 13:10:44 [INFOS] [Multiverse-Core] Loading World & Settings - 'world' - Env: NORMAL - Type: FLAT & seed: 1096239761834155416
2015-05-05 13:10:44 [INFOS] [Multiverse-Core] Loading World & Settings - 'world_the_end' - Env: THE_END - Type: FLAT & seed: 1096239761834155416
2015-05-05 13:10:44 [INFOS] [Multiverse-Core] Loading World & Settings - 'plotworld' - Env: NORMAL - Type: NORMAL & seed: -5553753681538802658 & generator: PlotMe-DefaultGenerator
2015-05-05 13:10:44 [INFOS] [Multiverse-Core] 3 - World(s) loaded.
2015-05-06 03:20:39 [INFOS] [Multiverse-Core] - Version 2.4-b527 (API v14) Enabled - By Rigby, fernferret, lithium3141 and main--
2015-05-06 03:20:39 [INFOS] [Multiverse-Core] Loading World & Settings - 'world' - Env: NORMAL - Type: FLAT & seed: 1096239761834155416
2015-05-06 03:20:39 [INFOS] [Multiverse-Core] Loading World & Settings - 'world_the_end' - Env: THE_END - Type: FLAT & seed: 1096239761834155416
2015-05-06 03:20:39 [INFOS] [Multiverse-Core] Loading World & Settings - 'plotworld' - Env: NORMAL - Type: NORMAL & seed: -5553753681538802658 & generator: PlotMe-DefaultGenerator
2015-05-06 03:20:40 [INFOS] [Multiverse-Core] 3 - World(s) loaded.
2015-05-06 11:59:45 [AVERTISSEMENT] [Multiverse-Core] Portal 4 has an invalid DESTINATION!
2015-05-06 12:02:18 [AVERTISSEMENT] [Multiverse-Core] Portal 3 has an invalid DESTINATION!
2015-05-07 13:48:57 [INFOS] [Multiverse-Core] - Version 2.4-b527 (API v14) Enabled - By Rigby, fernferret, lithium3141 and main--
2015-05-07 13:48:57 [INFOS] [Multiverse-Core] Loading World & Settings - 'world' - Env: NORMAL - Type: FLAT & seed: 1096239761834155416
2015-05-07 13:48:57 [INFOS] [Multiverse-Core] Loading World & Settings - 'world_the_end' - Env: THE_END - Type: FLAT & seed: 1096239761834155416
2015-05-07 13:48:57 [INFOS] [Multiverse-Core] Loading World & Settings - 'plotworld' - Env: NORMAL - Type: NORMAL & seed: -5553753681538802658 & generator: PlotMe-DefaultGenerator
2015-05-07 13:48:58 [INFOS] [Multiverse-Core] 3 - World(s) loaded.
2015-05-07 16:29:58 [INFOS] [Multiverse-Core] - Version 2.4-b527 (API v14) Enabled - By Rigby, fernferret, lithium3141 and main--
2015-05-07 16:29:58 [INFOS] [Multiverse-Core] Loading World & Settings - 'world' - Env: NORMAL - Type: FLAT & seed: 1096239761834155416
2015-05-07 16:29:58 [INFOS] [Multiverse-Core] Loading World & Settings - 'world_the_end' - Env: THE_END - Type: FLAT & seed: 1096239761834155416
2015-05-07 16:29:59 [INFOS] [Multiverse-Core] Loading World & Settings - 'plotworld' - Env: NORMAL - Type: NORMAL & seed: -5553753681538802658 & generator: PlotMe-DefaultGenerator
2015-05-07 16:29:59 [INFOS] [Multiverse-Core] 3 - World(s) loaded.
2015-05-07 16:35:30 [INFOS] [Multiverse-Core] - Version 2.4-b527 (API v14) Enabled - By Rigby, fernferret, lithium3141 and main--
2015-05-07 16:35:30 [INFOS] [Multiverse-Core] Loading World & Settings - 'world' - Env: NORMAL - Type: FLAT & seed: 1096239761834155416
2015-05-07 16:35:30 [INFOS] [Multiverse-Core] Loading World & Settings - 'world_the_end' - Env: THE_END - Type: FLAT & seed: 1096239761834155416
2015-05-07 16:36:31 [INFOS] [Multiverse-Core] - Version 2.4-b527 (API v14) Enabled - By Rigby, fernferret, lithium3141 and main--
2015-05-07 16:36:31 [INFOS] [Multiverse-Core] Loading World & Settings - 'world' - Env: NORMAL - Type: FLAT & seed: 1096239761834155416
2015-05-07 16:36:31 [INFOS] [Multiverse-Core] Loading World & Settings - 'world_the_end' - Env: THE_END - Type: FLAT & seed: 1096239761834155416
2015-05-07 16:36:31 [INFOS] [Multiverse-Core] Loading World & Settings - 'plotworld' - Env: NORMAL - Type: NORMAL & seed: -5553753681538802658 & generator: PlotMe-DefaultGenerator
2015-05-07 16:38:13 [INFOS] [Multiverse-Core] - Version 2.4-b527 (API v14) Enabled - By Rigby, fernferret, lithium3141 and main--
2015-05-07 16:38:13 [INFOS] [Multiverse-Core] Loading World & Settings - 'world' - Env: NORMAL - Type: FLAT & seed: 1096239761834155416
2015-05-07 16:38:13 [INFOS] [Multiverse-Core] Loading World & Settings - 'world_the_end' - Env: THE_END - Type: FLAT & seed: 1096239761834155416
2015-05-07 16:38:14 [INFOS] [Multiverse-Core] Loading World & Settings - 'plotworld' - Env: NORMAL - Type: NORMAL & seed: -5553753681538802658 & generator: PlotMe-DefaultGenerator
2015-05-07 16:38:14 [INFOS] [Multiverse-Core] 3 - World(s) loaded.
2015-05-08 06:57:03 [INFOS] [Multiverse-Core] - Version 2.4-b527 (API v14) Enabled - By Rigby, fernferret, lithium3141 and main--
2015-05-08 06:57:04 [INFOS] [Multiverse-Core] Loading World & Settings - 'world' - Env: NORMAL - Type: FLAT & seed: 1096239761834155416
2015-05-08 06:57:04 [INFOS] [Multiverse-Core] Loading World & Settings - 'world_the_end' - Env: THE_END - Type: FLAT & seed: 1096239761834155416
2015-05-08 06:57:07 [INFOS] [Multiverse-Core] Loading World & Settings - 'plotworld' - Env: NORMAL - Type: NORMAL & seed: -5553753681538802658 & generator: PlotMe-DefaultGenerator
2015-05-08 06:57:11 [INFOS] [Multiverse-Core] 3 - World(s) loaded.
2015-05-08 18:12:55 [INFOS] [Multiverse-Core] - Version 2.4-b527 (API v14) Enabled - By Rigby, fernferret, lithium3141 and main--
2015-05-08 18:12:55 [INFOS] [Multiverse-Core] Loading World & Settings - 'world' - Env: NORMAL - Type: FLAT & seed: 1096239761834155416
2015-05-08 18:12:55 [INFOS] [Multiverse-Core] Loading World & Settings - 'world_the_end' - Env: THE_END - Type: FLAT & seed: 1096239761834155416
2015-05-08 18:12:56 [INFOS] [Multiverse-Core] Loading World & Settings - 'plotworld' - Env: NORMAL - Type: NORMAL & seed: -5553753681538802658 & generator: PlotMe-DefaultGenerator
2015-05-08 18:12:58 [INFOS] [Multiverse-Core] 3 - World(s) loaded.
2015-05-09 08:04:39 [INFOS] [Multiverse-Core] - Version 2.4-b527 (API v14) Enabled - By Rigby, fernferret, lithium3141 and main--
2015-05-09 08:04:39 [INFOS] [Multiverse-Core] Loading World & Settings - 'world' - Env: NORMAL - Type: FLAT & seed: 1096239761834155416
2015-05-09 08:04:39 [INFOS] [Multiverse-Core] Loading World & Settings - 'world_the_end' - Env: THE_END - Type: FLAT & seed: 1096239761834155416
2015-05-09 08:04:41 [INFOS] [Multiverse-Core] Loading World & Settings - 'plotworld' - Env: NORMAL - Type: NORMAL & seed: -5553753681538802658 & generator: PlotMe-DefaultGenerator
2015-05-09 08:04:45 [INFOS] [Multiverse-Core] 3 - World(s) loaded.
2015-05-09 10:28:58 [INFOS] [Multiverse-Core] - Version 2.4-b527 (API v14) Enabled - By Rigby, fernferret, lithium3141 and main--
2015-05-09 10:28:58 [INFOS] [Multiverse-Core] Loading World & Settings - 'world' - Env: NORMAL - Type: FLAT & seed: 1096239761834155416
2015-05-09 10:28:58 [INFOS] [Multiverse-Core] Loading World & Settings - 'world_the_end' - Env: THE_END - Type: FLAT & seed: 1096239761834155416
2015-05-09 10:28:58 [INFOS] [Multiverse-Core] Loading World & Settings - 'plotworld' - Env: NORMAL - Type: NORMAL & seed: -5553753681538802658 & generator: PlotMe-DefaultGenerator
2015-05-09 10:28:59 [INFOS] [Multiverse-Core] 3 - World(s) loaded.
2015-05-09 17:25:15 [INFOS] [Multiverse-Core] - Version 2.4-b527 (API v14) Enabled - By Rigby, fernferret, lithium3141 and main--
2015-05-09 17:25:15 [INFOS] [Multiverse-Core] Loading World & Settings - 'world' - Env: NORMAL - Type: FLAT & seed: 1096239761834155416
2015-05-09 17:25:15 [INFOS] [Multiverse-Core] Loading World & Settings - 'world_the_end' - Env: THE_END - Type: FLAT & seed: 1096239761834155416
2015-05-09 17:25:15 [INFOS] [Multiverse-Core] Loading World & Settings - 'plotworld' - Env: NORMAL - Type: NORMAL & seed: -5553753681538802658 & generator: PlotMe-DefaultGenerator
2015-05-09 17:25:16 [INFOS] [Multiverse-Core] 3 - World(s) loaded.
2015-05-10 09:55:55 [INFOS] [Multiverse-Core] - Version 2.4-b527 (API v14) Enabled - By Rigby, fernferret, lithium3141 and main--
2015-05-10 09:55:55 [INFOS] [Multiverse-Core] Loading World & Settings - 'world' - Env: NORMAL - Type: FLAT & seed: 1096239761834155416
2015-05-10 09:55:56 [INFOS] [Multiverse-Core] Loading World & Settings - 'world_the_end' - Env: THE_END - Type: FLAT & seed: 1096239761834155416
2015-05-10 09:55:56 [INFOS] [Multiverse-Core] Loading World & Settings - 'plotworld' - Env: NORMAL - Type: NORMAL & seed: -5553753681538802658 & generator: PlotMe-DefaultGenerator
2015-05-10 09:55:57 [INFOS] [Multiverse-Core] 3 - World(s) loaded.
2015-05-11 09:07:21 [INFOS] [Multiverse-Core] - Version 2.4-b527 (API v14) Enabled - By Rigby, fernferret, lithium3141 and main--
2015-05-11 09:07:21 [INFOS] [Multiverse-Core] Loading World & Settings - 'world' - Env: NORMAL - Type: FLAT & seed: 1096239761834155416
2015-05-11 09:07:21 [INFOS] [Multiverse-Core] Loading World & Settings - 'world_the_end' - Env: THE_END - Type: FLAT & seed: 1096239761834155416
2015-05-11 09:07:21 [INFOS] [Multiverse-Core] Loading World & Settings - 'plotworld' - Env: NORMAL - Type: NORMAL & seed: -5553753681538802658 & generator: PlotMe-DefaultGenerator
2015-05-11 09:07:22 [INFOS] [Multiverse-Core] 3 - World(s) loaded.
2015-05-11 12:31:55 [INFOS] [Multiverse-Core] - Version 2.4-b527 (API v14) Enabled - By Rigby, fernferret, lithium3141 and main--
2015-05-11 12:31:55 [INFOS] [Multiverse-Core] Loading World & Settings - 'world' - Env: NORMAL - Type: FLAT & seed: 1096239761834155416
2015-05-11 12:31:55 [INFOS] [Multiverse-Core] Loading World & Settings - 'world_the_end' - Env: THE_END - Type: FLAT & seed: 1096239761834155416
2015-05-11 12:31:55 [INFOS] [Multiverse-Core] Loading World & Settings - 'plotworld' - Env: NORMAL - Type: NORMAL & seed: -5553753681538802658 & generator: PlotMe-DefaultGenerator
2015-05-11 12:31:56 [INFOS] [Multiverse-Core] 3 - World(s) loaded.
2015-05-11 22:27:57 [INFOS] [Multiverse-Core] - Version 2.4-b527 (API v14) Enabled - By Rigby, fernferret, lithium3141 and main--
2015-05-11 22:27:58 [INFOS] [Multiverse-Core] Loading World & Settings - 'world' - Env: NORMAL - Type: FLAT & seed: 1096239761834155416
2015-05-11 22:27:58 [INFOS] [Multiverse-Core] Loading World & Settings - 'world_the_end' - Env: THE_END - Type: FLAT & seed: 1096239761834155416
2015-05-11 22:27:58 [INFOS] [Multiverse-Core] Loading World & Settings - 'plotworld' - Env: NORMAL - Type: NORMAL & seed: -5553753681538802658 & generator: PlotMe-DefaultGenerator
2015-05-11 22:27:59 [INFOS] [Multiverse-Core] 3 - World(s) loaded.
2015-05-12 21:35:55 [INFOS] [Multiverse-Core] - Version 2.4-b527 (API v14) Enabled - By Rigby, fernferret, lithium3141 and main--
2015-05-12 21:35:56 [INFOS] [Multiverse-Core] Loading World & Settings - 'world' - Env: NORMAL - Type: FLAT & seed: 1096239761834155416
2015-05-12 21:35:56 [INFOS] [Multiverse-Core] Loading World & Settings - 'world_the_end' - Env: THE_END - Type: FLAT & seed: 1096239761834155416
2015-05-12 21:35:56 [INFOS] [Multiverse-Core] Loading World & Settings - 'plotworld' - Env: NORMAL - Type: NORMAL & seed: -5553753681538802658 & generator: PlotMe-DefaultGenerator
2015-05-12 21:35:57 [INFOS] [Multiverse-Core] 3 - World(s) loaded.
2015-05-12 21:36:13 [INFOS] [Multiverse-Core] World 'plotworld' was unloaded from memory.
2015-05-12 21:36:14 [INFOS] [Multiverse-Core] Loading World & Settings - 'plotworld' - Env: NORMAL - Type: null & generator: PlotSquared
2015-05-12 21:38:49 [INFOS] [Multiverse-Core] - Version 2.4-b527 (API v14) Enabled - By Rigby, fernferret, lithium3141 and main--
2015-05-12 21:38:49 [INFOS] [Multiverse-Core] Loading World & Settings - 'world' - Env: NORMAL - Type: FLAT & seed: 1096239761834155416
2015-05-12 21:38:49 [INFOS] [Multiverse-Core] Loading World & Settings - 'world_the_end' - Env: THE_END - Type: FLAT & seed: 1096239761834155416
2015-05-12 21:38:50 [INFOS] [Multiverse-Core] Loading World & Settings - 'plotworld' - Env: NORMAL - Type: NORMAL & seed: -5553753681538802658 & generator: PlotSquared
2015-05-12 21:38:51 [INFOS] [Multiverse-Core] 3 - World(s) loaded.
2015-05-12 21:39:07 [INFOS] [Multiverse-Core] World 'plotworld' was unloaded from memory.
2015-05-12 21:39:08 [INFOS] [Multiverse-Core] Loading World & Settings - 'plotworld' - Env: NORMAL - Type: null & generator: PlotSquared
2015-05-12 21:44:55 [INFOS] [Multiverse-Core] - Version 2.4-b527 (API v14) Enabled - By Rigby, fernferret, lithium3141 and main--
2015-05-12 21:44:55 [INFOS] [Multiverse-Core] Loading World & Settings - 'world' - Env: NORMAL - Type: FLAT & seed: 1096239761834155416
2015-05-12 21:44:55 [INFOS] [Multiverse-Core] Loading World & Settings - 'world_the_end' - Env: THE_END - Type: FLAT & seed: 1096239761834155416
2015-05-12 21:44:56 [INFOS] [Multiverse-Core] Loading World & Settings - 'plotworld' - Env: NORMAL - Type: NORMAL & seed: -5553753681538802658 & generator: PlotSquared
2015-05-12 21:44:56 [INFOS] [Multiverse-Core] 3 - World(s) loaded.
2015-05-12 21:45:13 [INFOS] [Multiverse-Core] World 'plotworld' was unloaded from memory.
2015-05-12 21:45:14 [INFOS] [Multiverse-Core] Loading World & Settings - 'plotworld' - Env: NORMAL - Type: null & generator: PlotSquared
2015-05-12 21:51:52 [INFOS] [Multiverse-Core] - Version 2.4-b527 (API v14) Enabled - By Rigby, fernferret, lithium3141 and main--
2015-05-12 21:51:52 [INFOS] [Multiverse-Core] Loading World & Settings - 'world' - Env: NORMAL - Type: FLAT & seed: 1096239761834155416
2015-05-12 21:51:52 [INFOS] [Multiverse-Core] Loading World & Settings - 'world_the_end' - Env: THE_END - Type: FLAT & seed: 1096239761834155416
2015-05-12 21:51:52 [INFOS] [Multiverse-Core] Loading World & Settings - 'plotworld' - Env: NORMAL - Type: NORMAL & seed: -5553753681538802658 & generator: PlotSquared
2015-05-12 21:51:53 [INFOS] [Multiverse-Core] 3 - World(s) loaded.
2015-05-14 01:14:02 [INFOS] [Multiverse-Core] - Version 2.4-b527 (API v14) Enabled - By Rigby, fernferret, lithium3141 and main--
2015-05-14 01:14:02 [INFOS] [Multiverse-Core] Loading World & Settings - 'world' - Env: NORMAL - Type: FLAT & seed: 1096239761834155416
2015-05-14 01:14:02 [INFOS] [Multiverse-Core] Loading World & Settings - 'world_the_end' - Env: THE_END - Type: FLAT & seed: 1096239761834155416
2015-05-14 01:14:02 [INFOS] [Multiverse-Core] Loading World & Settings - 'plotworld' - Env: NORMAL - Type: NORMAL & seed: -5553753681538802658 & generator: PlotSquared
2015-05-14 01:14:03 [INFOS] [Multiverse-Core] 3 - World(s) loaded.
2015-05-14 02:02:29 [INFOS] [Multiverse-Core] - Version 2.4-b527 (API v14) Enabled - By Rigby, fernferret, lithium3141 and main--
2015-05-14 02:02:29 [INFOS] [Multiverse-Core] Loading World & Settings - 'world' - Env: NORMAL - Type: FLAT & seed: 1096239761834155416
2015-05-14 02:02:29 [INFOS] [Multiverse-Core] Loading World & Settings - 'world_the_end' - Env: THE_END - Type: FLAT & seed: 1096239761834155416
2015-05-14 02:02:29 [INFOS] [Multiverse-Core] Loading World & Settings - 'plotworld' - Env: NORMAL - Type: NORMAL & seed: -5553753681538802658 & generator: PlotSquared
2015-05-14 02:02:30 [INFOS] [Multiverse-Core] 3 - World(s) loaded.
2015-05-14 16:45:04 [INFOS] [Multiverse-Core] - Version 2.4-b527 (API v14) Enabled - By Rigby, fernferret, lithium3141 and main--
2015-05-14 16:45:04 [INFOS] [Multiverse-Core] Loading World & Settings - 'world' - Env: NORMAL - Type: FLAT & seed: 1096239761834155416
2015-05-14 16:45:04 [INFOS] [Multiverse-Core] Loading World & Settings - 'world_the_end' - Env: THE_END - Type: FLAT & seed: 1096239761834155416
2015-05-14 16:45:04 [INFOS] [Multiverse-Core] Loading World & Settings - 'plotworld' - Env: NORMAL - Type: NORMAL & seed: -5553753681538802658 & generator: PlotSquared
2015-05-14 16:48:42 [INFOS] [Multiverse-Core] - Version 2.4-b527 (API v14) Enabled - By Rigby, fernferret, lithium3141 and main--
2015-05-14 16:48:42 [INFOS] [Multiverse-Core] Loading World & Settings - 'world' - Env: NORMAL - Type: FLAT & seed: 1096239761834155416
2015-05-14 16:48:42 [INFOS] [Multiverse-Core] Loading World & Settings - 'world_the_end' - Env: THE_END - Type: FLAT & seed: 1096239761834155416
2015-05-14 16:48:42 [INFOS] [Multiverse-Core] Loading World & Settings - 'plotworld' - Env: NORMAL - Type: NORMAL & seed: -5553753681538802658 & generator: PlotSquared
2015-05-14 16:48:43 [INFOS] [Multiverse-Core] 3 - World(s) loaded.
2015-05-14 16:51:37 [INFOS] [Multiverse-Core] - Version 2.4-b527 (API v14) Enabled - By Rigby, fernferret, lithium3141 and main--
2015-05-14 16:51:37 [INFOS] [Multiverse-Core] Loading World & Settings - 'world' - Env: NORMAL - Type: FLAT & seed: 1096239761834155416
2015-05-14 16:51:37 [INFOS] [Multiverse-Core] Loading World & Settings - 'world_the_end' - Env: THE_END - Type: FLAT & seed: 1096239761834155416
2015-05-14 16:51:37 [INFOS] [Multiverse-Core] Loading World & Settings - 'plotworld' - Env: NORMAL - Type: NORMAL & seed: -5553753681538802658 & generator: PlotSquared
2015-05-14 16:51:38 [INFOS] [Multiverse-Core] 3 - World(s) loaded.
2015-05-14 23:56:54 [INFOS] [Multiverse-Core] - Version 2.4-b527 (API v14) Enabled - By Rigby, fernferret, lithium3141 and main--
2015-05-14 23:56:54 [INFOS] [Multiverse-Core] Loading World & Settings - 'world' - Env: NORMAL - Type: FLAT & seed: 1096239761834155416
2015-05-14 23:56:54 [INFOS] [Multiverse-Core] Loading World & Settings - 'world_the_end' - Env: THE_END - Type: FLAT & seed: 1096239761834155416
2015-05-14 23:56:54 [INFOS] [Multiverse-Core] Loading World & Settings - 'plotworld' - Env: NORMAL - Type: NORMAL & seed: -5553753681538802658 & generator: PlotSquared
2015-05-14 23:56:55 [INFOS] [Multiverse-Core] 3 - World(s) loaded.
2015-05-16 15:52:04 [INFOS] [Multiverse-Core] - Version 2.4-b527 (API v14) Enabled - By Rigby, fernferret, lithium3141 and main--
2015-05-16 15:52:05 [INFOS] [Multiverse-Core] Loading World & Settings - 'world' - Env: NORMAL - Type: FLAT & seed: 1096239761834155416
2015-05-16 15:52:05 [INFOS] [Multiverse-Core] Loading World & Settings - 'world_the_end' - Env: THE_END - Type: FLAT & seed: 1096239761834155416
2015-05-16 15:52:05 [INFOS] [Multiverse-Core] Loading World & Settings - 'plotworld' - Env: NORMAL - Type: NORMAL & seed: -5553753681538802658 & generator: PlotSquared
2015-05-16 15:52:06 [INFOS] [Multiverse-Core] 3 - World(s) loaded.
2015-05-16 23:28:02 [INFOS] [Multiverse-Core] - Version 2.4-b527 (API v14) Enabled - By Rigby, fernferret, lithium3141 and main--
2015-05-16 23:28:02 [INFOS] [Multiverse-Core] Loading World & Settings - 'world' - Env: NORMAL - Type: FLAT & seed: 1096239761834155416
2015-05-16 23:28:02 [INFOS] [Multiverse-Core] Loading World & Settings - 'world_the_end' - Env: THE_END - Type: FLAT & seed: 1096239761834155416
2015-05-16 23:28:02 [INFOS] [Multiverse-Core] Loading World & Settings - 'plotworld' - Env: NORMAL - Type: NORMAL & seed: -5553753681538802658 & generator: PlotSquared
2015-05-16 23:28:03 [INFOS] [Multiverse-Core] 3 - World(s) loaded.
2015-05-17 14:35:11 [INFOS] [Multiverse-Core] - Version 2.4-b527 (API v14) Enabled - By Rigby, fernferret, lithium3141 and main--
2015-05-17 14:35:11 [INFOS] [Multiverse-Core] Loading World & Settings - 'world' - Env: NORMAL - Type: FLAT & seed: 1096239761834155416
2015-05-17 14:35:12 [INFOS] [Multiverse-Core] Loading World & Settings - 'world_the_end' - Env: THE_END - Type: FLAT & seed: 1096239761834155416
2015-05-17 14:35:12 [INFOS] [Multiverse-Core] Loading World & Settings - 'plotworld' - Env: NORMAL - Type: NORMAL & seed: -5553753681538802658 & generator: PlotSquared
2015-05-17 14:35:13 [INFOS] [Multiverse-Core] 3 - World(s) loaded.
2015-05-17 22:22:30 [INFOS] [Multiverse-Core] - Version 2.4-b527 (API v14) Enabled - By Rigby, fernferret, lithium3141 and main--
2015-05-17 22:22:31 [INFOS] [Multiverse-Core] Loading World & Settings - 'world' - Env: NORMAL - Type: FLAT & seed: 1096239761834155416
2015-05-17 22:22:31 [INFOS] [Multiverse-Core] Loading World & Settings - 'world_the_end' - Env: THE_END - Type: FLAT & seed: 1096239761834155416
2015-05-17 22:22:31 [INFOS] [Multiverse-Core] Loading World & Settings - 'plotworld' - Env: NORMAL - Type: NORMAL & seed: -5553753681538802658 & generator: PlotSquared
2015-05-17 22:22:32 [INFOS] [Multiverse-Core] 3 - World(s) loaded.
2015-05-24 14:07:17 [INFO] [Multiverse-Core] - Version 2.4-b527 (API v14) Enabled - By Rigby, fernferret, lithium3141 and main--
2015-05-24 14:07:17 [INFO] [Multiverse-Core] Loading World & Settings - 'world' - Env: NORMAL - Type: FLAT & seed: 1096239761834155416
2015-05-24 14:07:17 [INFO] [Multiverse-Core] Loading World & Settings - 'world_the_end' - Env: THE_END - Type: FLAT & seed: 1096239761834155416
2015-05-24 14:07:18 [INFO] [Multiverse-Core] Loading World & Settings - 'plotworld' - Env: NORMAL - Type: NORMAL & seed: -5553753681538802658 & generator: PlotSquared
2015-05-24 14:07:19 [INFO] [Multiverse-Core] 3 - World(s) loaded.
2015-05-24 14:19:55 [INFOS] [Multiverse-Core] - Version 2.4-b527 (API v14) Enabled - By Rigby, fernferret, lithium3141 and main--
2015-05-24 14:19:55 [INFOS] [Multiverse-Core] Loading World & Settings - 'world' - Env: NORMAL - Type: FLAT & seed: 1096239761834155416
2015-05-24 14:19:56 [INFOS] [Multiverse-Core] Loading World & Settings - 'world_the_end' - Env: THE_END - Type: FLAT & seed: 1096239761834155416
2015-05-24 14:19:56 [INFOS] [Multiverse-Core] Loading World & Settings - 'plotworld' - Env: NORMAL - Type: NORMAL & seed: -5553753681538802658 & generator: PlotSquared
2015-05-24 14:19:57 [INFOS] [Multiverse-Core] 3 - World(s) loaded.
2015-05-24 14:28:05 [INFOS] [Multiverse-Core] - Version 2.4-b527 (API v14) Enabled - By Rigby, fernferret, lithium3141 and main--
2015-05-24 14:28:05 [INFOS] [Multiverse-Core] Loading World & Settings - 'world' - Env: NORMAL - Type: FLAT & seed: 1096239761834155416
2015-05-24 14:28:05 [INFOS] [Multiverse-Core] Loading World & Settings - 'world_the_end' - Env: THE_END - Type: FLAT & seed: 1096239761834155416
2015-05-24 14:28:06 [INFOS] [Multiverse-Core] Loading World & Settings - 'plotworld' - Env: NORMAL - Type: NORMAL & seed: -5553753681538802658 & generator: PlotSquared
2015-05-24 14:28:07 [INFOS] [Multiverse-Core] 3 - World(s) loaded.
2015-05-24 15:22:13 [INFOS] [Multiverse-Core] - Version 2.4-b527 (API v14) Enabled - By Rigby, fernferret, lithium3141 and main--
2015-05-24 15:22:14 [INFOS] [Multiverse-Core] Loading World & Settings - 'world' - Env: NORMAL - Type: FLAT & seed: 1096239761834155416
2015-05-24 15:22:14 [INFOS] [Multiverse-Core] Loading World & Settings - 'world_the_end' - Env: THE_END - Type: FLAT & seed: 1096239761834155416
2015-05-24 15:22:14 [INFOS] [Multiverse-Core] Loading World & Settings - 'plotworld' - Env: NORMAL - Type: NORMAL & seed: -5553753681538802658 & generator: PlotSquared
2015-05-24 15:22:15 [INFOS] [Multiverse-Core] 3 - World(s) loaded.
2015-05-24 15:29:20 [INFOS] [Multiverse-Core] - Version 2.4-b527 (API v14) Enabled - By Rigby, fernferret, lithium3141 and main--
2015-05-24 15:29:21 [INFOS] [Multiverse-Core] Loading World & Settings - 'world' - Env: NORMAL - Type: FLAT & seed: 1096239761834155416
2015-05-24 15:29:21 [INFOS] [Multiverse-Core] Loading World & Settings - 'world_the_end' - Env: THE_END - Type: FLAT & seed: 1096239761834155416
2015-05-24 15:29:21 [INFOS] [Multiverse-Core] Loading World & Settings - 'plotworld' - Env: NORMAL - Type: NORMAL & seed: -5553753681538802658 & generator: PlotSquared
2015-05-24 15:29:22 [INFOS] [Multiverse-Core] 3 - World(s) loaded.
2015-05-24 15:47:03 [INFOS] [Multiverse-Core] - Version 2.4-b527 (API v14) Enabled - By Rigby, fernferret, lithium3141 and main--
2015-05-24 15:47:03 [INFOS] [Multiverse-Core] Loading World & Settings - 'world' - Env: NORMAL - Type: FLAT & seed: 1096239761834155416
2015-05-24 15:47:03 [INFOS] [Multiverse-Core] Loading World & Settings - 'world_the_end' - Env: THE_END - Type: FLAT & seed: 1096239761834155416
2015-05-24 15:47:03 [INFOS] [Multiverse-Core] Loading World & Settings - 'plotworld' - Env: NORMAL - Type: NORMAL & seed: -5553753681538802658 & generator: PlotSquared
2015-05-24 15:47:04 [INFOS] [Multiverse-Core] 3 - World(s) loaded.
2015-05-24 15:48:10 [INFOS] [Multiverse-Core] - Version 2.4-b527 (API v14) Enabled - By Rigby, fernferret, lithium3141 and main--
2015-05-24 15:48:10 [INFOS] [Multiverse-Core] Loading World & Settings - 'world' - Env: NORMAL - Type: FLAT & seed: 1096239761834155416
2015-05-24 15:48:10 [INFOS] [Multiverse-Core] Loading World & Settings - 'world_the_end' - Env: THE_END - Type: FLAT & seed: 1096239761834155416
2015-05-24 15:48:11 [INFOS] [Multiverse-Core] Loading World & Settings - 'plotworld' - Env: NORMAL - Type: NORMAL & seed: -5553753681538802658 & generator: PlotSquared
2015-05-24 15:48:12 [INFOS] [Multiverse-Core] 3 - World(s) loaded.
2015-05-24 15:49:32 [INFOS] [Multiverse-Core] - Version 2.4-b527 (API v14) Enabled - By Rigby, fernferret, lithium3141 and main--
2015-05-24 15:49:32 [INFOS] [Multiverse-Core] Loading World & Settings - 'world' - Env: NORMAL - Type: FLAT & seed: 1096239761834155416
2015-05-24 15:49:32 [INFOS] [Multiverse-Core] Loading World & Settings - 'world_the_end' - Env: THE_END - Type: FLAT & seed: 1096239761834155416
2015-05-24 15:49:32 [INFOS] [Multiverse-Core] Loading World & Settings - 'plotworld' - Env: NORMAL - Type: NORMAL & seed: -5553753681538802658 & generator: PlotSquared
2015-05-24 15:49:33 [INFOS] [Multiverse-Core] 3 - World(s) loaded.
2015-05-24 15:51:23 [INFOS] [Multiverse-Core] - Version 2.4-b527 (API v14) Enabled - By Rigby, fernferret, lithium3141 and main--
2015-05-24 15:51:23 [INFOS] [Multiverse-Core] Loading World & Settings - 'world' - Env: NORMAL - Type: FLAT & seed: 1096239761834155416
2015-05-24 15:51:23 [INFOS] [Multiverse-Core] Loading World & Settings - 'world_the_end' - Env: THE_END - Type: FLAT & seed: 1096239761834155416
2015-05-24 15:51:23 [INFOS] [Multiverse-Core] Loading World & Settings - 'plotworld' - Env: NORMAL - Type: NORMAL & seed: -5553753681538802658 & generator: PlotSquared
2015-05-24 15:51:24 [INFOS] [Multiverse-Core] 3 - World(s) loaded.
2015-05-24 15:53:49 [INFOS] [Multiverse-Core] - Version 2.4-b527 (API v14) Enabled - By Rigby, fernferret, lithium3141 and main--
2015-05-24 15:53:49 [INFOS] [Multiverse-Core] Loading World & Settings - 'world' - Env: NORMAL - Type: FLAT & seed: 1096239761834155416
2015-05-24 15:53:49 [INFOS] [Multiverse-Core] Loading World & Settings - 'world_the_end' - Env: THE_END - Type: FLAT & seed: 1096239761834155416
2015-05-24 15:53:49 [INFOS] [Multiverse-Core] Loading World & Settings - 'plotworld' - Env: NORMAL - Type: NORMAL & seed: -5553753681538802658 & generator: PlotSquared
2015-05-24 15:53:50 [INFOS] [Multiverse-Core] 3 - World(s) loaded.
2015-05-26 15:09:30 [INFOS] [Multiverse-Core] - Version 2.4-b527 (API v14) Enabled - By Rigby, fernferret, lithium3141 and main--
2015-05-26 15:09:30 [INFOS] [Multiverse-Core] Loading World & Settings - 'world' - Env: NORMAL - Type: FLAT & seed: 1096239761834155416
2015-05-26 15:09:31 [INFOS] [Multiverse-Core] Loading World & Settings - 'world_the_end' - Env: THE_END - Type: FLAT & seed: 1096239761834155416
2015-05-26 15:09:31 [INFOS] [Multiverse-Core] Loading World & Settings - 'plotworld' - Env: NORMAL - Type: NORMAL & seed: -5553753681538802658 & generator: PlotSquared
2015-05-26 15:09:32 [INFOS] [Multiverse-Core] 3 - World(s) loaded.
2015-05-30 18:44:26 [INFOS] [Multiverse-Core] - Version 2.4-b527 (API v14) Enabled - By Rigby, fernferret, lithium3141 and main--
2015-05-30 18:44:26 [INFOS] [Multiverse-Core] Loading World & Settings - 'world' - Env: NORMAL - Type: FLAT & seed: 1096239761834155416
2015-05-30 18:44:27 [INFOS] [Multiverse-Core] Loading World & Settings - 'world_the_end' - Env: THE_END - Type: FLAT & seed: 1096239761834155416
2015-05-30 18:44:29 [INFOS] [Multiverse-Core] Loading World & Settings - 'plotworld' - Env: NORMAL - Type: NORMAL & seed: -5553753681538802658 & generator: PlotSquared
2015-05-30 18:44:31 [INFOS] [Multiverse-Core] 3 - World(s) loaded.
2015-06-07 00:23:19 [INFOS] [Multiverse-Core] - Version 2.4-b527 (API v14) Enabled - By Rigby, fernferret, lithium3141 and main--
2015-06-07 00:23:19 [INFOS] [Multiverse-Core] Loading World & Settings - 'world' - Env: NORMAL - Type: FLAT & seed: 1096239761834155416
2015-06-07 00:23:19 [INFOS] [Multiverse-Core] Loading World & Settings - 'world_the_end' - Env: THE_END - Type: FLAT & seed: 1096239761834155416
2015-06-07 00:23:20 [INFOS] [Multiverse-Core] Loading World & Settings - 'plotworld' - Env: NORMAL - Type: NORMAL & seed: -5553753681538802658 & generator: PlotSquared
2015-06-07 00:23:22 [INFOS] [Multiverse-Core] 3 - World(s) loaded.
2015-06-09 20:02:37 [INFOS] [Multiverse-Core] - Version 2.4-b527 (API v14) Enabled - By Rigby, fernferret, lithium3141 and main--
2015-06-09 20:02:37 [INFOS] [Multiverse-Core] Loading World & Settings - 'world' - Env: NORMAL - Type: FLAT & seed: 1096239761834155416
2015-06-09 20:02:38 [INFOS] [Multiverse-Core] Loading World & Settings - 'world_the_end' - Env: THE_END - Type: FLAT & seed: 1096239761834155416
2015-06-09 20:03:23 [INFOS] [Multiverse-Core] Loading World & Settings - 'plotworld' - Env: NORMAL - Type: NORMAL & seed: -5553753681538802658 & generator: PlotSquared
2015-06-09 20:03:57 [INFOS] [Multiverse-Core] 3 - World(s) loaded.
