Bodyash is enabled!
[05/03 07:11:45] [DEV]		Auto-Saving files...
[05/03 07:11:45] [DEV]		Finished auto-save.
[05/03 07:17:35] [INFO]		Disabling MineConomy...
[05/03 07:17:51] [DEV]		Enabling plugin...
[05/03 07:17:51] [DEV]		Loading Config file...
[05/03 07:17:51] [DEV]		Config file loaded!
[05/03 07:17:51] [DEV]		YML is enabled for Accounts.
[05/03 07:17:51] [INFO]		Loading Accounts file...
[05/03 07:17:51] [INFO]		Accounts file loaded!
[05/03 07:17:51] [DEV]		Loading Banks file...
[05/03 07:17:51] [DEV]		Banks file loaded!
[05/03 07:17:51] [DEV]		Loading Currency file...
[05/03 07:17:51] [DEV]		Currency file loaded!
[05/03 07:17:51] [DEV]		Loading Language file...
[05/03 07:17:51] [DEV]		Language file loaded!
[05/03 07:17:51] [INFO]		Interest Disabled.
[05/03 07:17:51] [INFO]		Tax Disabled.
[05/03 07:17:51] [INFO]		GUI Disabled.
[05/03 07:17:51] [DEV]		Checking for updates...
[05/03 07:17:51] [IMPORTANT]	Version 1.7.3 by Bodyash is enabled!
[05/03 07:18:01] [DEV]		Auto-Saving files...
[05/03 07:18:01] [DEV]		Finished auto-save.
[05/03 08:18:40] [DEV]		Auto-Saving files...
[05/03 08:18:41] [DEV]		Finished auto-save.
[05/03 09:19:29] [DEV]		Auto-Saving files...
[05/03 09:19:29] [DEV]		Finished auto-save.
[05/03 10:20:17] [DEV]		Auto-Saving files...
[05/03 10:20:18] [DEV]		Finished auto-save.
[05/03 11:21:08] [DEV]		Auto-Saving files...
[05/03 11:21:10] [DEV]		Finished auto-save.
[05/03 11:35:09] [INFO]		Disabling MineConomy...
[05/03 11:35:40] [DEV]		Enabling plugin...
[05/03 11:35:40] [DEV]		Loading Config file...
[05/03 11:35:40] [DEV]		Config file loaded!
[05/03 11:35:40] [DEV]		YML is enabled for Accounts.
[05/03 11:35:40] [INFO]		Loading Accounts file...
[05/03 11:35:40] [INFO]		Accounts file loaded!
[05/03 11:35:40] [DEV]		Loading Banks file...
[05/03 11:35:40] [DEV]		Banks file loaded!
[05/03 11:35:40] [DEV]		Loading Currency file...
[05/03 11:35:40] [DEV]		Currency file loaded!
[05/03 11:35:40] [DEV]		Loading Language file...
[05/03 11:35:40] [DEV]		Language file loaded!
[05/03 11:35:40] [INFO]		Interest Disabled.
[05/03 11:35:40] [INFO]		Tax Disabled.
[05/03 11:35:40] [INFO]		GUI Disabled.
[05/03 11:35:40] [DEV]		Checking for updates...
[05/03 11:35:40] [IMPORTANT]	Version 1.7.3 by Bodyash is enabled!
[05/03 11:36:06] [DEV]		Auto-Saving files...
[05/03 11:36:07] [DEV]		Finished auto-save.
[05/03 12:37:23] [DEV]		Auto-Saving files...
[05/03 12:37:24] [DEV]		Finished auto-save.
[05/03 13:39:05] [DEV]		Auto-Saving files...
[05/03 13:39:05] [DEV]		Finished auto-save.
[05/03 14:40:19] [DEV]		Auto-Saving files...
[05/03 14:40:19] [DEV]		Finished auto-save.
[05/03 15:41:03] [DEV]		Auto-Saving files...
[05/03 15:41:03] [DEV]		Finished auto-save.
[05/03 15:47:48] [INFO]		Disabling MineConomy...
[05/03 15:48:05] [DEV]		Enabling plugin...
[05/03 15:48:05] [DEV]		Loading Config file...
[05/03 15:48:05] [DEV]		Config file loaded!
[05/03 15:48:05] [DEV]		YML is enabled for Accounts.
[05/03 15:48:05] [INFO]		Loading Accounts file...
[05/03 15:48:05] [INFO]		Accounts file loaded!
[05/03 15:48:05] [DEV]		Loading Banks file...
[05/03 15:48:05] [DEV]		Banks file loaded!
[05/03 15:48:05] [DEV]		Loading Currency file...
[05/03 15:48:05] [DEV]		Currency file loaded!
[05/03 15:48:05] [DEV]		Loading Language file...
[05/03 15:48:05] [DEV]		Language file loaded!
[05/03 15:48:05] [INFO]		Interest Disabled.
[05/03 15:48:05] [INFO]		Tax Disabled.
[05/03 15:48:05] [INFO]		GUI Disabled.
[05/03 15:48:05] [DEV]		Checking for updates...
[05/03 15:48:05] [IMPORTANT]	Version 1.7.3 by Bodyash is enabled!
[05/03 15:48:15] [DEV]		Auto-Saving files...
[05/03 15:48:15] [DEV]		Finished auto-save.
[05/03 16:00:16] [INFO]		Disabling MineConomy...
[05/03 16:01:17] [DEV]		Enabling plugin...
[05/03 16:01:17] [DEV]		Loading Config file...
[05/03 16:01:17] [DEV]		Config file loaded!
[05/03 16:01:17] [DEV]		YML is enabled for Accounts.
[05/03 16:01:17] [INFO]		Loading Accounts file...
[05/03 16:01:17] [INFO]		Accounts file loaded!
[05/03 16:01:17] [DEV]		Loading Banks file...
[05/03 16:01:17] [DEV]		Banks file loaded!
[05/03 16:01:17] [DEV]		Loading Currency file...
[05/03 16:01:17] [DEV]		Currency file loaded!
[05/03 16:01:17] [DEV]		Loading Language file...
[05/03 16:01:17] [DEV]		Language file loaded!
[05/03 16:01:17] [INFO]		Interest Disabled.
[05/03 16:01:17] [INFO]		Tax Disabled.
[05/03 16:01:17] [INFO]		GUI Disabled.
[05/03 16:01:17] [DEV]		Checking for updates...
[05/03 16:01:17] [IMPORTANT]	Version 1.7.3 by Bodyash is enabled!
[05/03 16:01:28] [DEV]		Auto-Saving files...
[05/03 16:01:28] [DEV]		Finished auto-save.
[05/03 17:02:57] [DEV]		Auto-Saving files...
[05/03 17:02:57] [DEV]		Finished auto-save.
[05/03 18:09:54] [DEV]		Auto-Saving files...
[05/03 18:09:54] [DEV]		Finished auto-save.
[05/03 19:17:20] [DEV]		Auto-Saving files...
[05/03 19:17:20] [DEV]		Finished auto-save.
[05/03 20:25:56] [DEV]		Auto-Saving files...
[05/03 20:25:56] [DEV]		Finished auto-save.
[05/03 21:35:03] [DEV]		Auto-Saving files...
[05/03 21:35:03] [DEV]		Finished auto-save.
[05/03 22:43:40] [DEV]		Auto-Saving files...
[05/03 22:43:41] [DEV]		Finished auto-save.
[05/03 23:52:59] [DEV]		Auto-Saving files...
[05/03 23:52:59] [DEV]		Finished auto-save.
[05/04 01:04:44] [DEV]		Auto-Saving files...
[05/04 01:04:45] [DEV]		Finished auto-save.
[05/04 02:15:30] [DEV]		Auto-Saving files...
[05/04 02:15:30] [DEV]		Finished auto-save.
[05/04 03:25:50] [DEV]		Auto-Saving files...
[05/04 03:25:50] [DEV]		Finished auto-save.
[05/04 04:11:51] [INFO]		Disabling MineConomy...
[05/04 04:12:08] [DEV]		Enabling plugin...
[05/04 04:12:08] [DEV]		Loading Config file...
[05/04 04:12:08] [DEV]		Config file loaded!
[05/04 04:12:08] [DEV]		YML is enabled for Accounts.
[05/04 04:12:08] [INFO]		Loading Accounts file...
[05/04 04:12:08] [INFO]		Accounts file loaded!
[05/04 04:12:08] [DEV]		Loading Banks file...
[05/04 04:12:08] [DEV]		Banks file loaded!
[05/04 04:12:08] [DEV]		Loading Currency file...
[05/04 04:12:08] [DEV]		Currency file loaded!
[05/04 04:12:08] [DEV]		Loading Language file...
[05/04 04:12:08] [DEV]		Language file loaded!
[05/04 04:12:08] [INFO]		Interest Disabled.
[05/04 04:12:08] [INFO]		Tax Disabled.
[05/04 04:12:08] [INFO]		GUI Disabled.
[05/04 04:12:08] [DEV]		Checking for updates...
[05/04 04:12:08] [IMPORTANT]	Version 1.7.3 by Bodyash is enabled!
[05/04 04:12:18] [DEV]		Auto-Saving files...
[05/04 04:12:18] [DEV]		Finished auto-save.
[05/04 05:12:18] [DEV]		Auto-Saving files...
[05/04 05:12:18] [DEV]		Finished auto-save.
[05/04 06:12:23] [DEV]		Auto-Saving files...
[05/04 06:12:23] [DEV]		Finished auto-save.
[05/04 07:13:41] [DEV]		Auto-Saving files...
[05/04 07:13:42] [DEV]		Finished auto-save.
[05/04 08:14:32] [DEV]		Auto-Saving files...
[05/04 08:14:32] [DEV]		Finished auto-save.
[05/04 09:14:37] [DEV]		Auto-Saving files...
[05/04 09:14:37] [DEV]		Finished auto-save.
[05/04 10:14:38] [DEV]		Auto-Saving files...
[05/04 10:14:38] [DEV]		Finished auto-save.
[05/04 11:14:42] [DEV]		Auto-Saving files...
[05/04 11:14:42] [DEV]		Finished auto-save.
[05/04 12:15:53] [DEV]		Auto-Saving files...
[05/04 12:15:53] [DEV]		Finished auto-save.
[05/04 13:17:09] [DEV]		Auto-Saving files...
[05/04 13:17:09] [DEV]		Finished auto-save.
[05/04 14:19:48] [DEV]		Auto-Saving files...
[05/04 14:19:48] [DEV]		Finished auto-save.
[05/04 14:26:19] [INFO]		Disabling MineConomy...
[05/04 14:27:47] [DEV]		Enabling plugin...
[05/04 14:27:47] [DEV]		Loading Config file...
[05/04 14:27:47] [DEV]		Config file loaded!
[05/04 14:27:47] [DEV]		YML is enabled for Accounts.
[05/04 14:27:47] [INFO]		Loading Accounts file...
[05/04 14:27:47] [INFO]		Accounts file loaded!
[05/04 14:27:47] [DEV]		Loading Banks file...
[05/04 14:27:47] [DEV]		Banks file loaded!
[05/04 14:27:47] [DEV]		Loading Currency file...
[05/04 14:27:47] [DEV]		Currency file loaded!
[05/04 14:27:47] [DEV]		Loading Language file...
[05/04 14:27:47] [DEV]		Language file loaded!
[05/04 14:27:47] [INFO]		Interest Disabled.
[05/04 14:27:47] [INFO]		Tax Disabled.
[05/04 14:27:47] [INFO]		GUI Disabled.
[05/04 14:27:47] [DEV]		Checking for updates...
[05/04 14:27:47] [IMPORTANT]	Version 1.7.3 by Bodyash is enabled!
[05/04 14:28:00] [DEV]		Auto-Saving files...
[05/04 14:28:00] [DEV]		Finished auto-save.
[05/04 15:28:04] [DEV]		Auto-Saving files...
[05/04 15:28:04] [DEV]		Finished auto-save.
[05/04 16:28:13] [DEV]		Auto-Saving files...
[05/04 16:28:13] [DEV]		Finished auto-save.
[05/04 17:28:22] [DEV]		Auto-Saving files...
[05/04 17:28:22] [DEV]		Finished auto-save.
[05/04 18:28:34] [DEV]		Auto-Saving files...
[05/04 18:28:34] [DEV]		Finished auto-save.
[05/04 19:28:36] [DEV]		Auto-Saving files...
[05/04 19:28:36] [DEV]		Finished auto-save.
[05/04 20:28:37] [DEV]		Auto-Saving files...
[05/04 20:28:37] [DEV]		Finished auto-save.
[05/04 21:28:38] [DEV]		Auto-Saving files...
[05/04 21:28:38] [DEV]		Finished auto-save.
[05/04 22:28:38] [DEV]		Auto-Saving files...
[05/04 22:28:38] [DEV]		Finished auto-save.
[05/04 23:28:39] [DEV]		Auto-Saving files...
[05/04 23:28:39] [DEV]		Finished auto-save.
[05/05 00:28:39] [DEV]		Auto-Saving files...
[05/05 00:28:39] [DEV]		Finished auto-save.
[05/05 01:28:40] [DEV]		Auto-Saving files...
[05/05 01:28:40] [DEV]		Finished auto-save.
[05/05 02:28:41] [DEV]		Auto-Saving files...
[05/05 02:28:41] [DEV]		Finished auto-save.
[05/05 03:28:41] [DEV]		Auto-Saving files...
[05/05 03:28:41] [DEV]		Finished auto-save.
[05/05 04:28:42] [DEV]		Auto-Saving files...
[05/05 04:28:42] [DEV]		Finished auto-save.
[05/05 05:28:42] [DEV]		Auto-Saving files...
[05/05 05:28:42] [DEV]		Finished auto-save.
[05/05 06:28:44] [DEV]		Auto-Saving files...
[05/05 06:28:44] [DEV]		Finished auto-save.
[05/05 07:28:46] [DEV]		Auto-Saving files...
[05/05 07:28:46] [DEV]		Finished auto-save.
[05/05 08:28:47] [DEV]		Auto-Saving files...
[05/05 08:28:47] [DEV]		Finished auto-save.
[05/05 09:28:48] [DEV]		Auto-Saving files...
[05/05 09:28:48] [DEV]		Finished auto-save.
[05/05 10:28:49] [DEV]		Auto-Saving files...
[05/05 10:28:49] [DEV]		Finished auto-save.
[05/05 11:29:24] [DEV]		Auto-Saving files...
[05/05 11:29:24] [DEV]		Finished auto-save.
[05/05 12:30:53] [DEV]		Auto-Saving files...
[05/05 12:30:54] [DEV]		Finished auto-save.
[05/05 12:44:07] [INFO]		Disabling MineConomy...
[05/05 12:44:23] [DEV]		Enabling plugin...
[05/05 12:44:23] [DEV]		Loading Config file...
[05/05 12:44:23] [DEV]		Config file loaded!
[05/05 12:44:23] [DEV]		YML is enabled for Accounts.
[05/05 12:44:23] [INFO]		Loading Accounts file...
[05/05 12:44:23] [INFO]		Accounts file loaded!
[05/05 12:44:23] [DEV]		Loading Banks file...
[05/05 12:44:23] [DEV]		Banks file loaded!
[05/05 12:44:23] [DEV]		Loading Currency file...
[05/05 12:44:23] [DEV]		Currency file loaded!
[05/05 12:44:23] [DEV]		Loading Language file...
[05/05 12:44:23] [DEV]		Language file loaded!
[05/05 12:44:23] [INFO]		Interest Disabled.
[05/05 12:44:23] [INFO]		Tax Disabled.
[05/05 12:44:23] [INFO]		GUI Disabled.
[05/05 12:44:23] [DEV]		Checking for updates...
[05/05 12:44:23] [IMPORTANT]	Version 1.7.3 by Bodyash is enabled!
[05/05 12:44:33] [DEV]		Auto-Saving files...
[05/05 12:44:33] [DEV]		Finished auto-save.
[05/05 13:10:24] [INFO]		Disabling MineConomy...
[05/05 13:10:39] [DEV]		Enabling plugin...
[05/05 13:10:39] [DEV]		Loading Config file...
[05/05 13:10:39] [DEV]		Config file loaded!
[05/05 13:10:39] [DEV]		YML is enabled for Accounts.
[05/05 13:10:39] [INFO]		Loading Accounts file...
[05/05 13:10:39] [INFO]		Accounts file loaded!
[05/05 13:10:39] [DEV]		Loading Banks file...
[05/05 13:10:39] [DEV]		Banks file loaded!
[05/05 13:10:39] [DEV]		Loading Currency file...
[05/05 13:10:39] [DEV]		Currency file loaded!
[05/05 13:10:39] [DEV]		Loading Language file...
[05/05 13:10:39] [DEV]		Language file loaded!
[05/05 13:10:39] [INFO]		Interest Disabled.
[05/05 13:10:39] [INFO]		Tax Disabled.
[05/05 13:10:39] [INFO]		GUI Disabled.
[05/05 13:10:39] [DEV]		Checking for updates...
[05/05 13:10:39] [IMPORTANT]	Version 1.7.3 by Bodyash is enabled!
[05/05 13:10:49] [DEV]		Auto-Saving files...
[05/05 13:10:49] [DEV]		Finished auto-save.
[05/05 14:10:57] [DEV]		Auto-Saving files...
[05/05 14:10:58] [DEV]		Finished auto-save.
[05/05 15:11:02] [DEV]		Auto-Saving files...
[05/05 15:11:02] [DEV]		Finished auto-save.
[05/05 16:11:07] [DEV]		Auto-Saving files...
[05/05 16:11:07] [DEV]		Finished auto-save.
[05/05 17:11:14] [DEV]		Auto-Saving files...
[05/05 17:11:14] [DEV]		Finished auto-save.
[05/05 18:11:15] [DEV]		Auto-Saving files...
[05/05 18:11:15] [DEV]		Finished auto-save.
[05/05 19:11:22] [DEV]		Auto-Saving files...
[05/05 19:11:22] [DEV]		Finished auto-save.
[05/05 20:12:06] [DEV]		Auto-Saving files...
[05/05 20:12:06] [DEV]		Finished auto-save.
[05/05 21:12:08] [DEV]		Auto-Saving files...
[05/05 21:12:08] [DEV]		Finished auto-save.
[05/05 22:12:08] [DEV]		Auto-Saving files...
[05/05 22:12:08] [DEV]		Finished auto-save.
[05/05 23:12:08] [DEV]		Auto-Saving files...
[05/05 23:12:08] [DEV]		Finished auto-save.
[05/06 00:12:09] [DEV]		Auto-Saving files...
[05/06 00:12:09] [DEV]		Finished auto-save.
[05/06 01:12:09] [DEV]		Auto-Saving files...
[05/06 01:12:09] [DEV]		Finished auto-save.
[05/06 02:12:10] [DEV]		Auto-Saving files...
[05/06 02:12:10] [DEV]		Finished auto-save.
[05/06 03:12:10] [DEV]		Auto-Saving files...
[05/06 03:12:10] [DEV]		Finished auto-save.
[05/06 03:20:20] [INFO]		Disabling MineConomy...
[05/06 03:20:35] [DEV]		Enabling plugin...
[05/06 03:20:35] [DEV]		Loading Config file...
[05/06 03:20:35] [DEV]		Config file loaded!
[05/06 03:20:35] [DEV]		YML is enabled for Accounts.
[05/06 03:20:35] [INFO]		Loading Accounts file...
[05/06 03:20:35] [INFO]		Accounts file loaded!
[05/06 03:20:35] [DEV]		Loading Banks file...
[05/06 03:20:35] [DEV]		Banks file loaded!
[05/06 03:20:35] [DEV]		Loading Currency file...
[05/06 03:20:35] [DEV]		Currency file loaded!
[05/06 03:20:35] [DEV]		Loading Language file...
[05/06 03:20:35] [DEV]		Language file loaded!
[05/06 03:20:35] [INFO]		Interest Disabled.
[05/06 03:20:35] [INFO]		Tax Disabled.
[05/06 03:20:35] [INFO]		GUI Disabled.
[05/06 03:20:35] [DEV]		Checking for updates...
[05/06 03:20:35] [IMPORTANT]	Version 1.7.3 by Bodyash is enabled!
[05/06 03:20:44] [DEV]		Auto-Saving files...
[05/06 03:20:45] [DEV]		Finished auto-save.
[05/06 04:20:44] [DEV]		Auto-Saving files...
[05/06 04:20:44] [DEV]		Finished auto-save.
[05/06 05:20:45] [DEV]		Auto-Saving files...
[05/06 05:20:45] [DEV]		Finished auto-save.
[05/06 06:21:00] [DEV]		Auto-Saving files...
[05/06 06:21:00] [DEV]		Finished auto-save.
[05/06 07:21:08] [DEV]		Auto-Saving files...
[05/06 07:21:08] [DEV]		Finished auto-save.
[05/06 08:21:13] [DEV]		Auto-Saving files...
[05/06 08:21:13] [DEV]		Finished auto-save.
[05/06 09:21:29] [DEV]		Auto-Saving files...
[05/06 09:21:29] [DEV]		Finished auto-save.
[05/06 10:21:30] [DEV]		Auto-Saving files...
[05/06 10:21:30] [DEV]		Finished auto-save.
[05/06 11:21:36] [DEV]		Auto-Saving files...
[05/06 11:21:36] [DEV]		Finished auto-save.
[05/06 12:21:41] [DEV]		Auto-Saving files...
[05/06 12:21:41] [DEV]		Finished auto-save.
[05/06 13:21:54] [DEV]		Auto-Saving files...
[05/06 13:21:54] [DEV]		Finished auto-save.
[05/06 14:22:08] [DEV]		Auto-Saving files...
[05/06 14:22:08] [DEV]		Finished auto-save.
[05/06 15:22:24] [DEV]		Auto-Saving files...
[05/06 15:22:24] [DEV]		Finished auto-save.
[05/06 16:22:27] [DEV]		Auto-Saving files...
[05/06 16:22:28] [DEV]		Finished auto-save.
[05/06 17:22:30] [DEV]		Auto-Saving files...
[05/06 17:22:30] [DEV]		Finished auto-save.
[05/06 18:22:32] [DEV]		Auto-Saving files...
[05/06 18:22:32] [DEV]		Finished auto-save.
[05/06 19:22:40] [DEV]		Auto-Saving files...
[05/06 19:22:40] [DEV]		Finished auto-save.
[05/06 20:22:40] [DEV]		Auto-Saving files...
[05/06 20:22:40] [DEV]		Finished auto-save.
[05/06 21:22:41] [DEV]		Auto-Saving files...
[05/06 21:22:41] [DEV]		Finished auto-save.
[05/06 22:22:41] [DEV]		Auto-Saving files...
[05/06 22:22:41] [DEV]		Finished auto-save.
[05/06 23:22:41] [DEV]		Auto-Saving files...
[05/06 23:22:41] [DEV]		Finished auto-save.
[05/07 00:22:41] [DEV]		Auto-Saving files...
[05/07 00:22:41] [DEV]		Finished auto-save.
[05/07 01:22:42] [DEV]		Auto-Saving files...
[05/07 01:22:42] [DEV]		Finished auto-save.
[05/07 02:22:42] [DEV]		Auto-Saving files...
[05/07 02:22:42] [DEV]		Finished auto-save.
[05/07 03:22:43] [DEV]		Auto-Saving files...
[05/07 03:22:43] [DEV]		Finished auto-save.
[05/07 04:22:43] [DEV]		Auto-Saving files...
[05/07 04:22:43] [DEV]		Finished auto-save.
[05/07 05:22:43] [DEV]		Auto-Saving files...
[05/07 05:22:44] [DEV]		Finished auto-save.
[05/07 06:22:44] [DEV]		Auto-Saving files...
[05/07 06:22:44] [DEV]		Finished auto-save.
[05/07 07:22:45] [DEV]		Auto-Saving files...
[05/07 07:22:45] [DEV]		Finished auto-save.
[05/07 08:22:45] [DEV]		Auto-Saving files...
[05/07 08:22:45] [DEV]		Finished auto-save.
[05/07 09:22:46] [DEV]		Auto-Saving files...
[05/07 09:22:46] [DEV]		Finished auto-save.
[05/07 10:22:47] [DEV]		Auto-Saving files...
[05/07 10:22:47] [DEV]		Finished auto-save.
[05/07 11:22:48] [DEV]		Auto-Saving files...
[05/07 11:22:48] [DEV]		Finished auto-save.
[05/07 12:22:49] [DEV]		Auto-Saving files...
[05/07 12:22:49] [DEV]		Finished auto-save.
[05/07 13:22:51] [DEV]		Auto-Saving files...
[05/07 13:22:51] [DEV]		Finished auto-save.
[05/07 13:48:38] [INFO]		Disabling MineConomy...
[05/07 13:48:53] [DEV]		Enabling plugin...
[05/07 13:48:53] [DEV]		Loading Config file...
[05/07 13:48:53] [DEV]		Config file loaded!
[05/07 13:48:53] [DEV]		YML is enabled for Accounts.
[05/07 13:48:53] [INFO]		Loading Accounts file...
[05/07 13:48:53] [INFO]		Accounts file loaded!
[05/07 13:48:53] [DEV]		Loading Banks file...
[05/07 13:48:53] [DEV]		Banks file loaded!
[05/07 13:48:53] [DEV]		Loading Currency file...
[05/07 13:48:53] [DEV]		Currency file loaded!
[05/07 13:48:53] [DEV]		Loading Language file...
[05/07 13:48:53] [DEV]		Language file loaded!
[05/07 13:48:53] [INFO]		Interest Disabled.
[05/07 13:48:53] [INFO]		Tax Disabled.
[05/07 13:48:53] [INFO]		GUI Disabled.
[05/07 13:48:53] [DEV]		Checking for updates...
[05/07 13:48:53] [IMPORTANT]	Version 1.7.3 by Bodyash is enabled!
[05/07 13:49:03] [DEV]		Auto-Saving files...
[05/07 13:49:03] [DEV]		Finished auto-save.
[05/07 14:49:08] [DEV]		Auto-Saving files...
[05/07 14:49:08] [DEV]		Finished auto-save.
[05/07 15:49:51] [DEV]		Auto-Saving files...
[05/07 15:49:51] [DEV]		Finished auto-save.
[05/07 16:29:36] [INFO]		Disabling MineConomy...
[05/07 16:29:54] [DEV]		Enabling plugin...
[05/07 16:29:54] [DEV]		Loading Config file...
[05/07 16:29:54] [DEV]		Config file loaded!
[05/07 16:29:54] [DEV]		YML is enabled for Accounts.
[05/07 16:29:54] [INFO]		Loading Accounts file...
[05/07 16:29:54] [INFO]		Accounts file loaded!
[05/07 16:29:54] [DEV]		Loading Banks file...
[05/07 16:29:54] [DEV]		Banks file loaded!
[05/07 16:29:54] [DEV]		Loading Currency file...
[05/07 16:29:54] [DEV]		Currency file loaded!
[05/07 16:29:54] [DEV]		Loading Language file...
[05/07 16:29:54] [DEV]		Language file loaded!
[05/07 16:29:54] [INFO]		Interest Disabled.
[05/07 16:29:54] [INFO]		Tax Disabled.
[05/07 16:29:54] [INFO]		GUI Disabled.
[05/07 16:29:54] [DEV]		Checking for updates...
[05/07 16:29:54] [IMPORTANT]	Version 1.7.3 by Bodyash is enabled!
[05/07 16:30:06] [DEV]		Auto-Saving files...
[05/07 16:30:06] [DEV]		Finished auto-save.
[05/07 16:31:09] [INFO]		Disabling MineConomy...
[05/07 16:34:20] [DEV]		Enabling plugin...
[05/07 16:34:20] [DEV]		Loading Config file...
[05/07 16:34:20] [DEV]		Config file loaded!
[05/07 16:34:20] [DEV]		YML is enabled for Accounts.
[05/07 16:34:20] [INFO]		Loading Accounts file...
[05/07 16:34:20] [INFO]		Accounts file loaded!
[05/07 16:34:20] [DEV]		Loading Banks file...
[05/07 16:34:20] [DEV]		Banks file loaded!
[05/07 16:34:20] [DEV]		Loading Currency file...
[05/07 16:34:20] [DEV]		Currency file loaded!
[05/07 16:34:20] [DEV]		Loading Language file...
[05/07 16:34:20] [DEV]		Language file loaded!
[05/07 16:34:20] [INFO]		Interest Disabled.
[05/07 16:34:20] [INFO]		Tax Disabled.
[05/07 16:34:20] [INFO]		GUI Disabled.
[05/07 16:34:20] [DEV]		Checking for updates...
[05/07 16:34:20] [IMPORTANT]	Version 1.7.3 by Bodyash is enabled!
[05/07 16:34:22] [INFO]		Disabling MineConomy...
[05/07 16:35:27] [DEV]		Enabling plugin...
[05/07 16:35:27] [DEV]		Loading Config file...
[05/07 16:35:27] [DEV]		Config file loaded!
[05/07 16:35:27] [DEV]		YML is enabled for Accounts.
[05/07 16:35:27] [INFO]		Loading Accounts file...
[05/07 16:35:27] [INFO]		Accounts file loaded!
[05/07 16:35:27] [DEV]		Loading Banks file...
[05/07 16:35:27] [DEV]		Banks file loaded!
[05/07 16:35:27] [DEV]		Loading Currency file...
[05/07 16:35:27] [DEV]		Currency file loaded!
[05/07 16:35:27] [DEV]		Loading Language file...
[05/07 16:35:27] [DEV]		Language file loaded!
[05/07 16:35:27] [INFO]		Interest Disabled.
[05/07 16:35:27] [INFO]		Tax Disabled.
[05/07 16:35:27] [INFO]		GUI Disabled.
[05/07 16:35:27] [DEV]		Checking for updates...
[05/07 16:35:27] [IMPORTANT]	Version 1.7.3 by Bodyash is enabled!
[05/07 16:35:30] [INFO]		Disabling MineConomy...
[05/07 16:36:27] [DEV]		Enabling plugin...
[05/07 16:36:27] [DEV]		Loading Config file...
[05/07 16:36:27] [DEV]		Config file loaded!
[05/07 16:36:27] [DEV]		YML is enabled for Accounts.
[05/07 16:36:27] [INFO]		Loading Accounts file...
[05/07 16:36:27] [INFO]		Accounts file loaded!
[05/07 16:36:27] [DEV]		Loading Banks file...
[05/07 16:36:27] [DEV]		Banks file loaded!
[05/07 16:36:27] [DEV]		Loading Currency file...
[05/07 16:36:27] [DEV]		Currency file loaded!
[05/07 16:36:27] [DEV]		Loading Language file...
[05/07 16:36:27] [DEV]		Language file loaded!
[05/07 16:36:27] [INFO]		Interest Disabled.
[05/07 16:36:27] [INFO]		Tax Disabled.
[05/07 16:36:27] [INFO]		GUI Disabled.
[05/07 16:36:27] [DEV]		Checking for updates...
[05/07 16:36:27] [IMPORTANT]	Version 1.7.3 by Bodyash is enabled!
[05/07 16:36:31] [INFO]		Disabling MineConomy...
[05/07 16:37:01] [DEV]		Enabling plugin...
[05/07 16:37:01] [DEV]		Loading Config file...
[05/07 16:37:01] [DEV]		Config file loaded!
[05/07 16:37:01] [DEV]		YML is enabled for Accounts.
[05/07 16:37:01] [INFO]		Loading Accounts file...
[05/07 16:37:01] [INFO]		Accounts file loaded!
[05/07 16:37:01] [DEV]		Loading Banks file...
[05/07 16:37:01] [DEV]		Banks file loaded!
[05/07 16:37:01] [DEV]		Loading Currency file...
[05/07 16:37:01] [DEV]		Currency file loaded!
[05/07 16:37:01] [DEV]		Loading Language file...
[05/07 16:37:01] [DEV]		Language file loaded!
[05/07 16:37:01] [INFO]		Interest Disabled.
[05/07 16:37:01] [INFO]		Tax Disabled.
[05/07 16:37:01] [INFO]		GUI Disabled.
[05/07 16:37:01] [DEV]		Checking for updates...
[05/07 16:37:01] [IMPORTANT]	Version 1.7.3 by Bodyash is enabled!
[05/07 16:37:03] [INFO]		Disabling MineConomy...
[05/07 16:38:09] [DEV]		Enabling plugin...
[05/07 16:38:09] [DEV]		Loading Config file...
[05/07 16:38:09] [DEV]		Config file loaded!
[05/07 16:38:09] [DEV]		YML is enabled for Accounts.
[05/07 16:38:09] [INFO]		Loading Accounts file...
[05/07 16:38:09] [INFO]		Accounts file loaded!
[05/07 16:38:09] [DEV]		Loading Banks file...
[05/07 16:38:09] [DEV]		Banks file loaded!
[05/07 16:38:09] [DEV]		Loading Currency file...
[05/07 16:38:09] [DEV]		Currency file loaded!
[05/07 16:38:09] [DEV]		Loading Language file...
[05/07 16:38:09] [DEV]		Language file loaded!
[05/07 16:38:09] [INFO]		Interest Disabled.
[05/07 16:38:09] [INFO]		Tax Disabled.
[05/07 16:38:09] [INFO]		GUI Disabled.
[05/07 16:38:09] [DEV]		Checking for updates...
[05/07 16:38:09] [IMPORTANT]	Version 1.7.3 by Bodyash is enabled!
[05/07 16:38:19] [DEV]		Auto-Saving files...
[05/07 16:38:19] [DEV]		Finished auto-save.
[05/07 17:38:38] [DEV]		Auto-Saving files...
[05/07 17:38:38] [DEV]		Finished auto-save.
[05/07 18:38:39] [DEV]		Auto-Saving files...
[05/07 18:38:39] [DEV]		Finished auto-save.
[05/07 19:38:40] [DEV]		Auto-Saving files...
[05/07 19:38:40] [DEV]		Finished auto-save.
[05/07 20:38:41] [DEV]		Auto-Saving files...
[05/07 20:38:41] [DEV]		Finished auto-save.
[05/07 21:38:41] [DEV]		Auto-Saving files...
[05/07 21:38:41] [DEV]		Finished auto-save.
[05/07 22:38:42] [DEV]		Auto-Saving files...
[05/07 22:38:42] [DEV]		Finished auto-save.
[05/07 23:38:42] [DEV]		Auto-Saving files...
[05/07 23:38:42] [DEV]		Finished auto-save.
[05/08 00:38:42] [DEV]		Auto-Saving files...
[05/08 00:38:43] [DEV]		Finished auto-save.
[05/08 01:38:43] [DEV]		Auto-Saving files...
[05/08 01:38:43] [DEV]		Finished auto-save.
[05/08 02:38:44] [DEV]		Auto-Saving files...
[05/08 02:38:44] [DEV]		Finished auto-save.
[05/08 03:38:49] [DEV]		Auto-Saving files...
[05/08 03:38:49] [DEV]		Finished auto-save.
[05/08 04:38:50] [DEV]		Auto-Saving files...
[05/08 04:38:50] [DEV]		Finished auto-save.
[05/08 05:39:26] [DEV]		Auto-Saving files...
[05/08 05:39:26] [DEV]		Finished auto-save.
[05/08 06:39:43] [DEV]		Auto-Saving files...
[05/08 06:39:43] [DEV]		Finished auto-save.
[05/08 06:56:11] [INFO]		Disabling MineConomy...
[05/08 06:56:57] [DEV]		Enabling plugin...
[05/08 06:56:57] [DEV]		Loading Config file...
[05/08 06:56:57] [DEV]		Config file loaded!
[05/08 06:56:57] [DEV]		YML is enabled for Accounts.
[05/08 06:56:57] [INFO]		Loading Accounts file...
[05/08 06:56:57] [INFO]		Accounts file loaded!
[05/08 06:56:57] [DEV]		Loading Banks file...
[05/08 06:56:57] [DEV]		Banks file loaded!
[05/08 06:56:57] [DEV]		Loading Currency file...
[05/08 06:56:57] [DEV]		Currency file loaded!
[05/08 06:56:57] [DEV]		Loading Language file...
[05/08 06:56:57] [DEV]		Language file loaded!
[05/08 06:56:57] [INFO]		Interest Disabled.
[05/08 06:56:57] [INFO]		Tax Disabled.
[05/08 06:56:57] [INFO]		GUI Disabled.
[05/08 06:56:57] [DEV]		Checking for updates...
[05/08 06:56:57] [IMPORTANT]	Version 1.7.3 by Bodyash is enabled!
[05/08 06:57:23] [DEV]		Auto-Saving files...
[05/08 06:57:25] [DEV]		Finished auto-save.
[05/08 07:57:54] [DEV]		Auto-Saving files...
[05/08 07:57:54] [DEV]		Finished auto-save.
[05/08 08:57:58] [DEV]		Auto-Saving files...
[05/08 08:57:58] [DEV]		Finished auto-save.
[05/08 09:58:01] [DEV]		Auto-Saving files...
[05/08 09:58:01] [DEV]		Finished auto-save.
[05/08 10:59:13] [DEV]		Auto-Saving files...
[05/08 10:59:13] [DEV]		Finished auto-save.
[05/08 11:59:22] [DEV]		Auto-Saving files...
[05/08 11:59:22] [DEV]		Finished auto-save.
[05/08 12:59:29] [DEV]		Auto-Saving files...
[05/08 12:59:29] [DEV]		Finished auto-save.
[05/08 14:00:01] [DEV]		Auto-Saving files...
[05/08 14:00:01] [DEV]		Finished auto-save.
[05/08 15:00:16] [DEV]		Auto-Saving files...
[05/08 15:00:16] [DEV]		Finished auto-save.
[05/08 16:00:37] [DEV]		Auto-Saving files...
[05/08 16:00:37] [DEV]		Finished auto-save.
[05/08 17:00:58] [DEV]		Auto-Saving files...
[05/08 17:00:58] [DEV]		Finished auto-save.
[05/08 18:01:14] [DEV]		Auto-Saving files...
[05/08 18:01:14] [DEV]		Finished auto-save.
[05/08 18:12:24] [INFO]		Disabling MineConomy...
[05/08 18:12:50] [DEV]		Enabling plugin...
[05/08 18:12:50] [DEV]		Loading Config file...
[05/08 18:12:50] [DEV]		Config file loaded!
[05/08 18:12:50] [DEV]		YML is enabled for Accounts.
[05/08 18:12:50] [INFO]		Loading Accounts file...
[05/08 18:12:51] [INFO]		Accounts file loaded!
[05/08 18:12:51] [DEV]		Loading Banks file...
[05/08 18:12:51] [DEV]		Banks file loaded!
[05/08 18:12:51] [DEV]		Loading Currency file...
[05/08 18:12:51] [DEV]		Currency file loaded!
[05/08 18:12:51] [DEV]		Loading Language file...
[05/08 18:12:51] [DEV]		Language file loaded!
[05/08 18:12:51] [INFO]		Interest Disabled.
[05/08 18:12:51] [INFO]		Tax Disabled.
[05/08 18:12:51] [INFO]		GUI Disabled.
[05/08 18:12:51] [DEV]		Checking for updates...
[05/08 18:12:51] [IMPORTANT]	Version 1.7.3 by Bodyash is enabled!
[05/08 18:13:07] [DEV]		Auto-Saving files...
[05/08 18:13:07] [DEV]		Finished auto-save.
[05/08 19:13:20] [DEV]		Auto-Saving files...
[05/08 19:13:20] [DEV]		Finished auto-save.
[05/08 20:13:24] [DEV]		Auto-Saving files...
[05/08 20:13:24] [DEV]		Finished auto-save.
[05/08 21:13:26] [DEV]		Auto-Saving files...
[05/08 21:13:26] [DEV]		Finished auto-save.
[05/08 22:13:26] [DEV]		Auto-Saving files...
[05/08 22:13:26] [DEV]		Finished auto-save.
[05/08 23:13:27] [DEV]		Auto-Saving files...
[05/08 23:13:27] [DEV]		Finished auto-save.
[05/09 00:13:27] [DEV]		Auto-Saving files...
[05/09 00:13:27] [DEV]		Finished auto-save.
[05/09 01:13:28] [DEV]		Auto-Saving files...
[05/09 01:13:28] [DEV]		Finished auto-save.
[05/09 02:13:28] [DEV]		Auto-Saving files...
[05/09 02:13:28] [DEV]		Finished auto-save.
[05/09 03:13:29] [DEV]		Auto-Saving files...
[05/09 03:13:29] [DEV]		Finished auto-save.
[05/09 04:13:31] [DEV]		Auto-Saving files...
[05/09 04:13:31] [DEV]		Finished auto-save.
[05/09 05:13:40] [DEV]		Auto-Saving files...
[05/09 05:13:40] [DEV]		Finished auto-save.
[05/09 06:13:57] [DEV]		Auto-Saving files...
[05/09 06:13:57] [DEV]		Finished auto-save.
[05/09 07:14:04] [DEV]		Auto-Saving files...
[05/09 07:14:04] [DEV]		Finished auto-save.
[05/09 08:03:53] [INFO]		Disabling MineConomy...
[05/09 08:04:33] [DEV]		Enabling plugin...
[05/09 08:04:33] [DEV]		Loading Config file...
[05/09 08:04:33] [DEV]		Config file loaded!
[05/09 08:04:33] [DEV]		YML is enabled for Accounts.
[05/09 08:04:33] [INFO]		Loading Accounts file...
[05/09 08:04:33] [INFO]		Accounts file loaded!
[05/09 08:04:33] [DEV]		Loading Banks file...
[05/09 08:04:33] [DEV]		Banks file loaded!
[05/09 08:04:33] [DEV]		Loading Currency file...
[05/09 08:04:33] [DEV]		Currency file loaded!
[05/09 08:04:33] [DEV]		Loading Language file...
[05/09 08:04:33] [DEV]		Language file loaded!
[05/09 08:04:33] [INFO]		Interest Disabled.
[05/09 08:04:33] [INFO]		Tax Disabled.
[05/09 08:04:33] [INFO]		GUI Disabled.
[05/09 08:04:33] [DEV]		Checking for updates...
[05/09 08:04:33] [IMPORTANT]	Version 1.7.3 by Bodyash is enabled!
[05/09 08:04:55] [DEV]		Auto-Saving files...
[05/09 08:04:55] [DEV]		Finished auto-save.
[05/09 09:05:06] [DEV]		Auto-Saving files...
[05/09 09:05:06] [DEV]		Finished auto-save.
[05/09 10:05:25] [DEV]		Auto-Saving files...
[05/09 10:05:25] [DEV]		Finished auto-save.
[05/09 10:25:13] [INFO]		Disabling MineConomy...
[05/09 10:28:53] [DEV]		Enabling plugin...
[05/09 10:28:53] [DEV]		Loading Config file...
[05/09 10:28:53] [DEV]		Config file loaded!
[05/09 10:28:53] [DEV]		YML is enabled for Accounts.
[05/09 10:28:53] [INFO]		Loading Accounts file...
[05/09 10:28:53] [INFO]		Accounts file loaded!
[05/09 10:28:53] [DEV]		Loading Banks file...
[05/09 10:28:53] [DEV]		Banks file loaded!
[05/09 10:28:53] [DEV]		Loading Currency file...
[05/09 10:28:53] [DEV]		Currency file loaded!
[05/09 10:28:53] [DEV]		Loading Language file...
[05/09 10:28:53] [DEV]		Language file loaded!
[05/09 10:28:53] [INFO]		Interest Disabled.
[05/09 10:28:53] [INFO]		Tax Disabled.
[05/09 10:28:53] [INFO]		GUI Disabled.
[05/09 10:28:53] [DEV]		Checking for updates...
[05/09 10:28:53] [IMPORTANT]	Version 1.7.3 by Bodyash is enabled!
[05/09 10:29:08] [DEV]		Auto-Saving files...
[05/09 10:29:08] [DEV]		Finished auto-save.
[05/09 11:29:11] [DEV]		Auto-Saving files...
[05/09 11:29:11] [DEV]		Finished auto-save.
[05/09 12:29:12] [DEV]		Auto-Saving files...
[05/09 12:29:12] [DEV]		Finished auto-save.
[05/09 13:29:15] [DEV]		Auto-Saving files...
[05/09 13:29:15] [DEV]		Finished auto-save.
[05/09 14:29:17] [DEV]		Auto-Saving files...
[05/09 14:29:17] [DEV]		Finished auto-save.
[05/09 15:29:18] [DEV]		Auto-Saving files...
[05/09 15:29:18] [DEV]		Finished auto-save.
[05/09 16:29:20] [DEV]		Auto-Saving files...
[05/09 16:29:20] [DEV]		Finished auto-save.
[05/09 17:24:48] [INFO]		Disabling MineConomy...
[05/09 17:25:05] [DEV]		Enabling plugin...
[05/09 17:25:05] [DEV]		Loading Config file...
[05/09 17:25:05] [DEV]		Config file loaded!
[05/09 17:25:05] [DEV]		YML is enabled for Accounts.
[05/09 17:25:05] [INFO]		Loading Accounts file...
[05/09 17:25:05] [INFO]		Accounts file loaded!
[05/09 17:25:05] [DEV]		Loading Banks file...
[05/09 17:25:05] [DEV]		Banks file loaded!
[05/09 17:25:05] [DEV]		Loading Currency file...
[05/09 17:25:05] [DEV]		Currency file loaded!
[05/09 17:25:05] [DEV]		Loading Language file...
[05/09 17:25:05] [DEV]		Language file loaded!
[05/09 17:25:05] [INFO]		Interest Disabled.
[05/09 17:25:05] [INFO]		Tax Disabled.
[05/09 17:25:05] [INFO]		GUI Disabled.
[05/09 17:25:05] [DEV]		Checking for updates...
[05/09 17:25:05] [IMPORTANT]	Version 1.7.3 by Bodyash is enabled!
[05/09 17:25:22] [DEV]		Auto-Saving files...
[05/09 17:25:22] [DEV]		Finished auto-save.
[05/09 18:25:23] [DEV]		Auto-Saving files...
[05/09 18:25:23] [DEV]		Finished auto-save.
[05/09 19:25:24] [DEV]		Auto-Saving files...
[05/09 19:25:24] [DEV]		Finished auto-save.
[05/09 20:25:24] [DEV]		Auto-Saving files...
[05/09 20:25:25] [DEV]		Finished auto-save.
[05/09 21:25:25] [DEV]		Auto-Saving files...
[05/09 21:25:25] [DEV]		Finished auto-save.
[05/09 22:25:25] [DEV]		Auto-Saving files...
[05/09 22:25:25] [DEV]		Finished auto-save.
[05/09 23:25:25] [DEV]		Auto-Saving files...
[05/09 23:25:25] [DEV]		Finished auto-save.
[05/10 00:25:25] [DEV]		Auto-Saving files...
[05/10 00:25:25] [DEV]		Finished auto-save.
[05/10 01:25:26] [DEV]		Auto-Saving files...
[05/10 01:25:26] [DEV]		Finished auto-save.
[05/10 02:25:26] [DEV]		Auto-Saving files...
[05/10 02:25:26] [DEV]		Finished auto-save.
[05/10 03:25:27] [DEV]		Auto-Saving files...
[05/10 03:25:27] [DEV]		Finished auto-save.
[05/10 04:25:28] [DEV]		Auto-Saving files...
[05/10 04:25:28] [DEV]		Finished auto-save.
[05/10 05:25:29] [DEV]		Auto-Saving files...
[05/10 05:25:29] [DEV]		Finished auto-save.
[05/10 06:25:30] [DEV]		Auto-Saving files...
[05/10 06:25:30] [DEV]		Finished auto-save.
[05/10 07:26:00] [DEV]		Auto-Saving files...
[05/10 07:26:00] [DEV]		Finished auto-save.
[05/10 08:27:05] [DEV]		Auto-Saving files...
[05/10 08:27:05] [DEV]		Finished auto-save.
[05/10 09:28:22] [DEV]		Auto-Saving files...
[05/10 09:28:22] [DEV]		Finished auto-save.
[05/10 09:54:37] [INFO]		Disabling MineConomy...
[05/10 09:55:51] [DEV]		Enabling plugin...
[05/10 09:55:51] [DEV]		Loading Config file...
[05/10 09:55:51] [DEV]		Config file loaded!
[05/10 09:55:51] [DEV]		YML is enabled for Accounts.
[05/10 09:55:51] [INFO]		Loading Accounts file...
[05/10 09:55:51] [INFO]		Accounts file loaded!
[05/10 09:55:51] [DEV]		Loading Banks file...
[05/10 09:55:51] [DEV]		Banks file loaded!
[05/10 09:55:51] [DEV]		Loading Currency file...
[05/10 09:55:51] [DEV]		Currency file loaded!
[05/10 09:55:51] [DEV]		Loading Language file...
[05/10 09:55:51] [DEV]		Language file loaded!
[05/10 09:55:51] [INFO]		Interest Disabled.
[05/10 09:55:51] [INFO]		Tax Disabled.
[05/10 09:55:51] [INFO]		GUI Disabled.
[05/10 09:55:51] [DEV]		Checking for updates...
[05/10 09:55:51] [IMPORTANT]	Version 1.7.3 by Bodyash is enabled!
[05/10 09:56:04] [DEV]		Auto-Saving files...
[05/10 09:56:04] [DEV]		Finished auto-save.
[05/10 10:56:07] [DEV]		Auto-Saving files...
[05/10 10:56:07] [DEV]		Finished auto-save.
[05/10 11:56:08] [DEV]		Auto-Saving files...
[05/10 11:56:08] [DEV]		Finished auto-save.
[05/10 12:56:09] [DEV]		Auto-Saving files...
[05/10 12:56:09] [DEV]		Finished auto-save.
[05/10 13:56:10] [DEV]		Auto-Saving files...
[05/10 13:56:10] [DEV]		Finished auto-save.
[05/10 14:56:12] [DEV]		Auto-Saving files...
[05/10 14:56:12] [DEV]		Finished auto-save.
[05/10 15:56:14] [DEV]		Auto-Saving files...
[05/10 15:56:14] [DEV]		Finished auto-save.
[05/10 16:56:15] [DEV]		Auto-Saving files...
[05/10 16:56:15] [DEV]		Finished auto-save.
[05/10 17:56:16] [DEV]		Auto-Saving files...
[05/10 17:56:16] [DEV]		Finished auto-save.
[05/10 18:56:16] [DEV]		Auto-Saving files...
[05/10 18:56:16] [DEV]		Finished auto-save.
[05/10 19:56:17] [DEV]		Auto-Saving files...
[05/10 19:56:17] [DEV]		Finished auto-save.
[05/10 20:56:17] [DEV]		Auto-Saving files...
[05/10 20:56:17] [DEV]		Finished auto-save.
[05/10 21:56:17] [DEV]		Auto-Saving files...
[05/10 21:56:17] [DEV]		Finished auto-save.
[05/10 22:56:18] [DEV]		Auto-Saving files...
[05/10 22:56:18] [DEV]		Finished auto-save.
[05/10 23:56:18] [DEV]		Auto-Saving files...
[05/10 23:56:18] [DEV]		Finished auto-save.
[05/11 00:56:19] [DEV]		Auto-Saving files...
[05/11 00:56:19] [DEV]		Finished auto-save.
[05/11 01:56:19] [DEV]		Auto-Saving files...
[05/11 01:56:19] [DEV]		Finished auto-save.
[05/11 02:56:20] [DEV]		Auto-Saving files...
[05/11 02:56:20] [DEV]		Finished auto-save.
[05/11 03:56:20] [DEV]		Auto-Saving files...
[05/11 03:56:20] [DEV]		Finished auto-save.
[05/11 04:56:21] [DEV]		Auto-Saving files...
[05/11 04:56:21] [DEV]		Finished auto-save.
[05/11 05:56:21] [DEV]		Auto-Saving files...
[05/11 05:56:21] [DEV]		Finished auto-save.
[05/11 06:56:22] [DEV]		Auto-Saving files...
[05/11 06:56:22] [DEV]		Finished auto-save.
[05/11 07:56:23] [DEV]		Auto-Saving files...
[05/11 07:56:23] [DEV]		Finished auto-save.
[05/11 08:56:23] [DEV]		Auto-Saving files...
[05/11 08:56:23] [DEV]		Finished auto-save.
[05/11 09:07:01] [INFO]		Disabling MineConomy...
[05/11 09:07:16] [DEV]		Enabling plugin...
[05/11 09:07:16] [DEV]		Loading Config file...
[05/11 09:07:16] [DEV]		Config file loaded!
[05/11 09:07:16] [DEV]		YML is enabled for Accounts.
[05/11 09:07:16] [INFO]		Loading Accounts file...
[05/11 09:07:17] [INFO]		Accounts file loaded!
[05/11 09:07:17] [DEV]		Loading Banks file...
[05/11 09:07:17] [DEV]		Banks file loaded!
[05/11 09:07:17] [DEV]		Loading Currency file...
[05/11 09:07:17] [DEV]		Currency file loaded!
[05/11 09:07:17] [DEV]		Loading Language file...
[05/11 09:07:17] [DEV]		Language file loaded!
[05/11 09:07:17] [INFO]		Interest Disabled.
[05/11 09:07:17] [INFO]		Tax Disabled.
[05/11 09:07:17] [INFO]		GUI Disabled.
[05/11 09:07:17] [DEV]		Checking for updates...
[05/11 09:07:17] [IMPORTANT]	Version 1.7.3 by Bodyash is enabled!
[05/11 09:07:26] [DEV]		Auto-Saving files...
[05/11 09:07:26] [DEV]		Finished auto-save.
[05/11 10:07:27] [DEV]		Auto-Saving files...
[05/11 10:07:27] [DEV]		Finished auto-save.
[05/11 11:07:28] [DEV]		Auto-Saving files...
[05/11 11:07:28] [DEV]		Finished auto-save.
[05/11 12:07:30] [DEV]		Auto-Saving files...
[05/11 12:07:30] [DEV]		Finished auto-save.
[05/11 12:31:29] [INFO]		Disabling MineConomy...
[05/11 12:31:45] [DEV]		Enabling plugin...
[05/11 12:31:45] [DEV]		Loading Config file...
[05/11 12:31:45] [DEV]		Config file loaded!
[05/11 12:31:45] [DEV]		YML is enabled for Accounts.
[05/11 12:31:45] [INFO]		Loading Accounts file...
[05/11 12:31:45] [INFO]		Accounts file loaded!
[05/11 12:31:45] [DEV]		Loading Banks file...
[05/11 12:31:45] [DEV]		Banks file loaded!
[05/11 12:31:45] [DEV]		Loading Currency file...
[05/11 12:31:45] [DEV]		Currency file loaded!
[05/11 12:31:45] [DEV]		Loading Language file...
[05/11 12:31:45] [DEV]		Language file loaded!
[05/11 12:31:45] [INFO]		Interest Disabled.
[05/11 12:31:45] [INFO]		Tax Disabled.
[05/11 12:31:45] [INFO]		GUI Disabled.
[05/11 12:31:45] [DEV]		Checking for updates...
[05/11 12:31:45] [IMPORTANT]	Version 1.7.3 by Bodyash is enabled!
[05/11 12:32:03] [DEV]		Auto-Saving files...
[05/11 12:32:03] [DEV]		Finished auto-save.
[05/11 13:32:04] [DEV]		Auto-Saving files...
[05/11 13:32:04] [DEV]		Finished auto-save.
[05/11 14:32:05] [DEV]		Auto-Saving files...
[05/11 14:32:05] [DEV]		Finished auto-save.
[05/11 15:32:06] [DEV]		Auto-Saving files...
[05/11 15:32:06] [DEV]		Finished auto-save.
[05/11 16:27:30] [INFO]		Disabling MineConomy...
[05/11 22:27:53] [DEV]		Enabling plugin...
[05/11 22:27:53] [DEV]		Loading Config file...
[05/11 22:27:53] [DEV]		Config file loaded!
[05/11 22:27:53] [DEV]		YML is enabled for Accounts.
[05/11 22:27:53] [INFO]		Loading Accounts file...
[05/11 22:27:53] [INFO]		Accounts file loaded!
[05/11 22:27:53] [DEV]		Loading Banks file...
[05/11 22:27:53] [DEV]		Banks file loaded!
[05/11 22:27:53] [DEV]		Loading Currency file...
[05/11 22:27:53] [DEV]		Currency file loaded!
[05/11 22:27:53] [DEV]		Loading Language file...
[05/11 22:27:53] [DEV]		Language file loaded!
[05/11 22:27:53] [INFO]		Interest Disabled.
[05/11 22:27:53] [INFO]		Tax Disabled.
[05/11 22:27:53] [INFO]		GUI Disabled.
[05/11 22:27:53] [DEV]		Checking for updates...
[05/11 22:27:53] [IMPORTANT]	Version 1.7.3 by Bodyash is enabled!
[05/11 22:28:04] [DEV]		Auto-Saving files...
[05/11 22:28:04] [DEV]		Finished auto-save.
[05/11 23:28:04] [DEV]		Auto-Saving files...
[05/11 23:28:04] [DEV]		Finished auto-save.
[05/12 00:28:04] [DEV]		Auto-Saving files...
[05/12 00:28:04] [DEV]		Finished auto-save.
[05/12 01:28:05] [DEV]		Auto-Saving files...
[05/12 01:28:05] [DEV]		Finished auto-save.
[05/12 02:28:05] [DEV]		Auto-Saving files...
[05/12 02:28:05] [DEV]		Finished auto-save.
[05/12 03:28:05] [DEV]		Auto-Saving files...
[05/12 03:28:05] [DEV]		Finished auto-save.
[05/12 04:28:05] [DEV]		Auto-Saving files...
[05/12 04:28:06] [DEV]		Finished auto-save.
[05/12 05:28:06] [DEV]		Auto-Saving files...
[05/12 05:28:06] [DEV]		Finished auto-save.
[05/12 06:28:06] [DEV]		Auto-Saving files...
[05/12 06:28:06] [DEV]		Finished auto-save.
[05/12 07:28:06] [DEV]		Auto-Saving files...
[05/12 07:28:06] [DEV]		Finished auto-save.
[05/12 08:28:07] [DEV]		Auto-Saving files...
[05/12 08:28:07] [DEV]		Finished auto-save.
[05/12 09:28:07] [DEV]		Auto-Saving files...
[05/12 09:28:07] [DEV]		Finished auto-save.
[05/12 10:28:08] [DEV]		Auto-Saving files...
[05/12 10:28:08] [DEV]		Finished auto-save.
[05/12 11:28:08] [DEV]		Auto-Saving files...
[05/12 11:28:08] [DEV]		Finished auto-save.
[05/12 12:28:09] [DEV]		Auto-Saving files...
[05/12 12:28:09] [DEV]		Finished auto-save.
[05/12 13:28:09] [DEV]		Auto-Saving files...
[05/12 13:28:09] [DEV]		Finished auto-save.
[05/12 14:28:10] [DEV]		Auto-Saving files...
[05/12 14:28:10] [DEV]		Finished auto-save.
[05/12 15:28:10] [DEV]		Auto-Saving files...
[05/12 15:28:10] [DEV]		Finished auto-save.
[05/12 16:28:11] [DEV]		Auto-Saving files...
[05/12 16:28:11] [DEV]		Finished auto-save.
[05/12 17:28:11] [DEV]		Auto-Saving files...
[05/12 17:28:12] [DEV]		Finished auto-save.
[05/12 18:28:12] [DEV]		Auto-Saving files...
[05/12 18:28:12] [DEV]		Finished auto-save.
[05/12 19:28:13] [DEV]		Auto-Saving files...
[05/12 19:28:13] [DEV]		Finished auto-save.
[05/12 20:28:14] [DEV]		Auto-Saving files...
[05/12 20:28:14] [DEV]		Finished auto-save.
[05/12 21:28:15] [DEV]		Auto-Saving files...
[05/12 21:28:15] [DEV]		Finished auto-save.
[05/12 21:32:05] [INFO]		Disabling MineConomy...
[05/12 21:32:22] [DEV]		Enabling plugin...
[05/12 21:32:22] [DEV]		Loading Config file...
[05/12 21:32:22] [DEV]		Config file loaded!
[05/12 21:32:22] [DEV]		YML is enabled for Accounts.
[05/12 21:32:22] [INFO]		Loading Accounts file...
[05/12 21:32:22] [INFO]		Accounts file loaded!
[05/12 21:32:22] [DEV]		Loading Banks file...
[05/12 21:32:22] [DEV]		Banks file loaded!
[05/12 21:32:22] [DEV]		Loading Currency file...
[05/12 21:32:22] [DEV]		Currency file loaded!
[05/12 21:32:22] [DEV]		Loading Language file...
[05/12 21:32:22] [DEV]		Language file loaded!
[05/12 21:32:22] [INFO]		Interest Disabled.
[05/12 21:32:22] [INFO]		Tax Disabled.
[05/12 21:32:22] [INFO]		GUI Disabled.
[05/12 21:32:22] [DEV]		Checking for updates...
[05/12 21:32:22] [IMPORTANT]	Version 1.7.3 by Bodyash is enabled!
[05/12 21:32:23] [INFO]		Disabling MineConomy...
[05/12 21:35:46] [DEV]		Enabling plugin...
[05/12 21:35:46] [DEV]		Loading Config file...
[05/12 21:35:46] [DEV]		Config file loaded!
[05/12 21:35:46] [DEV]		YML is enabled for Accounts.
[05/12 21:35:46] [INFO]		Loading Accounts file...
[05/12 21:35:46] [INFO]		Accounts file loaded!
[05/12 21:35:46] [DEV]		Loading Banks file...
[05/12 21:35:46] [DEV]		Banks file loaded!
[05/12 21:35:46] [DEV]		Loading Currency file...
[05/12 21:35:46] [DEV]		Currency file loaded!
[05/12 21:35:46] [DEV]		Loading Language file...
[05/12 21:35:46] [DEV]		Language file loaded!
[05/12 21:35:46] [INFO]		Interest Disabled.
[05/12 21:35:46] [INFO]		Tax Disabled.
[05/12 21:35:46] [INFO]		GUI Disabled.
[05/12 21:35:46] [DEV]		Checking for updates...
[05/12 21:35:46] [IMPORTANT]	Version 1.7.3 by Bodyash is enabled!
[05/12 21:36:02] [DEV]		Auto-Saving files...
[05/12 21:36:02] [DEV]		Finished auto-save.
[05/12 21:36:51] [INFO]		Disabling MineConomy...
[05/12 21:38:40] [DEV]		Enabling plugin...
[05/12 21:38:40] [DEV]		Loading Config file...
[05/12 21:38:40] [DEV]		Config file loaded!
[05/12 21:38:40] [DEV]		YML is enabled for Accounts.
[05/12 21:38:40] [INFO]		Loading Accounts file...
[05/12 21:38:40] [INFO]		Accounts file loaded!
[05/12 21:38:40] [DEV]		Loading Banks file...
[05/12 21:38:40] [DEV]		Banks file loaded!
[05/12 21:38:40] [DEV]		Loading Currency file...
[05/12 21:38:40] [DEV]		Currency file loaded!
[05/12 21:38:40] [DEV]		Loading Language file...
[05/12 21:38:40] [DEV]		Language file loaded!
[05/12 21:38:40] [INFO]		Interest Disabled.
[05/12 21:38:40] [INFO]		Tax Disabled.
[05/12 21:38:40] [INFO]		GUI Disabled.
[05/12 21:38:40] [DEV]		Checking for updates...
[05/12 21:38:40] [IMPORTANT]	Version 1.7.3 by Bodyash is enabled!
[05/12 21:38:57] [DEV]		Auto-Saving files...
[05/12 21:38:57] [DEV]		Finished auto-save.
[05/12 21:42:35] [INFO]		Disabling MineConomy...
[05/12 21:44:46] [DEV]		Enabling plugin...
[05/12 21:44:46] [DEV]		Loading Config file...
[05/12 21:44:46] [DEV]		Config file loaded!
[05/12 21:44:46] [DEV]		YML is enabled for Accounts.
[05/12 21:44:46] [INFO]		Loading Accounts file...
[05/12 21:44:46] [INFO]		Accounts file loaded!
[05/12 21:44:46] [DEV]		Loading Banks file...
[05/12 21:44:46] [DEV]		Banks file loaded!
[05/12 21:44:46] [DEV]		Loading Currency file...
[05/12 21:44:46] [DEV]		Currency file loaded!
[05/12 21:44:46] [DEV]		Loading Language file...
[05/12 21:44:46] [DEV]		Language file loaded!
[05/12 21:44:46] [INFO]		Interest Disabled.
[05/12 21:44:46] [INFO]		Tax Disabled.
[05/12 21:44:46] [INFO]		GUI Disabled.
[05/12 21:44:46] [DEV]		Checking for updates...
[05/12 21:44:46] [IMPORTANT]	Version 1.7.3 by Bodyash is enabled!
[05/12 21:45:03] [DEV]		Auto-Saving files...
[05/12 21:45:03] [DEV]		Finished auto-save.
[05/12 21:48:34] [INFO]		Disabling MineConomy...
[05/12 21:51:43] [DEV]		Enabling plugin...
[05/12 21:51:43] [DEV]		Loading Config file...
[05/12 21:51:43] [DEV]		Config file loaded!
[05/12 21:51:43] [DEV]		YML is enabled for Accounts.
[05/12 21:51:43] [INFO]		Loading Accounts file...
[05/12 21:51:43] [INFO]		Accounts file loaded!
[05/12 21:51:43] [DEV]		Loading Banks file...
[05/12 21:51:43] [DEV]		Banks file loaded!
[05/12 21:51:43] [DEV]		Loading Currency file...
[05/12 21:51:43] [DEV]		Currency file loaded!
[05/12 21:51:43] [DEV]		Loading Language file...
[05/12 21:51:43] [DEV]		Language file loaded!
[05/12 21:51:43] [INFO]		Interest Disabled.
[05/12 21:51:43] [INFO]		Tax Disabled.
[05/12 21:51:43] [INFO]		GUI Disabled.
[05/12 21:51:43] [DEV]		Checking for updates...
[05/12 21:51:43] [IMPORTANT]	Version 1.7.3 by Bodyash is enabled!
[05/12 21:51:59] [DEV]		Auto-Saving files...
[05/12 21:51:59] [DEV]		Finished auto-save.
[05/12 22:52:15] [DEV]		Auto-Saving files...
[05/12 22:52:15] [DEV]		Finished auto-save.
[05/12 23:52:15] [DEV]		Auto-Saving files...
[05/12 23:52:16] [DEV]		Finished auto-save.
[05/13 00:52:16] [DEV]		Auto-Saving files...
[05/13 00:52:16] [DEV]		Finished auto-save.
[05/13 01:52:16] [DEV]		Auto-Saving files...
[05/13 01:52:16] [DEV]		Finished auto-save.
[05/13 02:52:16] [DEV]		Auto-Saving files...
[05/13 02:52:16] [DEV]		Finished auto-save.
[05/13 03:52:16] [DEV]		Auto-Saving files...
[05/13 03:52:16] [DEV]		Finished auto-save.
[05/13 04:52:17] [DEV]		Auto-Saving files...
[05/13 04:52:17] [DEV]		Finished auto-save.
[05/13 05:52:17] [DEV]		Auto-Saving files...
[05/13 05:52:17] [DEV]		Finished auto-save.
[05/13 06:52:17] [DEV]		Auto-Saving files...
[05/13 06:52:17] [DEV]		Finished auto-save.
[05/13 07:52:17] [DEV]		Auto-Saving files...
[05/13 07:52:17] [DEV]		Finished auto-save.
[05/13 08:52:18] [DEV]		Auto-Saving files...
[05/13 08:52:18] [DEV]		Finished auto-save.
[05/13 09:52:19] [DEV]		Auto-Saving files...
[05/13 09:52:19] [DEV]		Finished auto-save.
[05/13 10:52:20] [DEV]		Auto-Saving files...
[05/13 10:52:20] [DEV]		Finished auto-save.
[05/13 11:52:20] [DEV]		Auto-Saving files...
[05/13 11:52:20] [DEV]		Finished auto-save.
[05/13 12:52:21] [DEV]		Auto-Saving files...
[05/13 12:52:21] [DEV]		Finished auto-save.
[05/13 13:52:22] [DEV]		Auto-Saving files...
[05/13 13:52:22] [DEV]		Finished auto-save.
[05/13 14:52:23] [DEV]		Auto-Saving files...
[05/13 14:52:23] [DEV]		Finished auto-save.
[05/13 15:52:24] [DEV]		Auto-Saving files...
[05/13 15:52:24] [DEV]		Finished auto-save.
[05/13 16:52:25] [DEV]		Auto-Saving files...
[05/13 16:52:25] [DEV]		Finished auto-save.
[05/13 17:52:27] [DEV]		Auto-Saving files...
[05/13 17:52:27] [DEV]		Finished auto-save.
[05/13 18:52:28] [DEV]		Auto-Saving files...
[05/13 18:52:29] [DEV]		Finished auto-save.
[05/13 19:52:30] [DEV]		Auto-Saving files...
[05/13 19:52:30] [DEV]		Finished auto-save.
[05/13 20:52:32] [DEV]		Auto-Saving files...
[05/13 20:52:32] [DEV]		Finished auto-save.
[05/13 21:52:33] [DEV]		Auto-Saving files...
[05/13 21:52:33] [DEV]		Finished auto-save.
[05/13 22:52:33] [DEV]		Auto-Saving files...
[05/13 22:52:33] [DEV]		Finished auto-save.
[05/13 23:52:34] [DEV]		Auto-Saving files...
[05/13 23:52:34] [DEV]		Finished auto-save.
[05/14 00:52:34] [DEV]		Auto-Saving files...
[05/14 00:52:34] [DEV]		Finished auto-save.
[05/14 01:13:37] [INFO]		Disabling MineConomy...
[05/14 01:13:53] [DEV]		Enabling plugin...
[05/14 01:13:53] [DEV]		Loading Config file...
[05/14 01:13:53] [DEV]		Config file loaded!
[05/14 01:13:53] [DEV]		YML is enabled for Accounts.
[05/14 01:13:53] [INFO]		Loading Accounts file...
[05/14 01:13:53] [INFO]		Accounts file loaded!
[05/14 01:13:53] [DEV]		Loading Banks file...
[05/14 01:13:53] [DEV]		Banks file loaded!
[05/14 01:13:53] [DEV]		Loading Currency file...
[05/14 01:13:53] [DEV]		Currency file loaded!
[05/14 01:13:53] [DEV]		Loading Language file...
[05/14 01:13:53] [DEV]		Language file loaded!
[05/14 01:13:53] [INFO]		Interest Disabled.
[05/14 01:13:53] [INFO]		Tax Disabled.
[05/14 01:13:53] [INFO]		GUI Disabled.
[05/14 01:13:53] [DEV]		Checking for updates...
[05/14 01:13:53] [IMPORTANT]	Version 1.7.3 by Bodyash is enabled!
[05/14 01:14:08] [DEV]		Auto-Saving files...
[05/14 01:14:08] [DEV]		Finished auto-save.
[05/14 02:02:03] [INFO]		Disabling MineConomy...
[05/14 02:02:20] [DEV]		Enabling plugin...
[05/14 02:02:20] [DEV]		Loading Config file...
[05/14 02:02:20] [DEV]		Config file loaded!
[05/14 02:02:20] [DEV]		YML is enabled for Accounts.
[05/14 02:02:20] [INFO]		Loading Accounts file...
[05/14 02:02:20] [INFO]		Accounts file loaded!
[05/14 02:02:20] [DEV]		Loading Banks file...
[05/14 02:02:20] [DEV]		Banks file loaded!
[05/14 02:02:20] [DEV]		Loading Currency file...
[05/14 02:02:20] [DEV]		Currency file loaded!
[05/14 02:02:20] [DEV]		Loading Language file...
[05/14 02:02:20] [DEV]		Language file loaded!
[05/14 02:02:20] [INFO]		Interest Disabled.
[05/14 02:02:20] [INFO]		Tax Disabled.
[05/14 02:02:20] [INFO]		GUI Disabled.
[05/14 02:02:20] [DEV]		Checking for updates...
[05/14 02:02:20] [IMPORTANT]	Version 1.7.3 by Bodyash is enabled!
[05/14 02:02:35] [DEV]		Auto-Saving files...
[05/14 02:02:35] [DEV]		Finished auto-save.
[05/14 03:02:35] [DEV]		Auto-Saving files...
[05/14 03:02:35] [DEV]		Finished auto-save.
[05/14 04:02:36] [DEV]		Auto-Saving files...
[05/14 04:02:36] [DEV]		Finished auto-save.
[05/14 05:02:36] [DEV]		Auto-Saving files...
[05/14 05:02:36] [DEV]		Finished auto-save.
[05/14 06:02:37] [DEV]		Auto-Saving files...
[05/14 06:02:37] [DEV]		Finished auto-save.
[05/14 07:02:37] [DEV]		Auto-Saving files...
[05/14 07:02:37] [DEV]		Finished auto-save.
[05/14 08:02:38] [DEV]		Auto-Saving files...
[05/14 08:02:38] [DEV]		Finished auto-save.
[05/14 09:02:39] [DEV]		Auto-Saving files...
[05/14 09:02:39] [DEV]		Finished auto-save.
[05/14 10:02:40] [DEV]		Auto-Saving files...
[05/14 10:02:40] [DEV]		Finished auto-save.
[05/14 11:02:45] [DEV]		Auto-Saving files...
[05/14 11:02:45] [DEV]		Finished auto-save.
[05/14 12:02:46] [DEV]		Auto-Saving files...
[05/14 12:02:46] [DEV]		Finished auto-save.
[05/14 13:02:47] [DEV]		Auto-Saving files...
[05/14 13:02:47] [DEV]		Finished auto-save.
[05/14 14:02:49] [DEV]		Auto-Saving files...
[05/14 14:02:49] [DEV]		Finished auto-save.
[05/14 15:02:52] [DEV]		Auto-Saving files...
[05/14 15:02:52] [DEV]		Finished auto-save.
[05/14 16:02:53] [DEV]		Auto-Saving files...
[05/14 16:02:53] [DEV]		Finished auto-save.
[05/14 16:44:37] [INFO]		Disabling MineConomy...
[05/14 16:44:54] [DEV]		Enabling plugin...
[05/14 16:44:54] [DEV]		Loading Config file...
[05/14 16:44:54] [DEV]		Config file loaded!
[05/14 16:44:54] [DEV]		YML is enabled for Accounts.
[05/14 16:44:54] [INFO]		Loading Accounts file...
[05/14 16:44:55] [INFO]		Accounts file loaded!
[05/14 16:44:55] [DEV]		Loading Banks file...
[05/14 16:44:55] [DEV]		Banks file loaded!
[05/14 16:44:55] [DEV]		Loading Currency file...
[05/14 16:44:55] [DEV]		Currency file loaded!
[05/14 16:44:55] [DEV]		Loading Language file...
[05/14 16:44:55] [DEV]		Language file loaded!
[05/14 16:44:55] [INFO]		Interest Disabled.
[05/14 16:44:55] [INFO]		Tax Disabled.
[05/14 16:44:55] [INFO]		GUI Disabled.
[05/14 16:44:55] [DEV]		Checking for updates...
[05/14 16:44:55] [IMPORTANT]	Version 1.7.3 by Bodyash is enabled!
[05/14 16:45:05] [INFO]		Disabling MineConomy...
[05/14 16:48:33] [DEV]		Enabling plugin...
[05/14 16:48:33] [DEV]		Loading Config file...
[05/14 16:48:33] [DEV]		Config file loaded!
[05/14 16:48:33] [DEV]		YML is enabled for Accounts.
[05/14 16:48:33] [INFO]		Loading Accounts file...
[05/14 16:48:33] [INFO]		Accounts file loaded!
[05/14 16:48:33] [DEV]		Loading Banks file...
[05/14 16:48:33] [DEV]		Banks file loaded!
[05/14 16:48:33] [DEV]		Loading Currency file...
[05/14 16:48:33] [DEV]		Currency file loaded!
[05/14 16:48:33] [DEV]		Loading Language file...
[05/14 16:48:33] [DEV]		Language file loaded!
[05/14 16:48:33] [INFO]		Interest Disabled.
[05/14 16:48:33] [INFO]		Tax Disabled.
[05/14 16:48:33] [INFO]		GUI Disabled.
[05/14 16:48:33] [DEV]		Checking for updates...
[05/14 16:48:33] [IMPORTANT]	Version 1.7.3 by Bodyash is enabled!
[05/14 16:48:49] [DEV]		Auto-Saving files...
[05/14 16:48:49] [DEV]		Finished auto-save.
[05/14 16:50:30] [INFO]		Disabling MineConomy...
[05/14 16:51:28] [DEV]		Enabling plugin...
[05/14 16:51:28] [DEV]		Loading Config file...
[05/14 16:51:28] [DEV]		Config file loaded!
[05/14 16:51:28] [DEV]		YML is enabled for Accounts.
[05/14 16:51:28] [INFO]		Loading Accounts file...
[05/14 16:51:28] [INFO]		Accounts file loaded!
[05/14 16:51:28] [DEV]		Loading Banks file...
[05/14 16:51:28] [DEV]		Banks file loaded!
[05/14 16:51:28] [DEV]		Loading Currency file...
[05/14 16:51:28] [DEV]		Currency file loaded!
[05/14 16:51:28] [DEV]		Loading Language file...
[05/14 16:51:28] [DEV]		Language file loaded!
[05/14 16:51:28] [INFO]		Interest Disabled.
[05/14 16:51:28] [INFO]		Tax Disabled.
[05/14 16:51:28] [INFO]		GUI Disabled.
[05/14 16:51:28] [DEV]		Checking for updates...
[05/14 16:51:28] [IMPORTANT]	Version 1.7.3 by Bodyash is enabled!
[05/14 16:51:44] [DEV]		Auto-Saving files...
[05/14 16:51:44] [DEV]		Finished auto-save.
[05/14 17:51:45] [DEV]		Auto-Saving files...
[05/14 17:51:45] [DEV]		Finished auto-save.
[05/14 18:51:46] [DEV]		Auto-Saving files...
[05/14 18:51:46] [DEV]		Finished auto-save.
[05/14 19:51:48] [DEV]		Auto-Saving files...
[05/14 19:51:48] [DEV]		Finished auto-save.
[05/14 20:51:49] [DEV]		Auto-Saving files...
[05/14 20:51:49] [DEV]		Finished auto-save.
[05/14 21:51:51] [DEV]		Auto-Saving files...
[05/14 21:51:51] [DEV]		Finished auto-save.
[05/14 22:51:52] [DEV]		Auto-Saving files...
[05/14 22:51:52] [DEV]		Finished auto-save.
[05/14 23:51:53] [DEV]		Auto-Saving files...
[05/14 23:51:53] [DEV]		Finished auto-save.
[05/14 23:56:28] [INFO]		Disabling MineConomy...
[05/14 23:56:45] [DEV]		Enabling plugin...
[05/14 23:56:45] [DEV]		Loading Config file...
[05/14 23:56:45] [DEV]		Config file loaded!
[05/14 23:56:45] [DEV]		YML is enabled for Accounts.
[05/14 23:56:45] [INFO]		Loading Accounts file...
[05/14 23:56:45] [INFO]		Accounts file loaded!
[05/14 23:56:45] [DEV]		Loading Banks file...
[05/14 23:56:45] [DEV]		Banks file loaded!
[05/14 23:56:45] [DEV]		Loading Currency file...
[05/14 23:56:45] [DEV]		Currency file loaded!
[05/14 23:56:45] [DEV]		Loading Language file...
[05/14 23:56:45] [DEV]		Language file loaded!
[05/14 23:56:45] [INFO]		Interest Disabled.
[05/14 23:56:45] [INFO]		Tax Disabled.
[05/14 23:56:45] [INFO]		GUI Disabled.
[05/14 23:56:45] [DEV]		Checking for updates...
[05/14 23:56:45] [IMPORTANT]	Version 1.7.3 by Bodyash is enabled!
[05/14 23:57:00] [DEV]		Auto-Saving files...
[05/14 23:57:00] [DEV]		Finished auto-save.
[05/15 00:57:02] [DEV]		Auto-Saving files...
[05/15 00:57:02] [DEV]		Finished auto-save.
[05/15 01:57:02] [DEV]		Auto-Saving files...
[05/15 01:57:02] [DEV]		Finished auto-save.
[05/15 02:57:03] [DEV]		Auto-Saving files...
[05/15 02:57:03] [DEV]		Finished auto-save.
[05/15 03:57:03] [DEV]		Auto-Saving files...
[05/15 03:57:03] [DEV]		Finished auto-save.
[05/15 04:57:03] [DEV]		Auto-Saving files...
[05/15 04:57:03] [DEV]		Finished auto-save.
[05/15 05:57:03] [DEV]		Auto-Saving files...
[05/15 05:57:03] [DEV]		Finished auto-save.
[05/15 06:57:04] [DEV]		Auto-Saving files...
[05/15 06:57:04] [DEV]		Finished auto-save.
[05/15 07:57:04] [DEV]		Auto-Saving files...
[05/15 07:57:04] [DEV]		Finished auto-save.
[05/15 08:57:04] [DEV]		Auto-Saving files...
[05/15 08:57:04] [DEV]		Finished auto-save.
[05/15 09:57:05] [DEV]		Auto-Saving files...
[05/15 09:57:05] [DEV]		Finished auto-save.
[05/15 10:57:06] [DEV]		Auto-Saving files...
[05/15 10:57:06] [DEV]		Finished auto-save.
[05/15 11:57:07] [DEV]		Auto-Saving files...
[05/15 11:57:07] [DEV]		Finished auto-save.
[05/15 12:57:08] [DEV]		Auto-Saving files...
[05/15 12:57:08] [DEV]		Finished auto-save.
[05/15 13:57:09] [DEV]		Auto-Saving files...
[05/15 13:57:09] [DEV]		Finished auto-save.
[05/15 14:57:10] [DEV]		Auto-Saving files...
[05/15 14:57:10] [DEV]		Finished auto-save.
[05/15 15:57:11] [DEV]		Auto-Saving files...
[05/15 15:57:11] [DEV]		Finished auto-save.
[05/15 16:57:12] [DEV]		Auto-Saving files...
[05/15 16:57:12] [DEV]		Finished auto-save.
[05/15 17:57:14] [DEV]		Auto-Saving files...
[05/15 17:57:14] [DEV]		Finished auto-save.
[05/15 18:57:15] [DEV]		Auto-Saving files...
[05/15 18:57:15] [DEV]		Finished auto-save.
[05/15 19:57:16] [DEV]		Auto-Saving files...
[05/15 19:57:16] [DEV]		Finished auto-save.
[05/15 20:57:18] [DEV]		Auto-Saving files...
[05/15 20:57:18] [DEV]		Finished auto-save.
[05/15 21:57:19] [DEV]		Auto-Saving files...
[05/15 21:57:19] [DEV]		Finished auto-save.
[05/15 22:57:21] [DEV]		Auto-Saving files...
[05/15 22:57:21] [DEV]		Finished auto-save.
[05/15 23:57:23] [DEV]		Auto-Saving files...
[05/15 23:57:23] [DEV]		Finished auto-save.
[05/16 00:57:23] [DEV]		Auto-Saving files...
[05/16 00:57:23] [DEV]		Finished auto-save.
[05/16 01:57:24] [DEV]		Auto-Saving files...
[05/16 01:57:24] [DEV]		Finished auto-save.
[05/16 02:57:24] [DEV]		Auto-Saving files...
[05/16 02:57:24] [DEV]		Finished auto-save.
[05/16 03:57:24] [DEV]		Auto-Saving files...
[05/16 03:57:24] [DEV]		Finished auto-save.
[05/16 04:57:25] [DEV]		Auto-Saving files...
[05/16 04:57:25] [DEV]		Finished auto-save.
[05/16 05:57:25] [DEV]		Auto-Saving files...
[05/16 05:57:25] [DEV]		Finished auto-save.
[05/16 06:57:26] [DEV]		Auto-Saving files...
[05/16 06:57:26] [DEV]		Finished auto-save.
[05/16 07:57:26] [DEV]		Auto-Saving files...
[05/16 07:57:26] [DEV]		Finished auto-save.
[05/16 08:57:26] [DEV]		Auto-Saving files...
[05/16 08:57:26] [DEV]		Finished auto-save.
[05/16 09:57:27] [DEV]		Auto-Saving files...
[05/16 09:57:27] [DEV]		Finished auto-save.
[05/16 10:57:28] [DEV]		Auto-Saving files...
[05/16 10:57:28] [DEV]		Finished auto-save.
[05/16 11:57:29] [DEV]		Auto-Saving files...
[05/16 11:57:29] [DEV]		Finished auto-save.
[05/16 12:57:30] [DEV]		Auto-Saving files...
[05/16 12:57:30] [DEV]		Finished auto-save.
[05/16 13:57:31] [DEV]		Auto-Saving files...
[05/16 13:57:31] [DEV]		Finished auto-save.
[05/16 14:57:37] [DEV]		Auto-Saving files...
[05/16 14:57:37] [DEV]		Finished auto-save.
[05/16 15:51:43] [INFO]		Disabling MineConomy...
[05/16 15:52:00] [DEV]		Enabling plugin...
[05/16 15:52:00] [DEV]		Loading Config file...
[05/16 15:52:00] [DEV]		Config file loaded!
[05/16 15:52:00] [DEV]		YML is enabled for Accounts.
[05/16 15:52:00] [INFO]		Loading Accounts file...
[05/16 15:52:00] [INFO]		Accounts file loaded!
[05/16 15:52:00] [DEV]		Loading Banks file...
[05/16 15:52:00] [DEV]		Banks file loaded!
[05/16 15:52:00] [DEV]		Loading Currency file...
[05/16 15:52:00] [DEV]		Currency file loaded!
[05/16 15:52:00] [DEV]		Loading Language file...
[05/16 15:52:00] [DEV]		Language file loaded!
[05/16 15:52:00] [INFO]		Interest Disabled.
[05/16 15:52:00] [INFO]		Tax Disabled.
[05/16 15:52:00] [INFO]		GUI Disabled.
[05/16 15:52:00] [DEV]		Checking for updates...
[05/16 15:52:00] [IMPORTANT]	Version 1.7.3 by Bodyash is enabled!
[05/16 15:52:13] [DEV]		Auto-Saving files...
[05/16 15:52:13] [DEV]		Finished auto-save.
[05/16 16:52:14] [DEV]		Auto-Saving files...
[05/16 16:52:14] [DEV]		Finished auto-save.
[05/16 17:52:18] [DEV]		Auto-Saving files...
[05/16 17:52:18] [DEV]		Finished auto-save.
[05/16 18:52:20] [DEV]		Auto-Saving files...
[05/16 18:52:20] [DEV]		Finished auto-save.
[05/16 19:52:22] [DEV]		Auto-Saving files...
[05/16 19:52:22] [DEV]		Finished auto-save.
[05/16 20:52:23] [DEV]		Auto-Saving files...
[05/16 20:52:23] [DEV]		Finished auto-save.
[05/16 21:52:24] [DEV]		Auto-Saving files...
[05/16 21:52:24] [DEV]		Finished auto-save.
[05/16 22:52:34] [DEV]		Auto-Saving files...
[05/16 22:52:35] [DEV]		Finished auto-save.
[05/16 23:27:39] [INFO]		Disabling MineConomy...
[05/16 23:27:58] [DEV]		Enabling plugin...
[05/16 23:27:58] [DEV]		Loading Config file...
[05/16 23:27:58] [DEV]		Config file loaded!
[05/16 23:27:58] [DEV]		YML is enabled for Accounts.
[05/16 23:27:58] [INFO]		Loading Accounts file...
[05/16 23:27:58] [INFO]		Accounts file loaded!
[05/16 23:27:58] [DEV]		Loading Banks file...
[05/16 23:27:58] [DEV]		Banks file loaded!
[05/16 23:27:58] [DEV]		Loading Currency file...
[05/16 23:27:58] [DEV]		Currency file loaded!
[05/16 23:27:58] [DEV]		Loading Language file...
[05/16 23:27:58] [DEV]		Language file loaded!
[05/16 23:27:58] [INFO]		Interest Disabled.
[05/16 23:27:58] [INFO]		Tax Disabled.
[05/16 23:27:58] [INFO]		GUI Disabled.
[05/16 23:27:58] [DEV]		Checking for updates...
[05/16 23:27:58] [IMPORTANT]	Version 1.7.3 by Bodyash is enabled!
[05/16 23:28:09] [DEV]		Auto-Saving files...
[05/16 23:28:09] [DEV]		Finished auto-save.
[05/17 00:28:19] [DEV]		Auto-Saving files...
[05/17 00:28:19] [DEV]		Finished auto-save.
[05/17 01:28:20] [DEV]		Auto-Saving files...
[05/17 01:28:20] [DEV]		Finished auto-save.
[05/17 02:28:20] [DEV]		Auto-Saving files...
[05/17 02:28:20] [DEV]		Finished auto-save.
[05/17 03:28:21] [DEV]		Auto-Saving files...
[05/17 03:28:21] [DEV]		Finished auto-save.
[05/17 04:28:21] [DEV]		Auto-Saving files...
[05/17 04:28:22] [DEV]		Finished auto-save.
[05/17 05:28:22] [DEV]		Auto-Saving files...
[05/17 05:28:22] [DEV]		Finished auto-save.
[05/17 06:28:23] [DEV]		Auto-Saving files...
[05/17 06:28:23] [DEV]		Finished auto-save.
[05/17 07:28:23] [DEV]		Auto-Saving files...
[05/17 07:28:23] [DEV]		Finished auto-save.
[05/17 08:28:23] [DEV]		Auto-Saving files...
[05/17 08:28:23] [DEV]		Finished auto-save.
[05/17 09:28:24] [DEV]		Auto-Saving files...
[05/17 09:28:24] [DEV]		Finished auto-save.
[05/17 10:28:24] [DEV]		Auto-Saving files...
[05/17 10:28:24] [DEV]		Finished auto-save.
[05/17 11:28:25] [DEV]		Auto-Saving files...
[05/17 11:28:25] [DEV]		Finished auto-save.
[05/17 12:28:26] [DEV]		Auto-Saving files...
[05/17 12:28:26] [DEV]		Finished auto-save.
[05/17 13:28:29] [DEV]		Auto-Saving files...
[05/17 13:28:29] [DEV]		Finished auto-save.
[05/17 14:30:09] [DEV]		Auto-Saving files...
[05/17 14:30:09] [DEV]		Finished auto-save.
[05/17 14:34:48] [INFO]		Disabling MineConomy...
[05/17 14:35:07] [DEV]		Enabling plugin...
[05/17 14:35:07] [DEV]		Loading Config file...
[05/17 14:35:07] [DEV]		Config file loaded!
[05/17 14:35:07] [DEV]		YML is enabled for Accounts.
[05/17 14:35:07] [INFO]		Loading Accounts file...
[05/17 14:35:07] [INFO]		Accounts file loaded!
[05/17 14:35:07] [DEV]		Loading Banks file...
[05/17 14:35:07] [DEV]		Banks file loaded!
[05/17 14:35:07] [DEV]		Loading Currency file...
[05/17 14:35:07] [DEV]		Currency file loaded!
[05/17 14:35:07] [DEV]		Loading Language file...
[05/17 14:35:07] [DEV]		Language file loaded!
[05/17 14:35:07] [INFO]		Interest Disabled.
[05/17 14:35:07] [INFO]		Tax Disabled.
[05/17 14:35:07] [INFO]		GUI Disabled.
[05/17 14:35:07] [DEV]		Checking for updates...
[05/17 14:35:07] [IMPORTANT]	Version 1.7.3 by Bodyash is enabled!
[05/17 14:35:19] [DEV]		Auto-Saving files...
[05/17 14:35:19] [DEV]		Finished auto-save.
[05/17 15:35:26] [DEV]		Auto-Saving files...
[05/17 15:35:26] [DEV]		Finished auto-save.
[05/17 16:35:28] [DEV]		Auto-Saving files...
[05/17 16:35:28] [DEV]		Finished auto-save.
[05/17 17:35:31] [DEV]		Auto-Saving files...
[05/17 17:35:31] [DEV]		Finished auto-save.
[05/17 18:35:34] [DEV]		Auto-Saving files...
[05/17 18:35:34] [DEV]		Finished auto-save.
[05/17 19:36:00] [DEV]		Auto-Saving files...
[05/17 19:36:00] [DEV]		Finished auto-save.
[05/17 20:36:18] [DEV]		Auto-Saving files...
[05/17 20:36:18] [DEV]		Finished auto-save.
[05/17 21:36:21] [DEV]		Auto-Saving files...
[05/17 21:36:21] [DEV]		Finished auto-save.
[05/17 22:22:08] [INFO]		Disabling MineConomy...
[05/17 22:22:26] [DEV]		Enabling plugin...
[05/17 22:22:26] [DEV]		Loading Config file...
[05/17 22:22:26] [DEV]		Config file loaded!
[05/17 22:22:26] [DEV]		YML is enabled for Accounts.
[05/17 22:22:26] [INFO]		Loading Accounts file...
[05/17 22:22:26] [INFO]		Accounts file loaded!
[05/17 22:22:26] [DEV]		Loading Banks file...
[05/17 22:22:26] [DEV]		Banks file loaded!
[05/17 22:22:26] [DEV]		Loading Currency file...
[05/17 22:22:26] [DEV]		Currency file loaded!
[05/17 22:22:26] [DEV]		Loading Language file...
[05/17 22:22:26] [DEV]		Language file loaded!
[05/17 22:22:26] [INFO]		Interest Disabled.
[05/17 22:22:26] [INFO]		Tax Disabled.
[05/17 22:22:26] [INFO]		GUI Disabled.
[05/17 22:22:26] [DEV]		Checking for updates...
[05/17 22:22:26] [IMPORTANT]	Version 1.7.3 by Bodyash is enabled!
[05/17 22:22:38] [DEV]		Auto-Saving files...
[05/17 22:22:38] [DEV]		Finished auto-save.
[05/17 23:22:39] [DEV]		Auto-Saving files...
[05/17 23:22:39] [DEV]		Finished auto-save.
[05/18 00:22:39] [DEV]		Auto-Saving files...
[05/18 00:22:39] [DEV]		Finished auto-save.
[05/18 01:22:39] [DEV]		Auto-Saving files...
[05/18 01:22:39] [DEV]		Finished auto-save.
[05/18 02:26:44] [DEV]		Auto-Saving files...
[05/18 02:26:47] [DEV]		Finished auto-save.
[05/18 03:26:49] [DEV]		Auto-Saving files...
[05/18 03:26:49] [DEV]		Finished auto-save.
[05/18 04:26:49] [DEV]		Auto-Saving files...
[05/18 04:26:49] [DEV]		Finished auto-save.
[05/18 05:26:50] [DEV]		Auto-Saving files...
[05/18 05:26:50] [DEV]		Finished auto-save.
[05/18 06:26:50] [DEV]		Auto-Saving files...
[05/18 06:26:50] [DEV]		Finished auto-save.
[05/18 07:26:50] [DEV]		Auto-Saving files...
[05/18 07:26:50] [DEV]		Finished auto-save.
[05/18 08:26:50] [DEV]		Auto-Saving files...
[05/18 08:26:50] [DEV]		Finished auto-save.
[05/18 09:26:51] [DEV]		Auto-Saving files...
[05/18 09:26:51] [DEV]		Finished auto-save.
[05/18 10:26:51] [DEV]		Auto-Saving files...
[05/18 10:26:51] [DEV]		Finished auto-save.
[05/18 11:26:52] [DEV]		Auto-Saving files...
[05/18 11:26:52] [DEV]		Finished auto-save.
[05/18 12:26:52] [DEV]		Auto-Saving files...
[05/18 12:26:52] [DEV]		Finished auto-save.
[05/18 13:26:54] [DEV]		Auto-Saving files...
[05/18 13:26:54] [DEV]		Finished auto-save.
[05/18 14:27:51] [DEV]		Auto-Saving files...
[05/18 14:27:51] [DEV]		Finished auto-save.
[05/18 15:28:43] [DEV]		Auto-Saving files...
[05/18 15:28:46] [DEV]		Finished auto-save.
[05/18 16:30:03] [DEV]		Auto-Saving files...
[05/18 16:30:03] [DEV]		Finished auto-save.
[05/18 17:30:04] [DEV]		Auto-Saving files...
[05/18 17:30:04] [DEV]		Finished auto-save.
[05/18 18:30:07] [DEV]		Auto-Saving files...
[05/18 18:30:07] [DEV]		Finished auto-save.
[05/18 19:30:14] [DEV]		Auto-Saving files...
[05/18 19:30:14] [DEV]		Finished auto-save.
[05/18 20:30:16] [DEV]		Auto-Saving files...
[05/18 20:30:16] [DEV]		Finished auto-save.
[05/18 21:30:17] [DEV]		Auto-Saving files...
[05/18 21:30:17] [DEV]		Finished auto-save.
[05/18 22:30:20] [DEV]		Auto-Saving files...
[05/18 22:30:20] [DEV]		Finished auto-save.
[05/18 23:30:20] [DEV]		Auto-Saving files...
[05/18 23:30:21] [DEV]		Finished auto-save.
[05/19 00:30:21] [DEV]		Auto-Saving files...
[05/19 00:30:21] [DEV]		Finished auto-save.
[05/19 01:30:21] [DEV]		Auto-Saving files...
[05/19 01:30:21] [DEV]		Finished auto-save.
[05/19 02:30:22] [DEV]		Auto-Saving files...
[05/19 02:30:22] [DEV]		Finished auto-save.
[05/19 03:30:23] [DEV]		Auto-Saving files...
[05/19 03:30:23] [DEV]		Finished auto-save.
[05/19 04:30:23] [DEV]		Auto-Saving files...
[05/19 04:30:23] [DEV]		Finished auto-save.
[05/19 05:30:23] [DEV]		Auto-Saving files...
[05/19 05:30:23] [DEV]		Finished auto-save.
[05/19 06:30:23] [DEV]		Auto-Saving files...
[05/19 06:30:23] [DEV]		Finished auto-save.
[05/19 07:30:24] [DEV]		Auto-Saving files...
[05/19 07:30:24] [DEV]		Finished auto-save.
[05/19 08:30:24] [DEV]		Auto-Saving files...
[05/19 08:30:24] [DEV]		Finished auto-save.
[05/19 09:30:25] [DEV]		Auto-Saving files...
[05/19 09:30:25] [DEV]		Finished auto-save.
[05/19 10:30:25] [DEV]		Auto-Saving files...
[05/19 10:30:25] [DEV]		Finished auto-save.
[05/19 11:30:26] [DEV]		Auto-Saving files...
[05/19 11:30:26] [DEV]		Finished auto-save.
[05/19 12:30:27] [DEV]		Auto-Saving files...
[05/19 12:30:27] [DEV]		Finished auto-save.
[05/19 13:30:28] [DEV]		Auto-Saving files...
[05/19 13:30:28] [DEV]		Finished auto-save.
[05/19 14:30:29] [DEV]		Auto-Saving files...
[05/19 14:30:29] [DEV]		Finished auto-save.
[05/19 15:30:30] [DEV]		Auto-Saving files...
[05/19 15:30:30] [DEV]		Finished auto-save.
[05/19 16:30:31] [DEV]		Auto-Saving files...
[05/19 16:30:31] [DEV]		Finished auto-save.
[05/19 17:30:33] [DEV]		Auto-Saving files...
[05/19 17:30:33] [DEV]		Finished auto-save.
[05/19 18:30:36] [DEV]		Auto-Saving files...
[05/19 18:30:36] [DEV]		Finished auto-save.
[05/19 19:30:39] [DEV]		Auto-Saving files...
[05/19 19:30:39] [DEV]		Finished auto-save.
[05/19 20:30:43] [DEV]		Auto-Saving files...
[05/19 20:30:43] [DEV]		Finished auto-save.
[05/19 21:30:47] [DEV]		Auto-Saving files...
[05/19 21:30:47] [DEV]		Finished auto-save.
[05/19 22:30:50] [DEV]		Auto-Saving files...
[05/19 22:30:50] [DEV]		Finished auto-save.
[05/19 23:30:51] [DEV]		Auto-Saving files...
[05/19 23:30:51] [DEV]		Finished auto-save.
[05/20 00:30:52] [DEV]		Auto-Saving files...
[05/20 00:30:52] [DEV]		Finished auto-save.
[05/20 01:30:52] [DEV]		Auto-Saving files...
[05/20 01:30:52] [DEV]		Finished auto-save.
[05/20 02:30:53] [DEV]		Auto-Saving files...
[05/20 02:30:53] [DEV]		Finished auto-save.
[05/20 03:30:53] [DEV]		Auto-Saving files...
[05/20 03:30:53] [DEV]		Finished auto-save.
[05/20 04:30:54] [DEV]		Auto-Saving files...
[05/20 04:30:54] [DEV]		Finished auto-save.
[05/20 05:30:54] [DEV]		Auto-Saving files...
[05/20 05:30:54] [DEV]		Finished auto-save.
[05/20 06:30:55] [DEV]		Auto-Saving files...
[05/20 06:30:55] [DEV]		Finished auto-save.
[05/20 07:30:55] [DEV]		Auto-Saving files...
[05/20 07:30:55] [DEV]		Finished auto-save.
[05/20 08:30:55] [DEV]		Auto-Saving files...
[05/20 08:30:55] [DEV]		Finished auto-save.
[05/20 09:30:56] [DEV]		Auto-Saving files...
[05/20 09:30:56] [DEV]		Finished auto-save.
[05/20 10:30:58] [DEV]		Auto-Saving files...
[05/20 10:30:58] [DEV]		Finished auto-save.
[05/20 11:30:58] [DEV]		Auto-Saving files...
[05/20 11:30:59] [DEV]		Finished auto-save.
[05/20 12:30:59] [DEV]		Auto-Saving files...
[05/20 12:30:59] [DEV]		Finished auto-save.
[05/20 13:31:02] [DEV]		Auto-Saving files...
[05/20 13:31:02] [DEV]		Finished auto-save.
[05/20 14:31:04] [DEV]		Auto-Saving files...
[05/20 14:31:04] [DEV]		Finished auto-save.
[05/20 15:31:08] [DEV]		Auto-Saving files...
[05/20 15:31:08] [DEV]		Finished auto-save.
[05/20 16:31:10] [DEV]		Auto-Saving files...
[05/20 16:31:11] [DEV]		Finished auto-save.
[05/20 17:31:13] [DEV]		Auto-Saving files...
[05/20 17:31:13] [DEV]		Finished auto-save.
[05/20 18:31:16] [DEV]		Auto-Saving files...
[05/20 18:31:16] [DEV]		Finished auto-save.
[05/20 19:31:21] [DEV]		Auto-Saving files...
[05/20 19:31:21] [DEV]		Finished auto-save.
[05/20 20:31:25] [DEV]		Auto-Saving files...
[05/20 20:31:25] [DEV]		Finished auto-save.
[05/20 21:31:32] [DEV]		Auto-Saving files...
[05/20 21:31:32] [DEV]		Finished auto-save.
[05/20 22:31:34] [DEV]		Auto-Saving files...
[05/20 22:31:34] [DEV]		Finished auto-save.
[05/20 23:31:37] [DEV]		Auto-Saving files...
[05/20 23:31:37] [DEV]		Finished auto-save.
[05/21 00:31:38] [DEV]		Auto-Saving files...
[05/21 00:31:38] [DEV]		Finished auto-save.
[05/21 01:31:39] [DEV]		Auto-Saving files...
[05/21 01:31:39] [DEV]		Finished auto-save.
[05/21 02:31:41] [DEV]		Auto-Saving files...
[05/21 02:31:41] [DEV]		Finished auto-save.
[05/21 03:31:42] [DEV]		Auto-Saving files...
[05/21 03:31:42] [DEV]		Finished auto-save.
[05/21 04:31:44] [DEV]		Auto-Saving files...
[05/21 04:31:44] [DEV]		Finished auto-save.
[05/21 05:31:45] [DEV]		Auto-Saving files...
[05/21 05:31:45] [DEV]		Finished auto-save.
[05/21 06:31:47] [DEV]		Auto-Saving files...
[05/21 06:31:47] [DEV]		Finished auto-save.
[05/21 07:31:49] [DEV]		Auto-Saving files...
[05/21 07:31:49] [DEV]		Finished auto-save.
[05/21 08:31:51] [DEV]		Auto-Saving files...
[05/21 08:31:51] [DEV]		Finished auto-save.
[05/21 09:31:52] [DEV]		Auto-Saving files...
[05/21 09:31:52] [DEV]		Finished auto-save.
[05/21 10:31:54] [DEV]		Auto-Saving files...
[05/21 10:31:54] [DEV]		Finished auto-save.
[05/21 11:31:55] [DEV]		Auto-Saving files...
[05/21 11:31:55] [DEV]		Finished auto-save.
[05/21 12:31:56] [DEV]		Auto-Saving files...
[05/21 12:31:57] [DEV]		Finished auto-save.
[05/21 13:32:01] [DEV]		Auto-Saving files...
[05/21 13:32:01] [DEV]		Finished auto-save.
[05/21 14:32:03] [DEV]		Auto-Saving files...
[05/21 14:32:03] [DEV]		Finished auto-save.
[05/21 15:32:05] [DEV]		Auto-Saving files...
[05/21 15:32:05] [DEV]		Finished auto-save.
[05/21 16:32:08] [DEV]		Auto-Saving files...
[05/21 16:32:08] [DEV]		Finished auto-save.
[05/21 17:32:11] [DEV]		Auto-Saving files...
[05/21 17:32:11] [DEV]		Finished auto-save.
[05/21 18:32:17] [DEV]		Auto-Saving files...
[05/21 18:32:17] [DEV]		Finished auto-save.
[05/21 19:32:25] [DEV]		Auto-Saving files...
[05/21 19:32:25] [DEV]		Finished auto-save.
[05/21 20:32:36] [DEV]		Auto-Saving files...
[05/21 20:32:36] [DEV]		Finished auto-save.
[05/21 21:32:40] [DEV]		Auto-Saving files...
[05/21 21:32:40] [DEV]		Finished auto-save.
[05/21 22:32:45] [DEV]		Auto-Saving files...
[05/21 22:32:45] [DEV]		Finished auto-save.
[05/21 23:32:49] [DEV]		Auto-Saving files...
[05/21 23:32:49] [DEV]		Finished auto-save.
[05/22 00:32:57] [DEV]		Auto-Saving files...
[05/22 00:32:57] [DEV]		Finished auto-save.
[05/22 01:32:59] [DEV]		Auto-Saving files...
[05/22 01:32:59] [DEV]		Finished auto-save.
[05/22 02:33:01] [DEV]		Auto-Saving files...
[05/22 02:33:01] [DEV]		Finished auto-save.
[05/22 03:33:02] [DEV]		Auto-Saving files...
[05/22 03:33:02] [DEV]		Finished auto-save.
[05/22 04:33:04] [DEV]		Auto-Saving files...
[05/22 04:33:04] [DEV]		Finished auto-save.
[05/22 05:33:05] [DEV]		Auto-Saving files...
[05/22 05:33:05] [DEV]		Finished auto-save.
[05/22 06:33:07] [DEV]		Auto-Saving files...
[05/22 06:33:07] [DEV]		Finished auto-save.
[05/22 07:33:09] [DEV]		Auto-Saving files...
[05/22 07:33:09] [DEV]		Finished auto-save.
[05/22 08:33:10] [DEV]		Auto-Saving files...
[05/22 08:33:10] [DEV]		Finished auto-save.
[05/22 09:33:12] [DEV]		Auto-Saving files...
[05/22 09:33:12] [DEV]		Finished auto-save.
[05/22 10:33:13] [DEV]		Auto-Saving files...
[05/22 10:33:13] [DEV]		Finished auto-save.
[05/22 11:33:15] [DEV]		Auto-Saving files...
[05/22 11:33:15] [DEV]		Finished auto-save.
[05/22 12:33:17] [DEV]		Auto-Saving files...
[05/22 12:33:17] [DEV]		Finished auto-save.
[05/22 13:33:19] [DEV]		Auto-Saving files...
[05/22 13:33:19] [DEV]		Finished auto-save.
[05/22 14:33:20] [DEV]		Auto-Saving files...
[05/22 14:33:21] [DEV]		Finished auto-save.
[05/22 15:33:23] [DEV]		Auto-Saving files...
[05/22 15:33:23] [DEV]		Finished auto-save.
[05/22 16:33:24] [DEV]		Auto-Saving files...
[05/22 16:33:24] [DEV]		Finished auto-save.
[05/22 17:33:26] [DEV]		Auto-Saving files...
[05/22 17:33:26] [DEV]		Finished auto-save.
[05/22 18:33:29] [DEV]		Auto-Saving files...
[05/22 18:33:29] [DEV]		Finished auto-save.
[05/22 19:33:37] [DEV]		Auto-Saving files...
[05/22 19:33:37] [DEV]		Finished auto-save.
[05/22 20:33:46] [DEV]		Auto-Saving files...
[05/22 20:33:46] [DEV]		Finished auto-save.
[05/22 21:34:04] [DEV]		Auto-Saving files...
[05/22 21:34:04] [DEV]		Finished auto-save.
[05/22 22:34:16] [DEV]		Auto-Saving files...
[05/22 22:34:16] [DEV]		Finished auto-save.
[05/22 23:34:26] [DEV]		Auto-Saving files...
[05/22 23:34:26] [DEV]		Finished auto-save.
[05/23 00:35:11] [DEV]		Auto-Saving files...
[05/23 00:35:12] [DEV]		Finished auto-save.
[05/23 01:35:33] [DEV]		Auto-Saving files...
[05/23 01:35:33] [DEV]		Finished auto-save.
[05/23 02:35:40] [DEV]		Auto-Saving files...
[05/23 02:35:40] [DEV]		Finished auto-save.
[05/23 03:35:46] [DEV]		Auto-Saving files...
[05/23 03:35:46] [DEV]		Finished auto-save.
[05/23 04:35:49] [DEV]		Auto-Saving files...
[05/23 04:35:49] [DEV]		Finished auto-save.
[05/23 05:35:50] [DEV]		Auto-Saving files...
[05/23 05:35:50] [DEV]		Finished auto-save.
[05/23 06:35:51] [DEV]		Auto-Saving files...
[05/23 06:35:51] [DEV]		Finished auto-save.
[05/23 07:35:52] [DEV]		Auto-Saving files...
[05/23 07:35:52] [DEV]		Finished auto-save.
[05/23 08:35:54] [DEV]		Auto-Saving files...
[05/23 08:35:54] [DEV]		Finished auto-save.
[05/23 09:35:55] [DEV]		Auto-Saving files...
[05/23 09:35:55] [DEV]		Finished auto-save.
[05/23 10:35:57] [DEV]		Auto-Saving files...
[05/23 10:35:57] [DEV]		Finished auto-save.
[05/23 11:35:59] [DEV]		Auto-Saving files...
[05/23 11:35:59] [DEV]		Finished auto-save.
[05/23 12:36:02] [DEV]		Auto-Saving files...
[05/23 12:36:02] [DEV]		Finished auto-save.
[05/23 13:36:04] [DEV]		Auto-Saving files...
[05/23 13:36:04] [DEV]		Finished auto-save.
[05/23 14:36:05] [DEV]		Auto-Saving files...
[05/23 14:36:05] [DEV]		Finished auto-save.
[05/23 15:36:11] [DEV]		Auto-Saving files...
[05/23 15:36:11] [DEV]		Finished auto-save.
[05/23 16:36:19] [DEV]		Auto-Saving files...
[05/23 16:36:19] [DEV]		Finished auto-save.
[05/23 17:36:27] [DEV]		Auto-Saving files...
[05/23 17:36:27] [DEV]		Finished auto-save.
[05/23 18:36:36] [DEV]		Auto-Saving files...
[05/23 18:36:36] [DEV]		Finished auto-save.
[05/23 19:36:50] [DEV]		Auto-Saving files...
[05/23 19:36:50] [DEV]		Finished auto-save.
[05/23 20:37:03] [DEV]		Auto-Saving files...
[05/23 20:37:03] [DEV]		Finished auto-save.
[05/23 21:37:15] [DEV]		Auto-Saving files...
[05/23 21:37:15] [DEV]		Finished auto-save.
[05/23 22:37:17] [DEV]		Auto-Saving files...
[05/23 22:37:17] [DEV]		Finished auto-save.
[05/23 23:37:19] [DEV]		Auto-Saving files...
[05/23 23:37:19] [DEV]		Finished auto-save.
[05/24 00:37:21] [DEV]		Auto-Saving files...
[05/24 00:37:21] [DEV]		Finished auto-save.
[05/24 01:37:26] [DEV]		Auto-Saving files...
[05/24 01:37:26] [DEV]		Finished auto-save.
[05/24 02:37:35] [DEV]		Auto-Saving files...
[05/24 02:37:35] [DEV]		Finished auto-save.
[05/24 03:37:37] [DEV]		Auto-Saving files...
[05/24 03:37:37] [DEV]		Finished auto-save.
[05/24 04:37:38] [DEV]		Auto-Saving files...
[05/24 04:37:38] [DEV]		Finished auto-save.
[05/24 05:37:39] [DEV]		Auto-Saving files...
[05/24 05:37:39] [DEV]		Finished auto-save.
[05/24 06:37:41] [DEV]		Auto-Saving files...
[05/24 06:37:41] [DEV]		Finished auto-save.
[05/24 07:37:42] [DEV]		Auto-Saving files...
[05/24 07:37:42] [DEV]		Finished auto-save.
[05/24 08:37:44] [DEV]		Auto-Saving files...
[05/24 08:37:44] [DEV]		Finished auto-save.
[05/24 09:37:46] [DEV]		Auto-Saving files...
[05/24 09:37:46] [DEV]		Finished auto-save.
[05/24 10:40:03] [DEV]		Auto-Saving files...
[05/24 10:40:04] [DEV]		Finished auto-save.
[05/24 11:40:06] [DEV]		Auto-Saving files...
[05/24 11:40:06] [DEV]		Finished auto-save.
[05/24 12:40:09] [DEV]		Auto-Saving files...
[05/24 12:40:09] [DEV]		Finished auto-save.
[05/24 13:33:37] [INFO]		Disabling MineConomy...