NFO]		Accounts file loaded!
[05/14 16:44:55] [DEV]		Loading Banks file...
[05/14 16:44:55] [DEV]		Banks file loaded!
[05/14 16:44:55] [DEV]		Loading Currency file...
[05/14 16:44:55] [DEV]		Currency file loaded!
[05/14 16:44:55] [DEV]		Loading Language file...
[05/14 16:44:55] [DEV]		Language file loaded!
[05/14 16:44:55] [INFO]		Interest Disabled.
[05/14 16:44:55] [INFO]		Tax Disabled.
[05/14 16:44:55] [INFO]		GUI Disabled.
[05/14 16:44:55] [DEV]		Checking for updates...
[05/14 16:44:55] [IMPORTANT]	Version 1.7.3 by Bodyash is enabled!
[05/14 16:45:05] [INFO]		Disabling MineConomy...
[05/14 16:48:33] [DEV]		Enabling plugin...
[05/14 16:48:33] [DEV]		Loading Config file...
[05/14 16:48:33] [DEV]		Config file loaded!
[05/14 16:48:33] [DEV]		YML is enabled for Accounts.
[05/14 16:48:33] [INFO]		Loading Accounts file...
[05/14 16:48:33] [INFO]		Accounts file loaded!
[05/14 16:48:33] [DEV]		Loading Banks file...
[05/14 16:48:33] [DEV]		Banks file loaded!
[05/14 16:48:33] [DEV]		Loading Currency file...
[05/14 16:48:33] [DEV]		Currency file loaded!
[05/14 16:48:33] [DEV]		Loading Language file...
[05/14 16:48:33] [DEV]		Language file loaded!
[05/14 16:48:33] [INFO]		Interest Disabled.
[05/14 16:48:33] [INFO]		Tax Disabled.
[05/14 16:48:33] [INFO]		GUI Disabled.
[05/14 16:48:33] [DEV]		Checking for updates...
[05/14 16:48:33] [IMPORTANT]	Version 1.7.3 by Bodyash is enabled!
[05/14 16:48:49] [DEV]		Auto-Saving files...
[05/14 16:48:49] [DEV]		Finished auto-save.
[05/14 16:50:30] [INFO]		Disabling MineConomy...
[05/14 16:51:28] [DEV]		Enabling plugin...
[05/14 16:51:28] [DEV]		Loading Config file...
[05/14 16:51:28] [DEV]		Config file loaded!
[05/14 16:51:28] [DEV]		YML is enabled for Accounts.
[05/14 16:51:28] [INFO]		Loading Accounts file...
[05/14 16:51:28] [INFO]		Accounts file loaded!
[05/14 16:51:28] [DEV]		Loading Banks file...
[05/14 16:51:28] [DEV]		Banks file loaded!
[05/14 16:51:28] [DEV]		Loading Currency file...
[05/14 16:51:28] [DEV]		Currency file loaded!
[05/14 16:51:28] [DEV]		Loading Language file...
[05/14 16:51:28] [DEV]		Language file loaded!
[05/14 16:51:28] [INFO]		Interest Disabled.
[05/14 16:51:28] [INFO]		Tax Disabled.
[05/14 16:51:28] [INFO]		GUI Disabled.
[05/14 16:51:28] [DEV]		Checking for updates...
[05/14 16:51:28] [IMPORTANT]	Version 1.7.3 by Bodyash is enabled!
[05/14 16:51:44] [DEV]		Auto-Saving files...
[05/14 16:51:44] [DEV]		Finished auto-save.
[05/14 17:51:45] [DEV]		Auto-Saving files...
[05/14 17:51:45] [DEV]		Finished auto-save.
[05/14 18:51:46] [DEV]		Auto-Saving files...
[05/14 18:51:46] [DEV]		Finished auto-save.
[05/14 19:51:48] [DEV]		Auto-Saving files...
[05/14 19:51:48] [DEV]		Finished auto-save.
[05/14 20:51:49] [DEV]		Auto-Saving files...
[05/14 20:51:49] [DEV]		Finished auto-save.
[05/14 21:51:51] [DEV]		Auto-Saving files...
[05/14 21:51:51] [DEV]		Finished auto-save.
[05/14 22:51:52] [DEV]		Auto-Saving files...
[05/14 22:51:52] [DEV]		Finished auto-save.
[05/14 23:51:53] [DEV]		Auto-Saving files...
[05/14 23:51:53] [DEV]		Finished auto-save.
[05/14 23:56:28] [INFO]		Disabling MineConomy...
[05/14 23:56:45] [DEV]		Enabling plugin...
[05/14 23:56:45] [DEV]		Loading Config file...
[05/14 23:56:45] [DEV]		Config file loaded!
[05/14 23:56:45] [DEV]		YML is enabled for Accounts.
[05/14 23:56:45] [INFO]		Loading Accounts file...
[05/14 23:56:45] [INFO]		Accounts file loaded!
[05/14 23:56:45] [DEV]		Loading Banks file...
[05/14 23:56:45] [DEV]		Banks file loaded!
[05/14 23:56:45] [DEV]		Loading Currency file...
[05/14 23:56:45] [DEV]		Currency file loaded!
[05/14 23:56:45] [DEV]		Loading Language file...
[05/14 23:56:45] [DEV]		Language file loaded!
[05/14 23:56:45] [INFO]		Interest Disabled.
[05/14 23:56:45] [INFO]		Tax Disabled.
[05/14 23:56:45] [INFO]		GUI Disabled.
[05/14 23:56:45] [DEV]		Checking for updates...
[05/14 23:56:45] [IMPORTANT]	Version 1.7.3 by Bodyash is enabled!
[05/14 23:57:00] [DEV]		Auto-Saving files...
[05/14 23:57:00] [DEV]		Finished auto-save.
[05/15 00:57:02] [DEV]		Auto-Saving files...
[05/15 00:57:02] [DEV]		Finished auto-save.
[05/15 01:57:02] [DEV]		Auto-Saving files...
[05/15 01:57:02] [DEV]		Finished auto-save.
[05/15 02:57:03] [DEV]		Auto-Saving files...
[05/15 02:57:03] [DEV]		Finished auto-save.
[05/15 03:57:03] [DEV]		Auto-Saving files...
[05/15 03:57:03] [DEV]		Finished auto-save.
[05/15 04:57:03] [DEV]		Auto-Saving files...
[05/15 04:57:03] [DEV]		Finished auto-save.
[05/15 05:57:03] [DEV]		Auto-Saving files...
[05/15 05:57:03] [DEV]		Finished auto-save.
[05/15 06:57:04] [DEV]		Auto-Saving files...
[05/15 06:57:04] [DEV]		Finished auto-save.
[05/15 07:57:04] [DEV]		Auto-Saving files...
[05/15 07:57:04] [DEV]		Finished auto-save.
[05/15 08:57:04] [DEV]		Auto-Saving files...
[05/15 08:57:04] [DEV]		Finished auto-save.
[05/15 09:57:05] [DEV]		Auto-Saving files...
[05/15 09:57:05] [DEV]		Finished auto-save.
[05/15 10:57:06] [DEV]		Auto-Saving files...
[05/15 10:57:06] [DEV]		Finished auto-save.
[05/15 11:57:07] [DEV]		Auto-Saving files...
[05/15 11:57:07] [DEV]		Finished auto-save.
[05/15 12:57:08] [DEV]		Auto-Saving files...
[05/15 12:57:08] [DEV]		Finished auto-save.
[05/15 13:57:09] [DEV]		Auto-Saving files...
[05/15 13:57:09] [DEV]		Finished auto-save.
[05/15 14:57:10] [DEV]		Auto-Saving files...
[05/15 14:57:10] [DEV]		Finished auto-save.
[05/15 15:57:11] [DEV]		Auto-Saving files...
[05/15 15:57:11] [DEV]		Finished auto-save.
[05/15 16:57:12] [DEV]		Auto-Saving files...
[05/15 16:57:12] [DEV]		Finished auto-save.
[05/15 17:57:14] [DEV]		Auto-Saving files...
[05/15 17:57:14] [DEV]		Finished auto-save.
[05/15 18:57:15] [DEV]		Auto-Saving files...
[05/15 18:57:15] [DEV]		Finished auto-save.
[05/15 19:57:16] [DEV]		Auto-Saving files...
[05/15 19:57:16] [DEV]		Finished auto-save.
[05/15 20:57:18] [DEV]		Auto-Saving files...
[05/15 20:57:18] [DEV]		Finished auto-save.
[05/15 21:57:19] [DEV]		Auto-Saving files...
[05/15 21:57:19] [DEV]		Finished auto-save.
[05/15 22:57:21] [DEV]		Auto-Saving files...
[05/15 22:57:21] [DEV]		Finished auto-save.
[05/15 23:57:23] [DEV]		Auto-Saving files...
[05/15 23:57:23] [DEV]		Finished auto-save.
[05/16 00:57:23] [DEV]		Auto-Saving files...
[05/16 00:57:23] [DEV]		Finished auto-save.
[05/16 01:57:24] [DEV]		Auto-Saving files...
[05/16 01:57:24] [DEV]		Finished auto-save.
[05/16 02:57:24] [DEV]		Auto-Saving files...
[05/16 02:57:24] [DEV]		Finished auto-save.
[05/16 03:57:24] [DEV]		Auto-Saving files...
[05/16 03:57:24] [DEV]		Finished auto-save.
[05/16 04:57:25] [DEV]		Auto-Saving files...
[05/16 04:57:25] [DEV]		Finished auto-save.
[05/16 05:57:25] [DEV]		Auto-Saving files...
[05/16 05:57:25] [DEV]		Finished auto-save.
[05/16 06:57:26] [DEV]		Auto-Saving files...
[05/16 06:57:26] [DEV]		Finished auto-save.
[05/16 07:57:26] [DEV]		Auto-Saving files...
[05/16 07:57:26] [DEV]		Finished auto-save.
[05/16 08:57:26] [DEV]		Auto-Saving files...
[05/16 08:57:26] [DEV]		Finished auto-save.
[05/16 09:57:27] [DEV]		Auto-Saving files...
[05/16 09:57:27] [DEV]		Finished auto-save.
[05/16 10:57:28] [DEV]		Auto-Saving files...
[05/16 10:57:28] [DEV]		Finished auto-save.
[05/16 11:57:29] [DEV]		Auto-Saving files...
[05/16 11:57:29] [DEV]		Finished auto-save.
[05/16 12:57:30] [DEV]		Auto-Saving files...
[05/16 12:57:30] [DEV]		Finished auto-save.
[05/16 13:57:31] [DEV]		Auto-Saving files...
[05/16 13:57:31] [DEV]		Finished auto-save.
[05/16 14:57:37] [DEV]		Auto-Saving files...
[05/16 14:57:37] [DEV]		Finished auto-save.
[05/16 15:51:43] [INFO]		Disabling MineConomy...
[05/16 15:52:00] [DEV]		Enabling plugin...
[05/16 15:52:00] [DEV]		Loading Config file...
[05/16 15:52:00] [DEV]		Config file loaded!
[05/16 15:52:00] [DEV]		YML is enabled for Accounts.
[05/16 15:52:00] [INFO]		Loading Accounts file...
[05/16 15:52:00] [INFO]		Accounts file loaded!
[05/16 15:52:00] [DEV]		Loading Banks file...
[05/16 15:52:00] [DEV]		Banks file loaded!
[05/16 15:52:00] [DEV]		Loading Currency file...
[05/16 15:52:00] [DEV]		Currency file loaded!
[05/16 15:52:00] [DEV]		Loading Language file...
[05/16 15:52:00] [DEV]		Language file loaded!
[05/16 15:52:00] [INFO]		Interest Disabled.
[05/16 15:52:00] [INFO]		Tax Disabled.
[05/16 15:52:00] [INFO]		GUI Disabled.
[05/16 15:52:00] [DEV]		Checking for updates...
[05/16 15:52:00] [IMPORTANT]	Version 1.7.3 by Bodyash is enabled!
[05/16 15:52:13] [DEV]		Auto-Saving files...
[05/16 15:52:13] [DEV]		Finished auto-save.
[05/16 16:52:14] [DEV]		Auto-Saving files...
[05/16 16:52:14] [DEV]		Finished auto-save.
[05/16 17:52:18] [DEV]		Auto-Saving files...
[05/16 17:52:18] [DEV]		Finished auto-save.
[05/16 18:52:20] [DEV]		Auto-Saving files...
[05/16 18:52:20] [DEV]		Finished auto-save.
[05/16 19:52:22] [DEV]		Auto-Saving files...
[05/16 19:52:22] [DEV]		Finished auto-save.
[05/16 20:52:23] [DEV]		Auto-Saving files...
[05/16 20:52:23] [DEV]		Finished auto-save.
[05/16 21:52:24] [DEV]		Auto-Saving files...
[05/16 21:52:24] [DEV]		Finished auto-save.
[05/16 22:52:34] [DEV]		Auto-Saving files...
[05/16 22:52:35] [DEV]		Finished auto-save.
[05/16 23:27:39] [INFO]		Disabling MineConomy...
[05/16 23:27:58] [DEV]		Enabling plugin...
[05/16 23:27:58] [DEV]		Loading Config file...
[05/16 23:27:58] [DEV]		Config file loaded!
[05/16 23:27:58] [DEV]		YML is enabled for Accounts.
[05/16 23:27:58] [INFO]		Loading Accounts file...
[05/16 23:27:58] [INFO]		Accounts file loaded!
[05/16 23:27:58] [DEV]		Loading Banks file...
[05/16 23:27:58] [DEV]		Banks file loaded!
[05/16 23:27:58] [DEV]		Loading Currency file...
[05/16 23:27:58] [DEV]		Currency file loaded!
[05/16 23:27:58] [DEV]		Loading Language file...
[05/16 23:27:58] [DEV]		Language file loaded!
[05/16 23:27:58] [INFO]		Interest Disabled.
[05/16 23:27:58] [INFO]		Tax Disabled.
[05/16 23:27:58] [INFO]		GUI Disabled.
[05/16 23:27:58] [DEV]		Checking for updates...
[05/16 23:27:58] [IMPORTANT]	Version 1.7.3 by Bodyash is enabled!
[05/16 23:28:09] [DEV]		Auto-Saving files...
[05/16 23:28:09] [DEV]		Finished auto-save.
[05/17 00:28:19] [DEV]		Auto-Saving files...
[05/17 00:28:19] [DEV]		Finished auto-save.
[05/17 01:28:20] [DEV]		Auto-Saving files...
[05/17 01:28:20] [DEV]		Finished auto-save.
[05/17 02:28:20] [DEV]		Auto-Saving files...
[05/17 02:28:20] [DEV]		Finished auto-save.
[05/17 03:28:21] [DEV]		Auto-Saving files...
[05/17 03:28:21] [DEV]		Finished auto-save.
[05/17 04:28:21] [DEV]		Auto-Saving files...
[05/17 04:28:22] [DEV]		Finished auto-save.
[05/17 05:28:22] [DEV]		Auto-Saving files...
[05/17 05:28:22] [DEV]		Finished auto-save.
[05/17 06:28:23] [DEV]		Auto-Saving files...
[05/17 06:28:23] [DEV]		Finished auto-save.
[05/17 07:28:23] [DEV]		Auto-Saving files...
[05/17 07:28:23] [DEV]		Finished auto-save.
[05/17 08:28:23] [DEV]		Auto-Saving files...
[05/17 08:28:23] [DEV]		Finished auto-save.
[05/17 09:28:24] [DEV]		Auto-Saving files...
[05/17 09:28:24] [DEV]		Finished auto-save.
[05/17 10:28:24] [DEV]		Auto-Saving files...
[05/17 10:28:24] [DEV]		Finished auto-save.
[05/17 11:28:25] [DEV]		Auto-Saving files...
[05/17 11:28:25] [DEV]		Finished auto-save.
[05/17 12:28:26] [DEV]		Auto-Saving files...
[05/17 12:28:26] [DEV]		Finished auto-save.
[05/17 13:28:29] [DEV]		Auto-Saving files...
[05/17 13:28:29] [DEV]		Finished auto-save.
[05/17 14:30:09] [DEV]		Auto-Saving files...
[05/17 14:30:09] [DEV]		Finished auto-save.
[05/17 14:34:48] [INFO]		Disabling MineConomy...
[05/17 14:35:07] [DEV]		Enabling plugin...
[05/17 14:35:07] [DEV]		Loading Config file...
[05/17 14:35:07] [DEV]		Config file loaded!
[05/17 14:35:07] [DEV]		YML is enabled for Accounts.
[05/17 14:35:07] [INFO]		Loading Accounts file...
[05/17 14:35:07] [INFO]		Accounts file loaded!
[05/17 14:35:07] [DEV]		Loading Banks file...
[05/17 14:35:07] [DEV]		Banks file loaded!
[05/17 14:35:07] [DEV]		Loading Currency file...
[05/17 14:35:07] [DEV]		Currency file loaded!
[05/17 14:35:07] [DEV]		Loading Language file...
[05/17 14:35:07] [DEV]		Language file loaded!
[05/17 14:35:07] [INFO]		Interest Disabled.
[05/17 14:35:07] [INFO]		Tax Disabled.
[05/17 14:35:07] [INFO]		GUI Disabled.
[05/17 14:35:07] [DEV]		Checking for updates...
[05/17 14:35:07] [IMPORTANT]	Version 1.7.3 by Bodyash is enabled!
[05/17 14:35:19] [DEV]		Auto-Saving files...
[05/17 14:35:19] [DEV]		Finished auto-save.
[05/17 15:35:26] [DEV]		Auto-Saving files...
[05/17 15:35:26] [DEV]		Finished auto-save.
[05/17 16:35:28] [DEV]		Auto-Saving files...
[05/17 16:35:28] [DEV]		Finished auto-save.
[05/17 17:35:31] [DEV]		Auto-Saving files...
[05/17 17:35:31] [DEV]		Finished auto-save.
[05/17 18:35:34] [DEV]		Auto-Saving files...
[05/17 18:35:34] [DEV]		Finished auto-save.
[05/17 19:36:00] [DEV]		Auto-Saving files...
[05/17 19:36:00] [DEV]		Finished auto-save.
[05/17 20:36:18] [DEV]		Auto-Saving files...
[05/17 20:36:18] [DEV]		Finished auto-save.
[05/17 21:36:21] [DEV]		Auto-Saving files...
[05/17 21:36:21] [DEV]		Finished auto-save.
[05/17 22:22:08] [INFO]		Disabling MineConomy...
[05/17 22:22:26] [DEV]		Enabling plugin...
[05/17 22:22:26] [DEV]		Loading Config file...
[05/17 22:22:26] [DEV]		Config file loaded!
[05/17 22:22:26] [DEV]		YML is enabled for Accounts.
[05/17 22:22:26] [INFO]		Loading Accounts file...
[05/17 22:22:26] [INFO]		Accounts file loaded!
[05/17 22:22:26] [DEV]		Loading Banks file...
[05/17 22:22:26] [DEV]		Banks file loaded!
[05/17 22:22:26] [DEV]		Loading Currency file...
[05/17 22:22:26] [DEV]		Currency file loaded!
[05/17 22:22:26] [DEV]		Loading Language file...
[05/17 22:22:26] [DEV]		Language file loaded!
[05/17 22:22:26] [INFO]		Interest Disabled.
[05/17 22:22:26] [INFO]		Tax Disabled.
[05/17 22:22:26] [INFO]		GUI Disabled.
[05/17 22:22:26] [DEV]		Checking for updates...
[05/17 22:22:26] [IMPORTANT]	Version 1.7.3 by Bodyash is enabled!
[05/17 22:22:38] [DEV]		Auto-Saving files...
[05/17 22:22:38] [DEV]		Finished auto-save.
[05/17 23:22:39] [DEV]		Auto-Saving files...
[05/17 23:22:39] [DEV]		Finished auto-save.
[05/18 00:22:39] [DEV]		Auto-Saving files...
[05/18 00:22:39] [DEV]		Finished auto-save.
[05/18 01:22:39] [DEV]		Auto-Saving files...
[05/18 01:22:39] [DEV]		Finished auto-save.
[05/18 02:26:44] [DEV]		Auto-Saving files...
[05/18 02:26:47] [DEV]		Finished auto-save.
[05/18 03:26:49] [DEV]		Auto-Saving files...
[05/18 03:26:49] [DEV]		Finished auto-save.
[05/18 04:26:49] [DEV]		Auto-Saving files...
[05/18 04:26:49] [DEV]		Finished auto-save.
[05/18 05:26:50] [DEV]		Auto-Saving files...
[05/18 05:26:50] [DEV]		Finished auto-save.
[05/18 06:26:50] [DEV]		Auto-Saving files...
[05/18 06:26:50] [DEV]		Finished auto-save.
[05/18 07:26:50] [DEV]		Auto-Saving files...
[05/18 07:26:50] [DEV]		Finished auto-save.
[05/18 08:26:50] [DEV]		Auto-Saving files...
[05/18 08:26:50] [DEV]		Finished auto-save.
[05/18 09:26:51] [DEV]		Auto-Saving files...
[05/18 09:26:51] [DEV]		Finished auto-save.
[05/18 10:26:51] [DEV]		Auto-Saving files...
[05/18 10:26:51] [DEV]		Finished auto-save.
[05/18 11:26:52] [DEV]		Auto-Saving files...
[05/18 11:26:52] [DEV]		Finished auto-save.
[05/18 12:26:52] [DEV]		Auto-Saving files...
[05/18 12:26:52] [DEV]		Finished auto-save.
[05/18 13:26:54] [DEV]		Auto-Saving files...
[05/18 13:26:54] [DEV]		Finished auto-save.
[05/18 14:27:51] [DEV]		Auto-Saving files...
[05/18 14:27:51] [DEV]		Finished auto-save.
[05/18 15:28:43] [DEV]		Auto-Saving files...
[05/18 15:28:46] [DEV]		Finished auto-save.
[05/18 16:30:03] [DEV]		Auto-Saving files...
[05/18 16:30:03] [DEV]		Finished auto-save.
[05/18 17:30:04] [DEV]		Auto-Saving files...
[05/18 17:30:04] [DEV]		Finished auto-save.
[05/18 18:30:07] [DEV]		Auto-Saving files...
[05/18 18:30:07] [DEV]		Finished auto-save.
[05/18 19:30:14] [DEV]		Auto-Saving files...
[05/18 19:30:14] [DEV]		Finished auto-save.
[05/18 20:30:16] [DEV]		Auto-Saving files...
[05/18 20:30:16] [DEV]		Finished auto-save.
[05/18 21:30:17] [DEV]		Auto-Saving files...
[05/18 21:30:17] [DEV]		Finished auto-save.
[05/18 22:30:20] [DEV]		Auto-Saving files...
[05/18 22:30:20] [DEV]		Finished auto-save.
[05/18 23:30:20] [DEV]		Auto-Saving files...
[05/18 23:30:21] [DEV]		Finished auto-save.
[05/19 00:30:21] [DEV]		Auto-Saving files...
[05/19 00:30:21] [DEV]		Finished auto-save.
[05/19 01:30:21] [DEV]		Auto-Saving files...
[05/19 01:30:21] [DEV]		Finished auto-save.
[05/19 02:30:22] [DEV]		Auto-Saving files...
[05/19 02:30:22] [DEV]		Finished auto-save.
[05/19 03:30:23] [DEV]		Auto-Saving files...
[05/19 03:30:23] [DEV]		Finished auto-save.
[05/19 04:30:23] [DEV]		Auto-Saving files...
[05/19 04:30:23] [DEV]		Finished auto-save.
[05/19 05:30:23] [DEV]		Auto-Saving files...
[05/19 05:30:23] [DEV]		Finished auto-save.
[05/19 06:30:23] [DEV]		Auto-Saving files...
[05/19 06:30:23] [DEV]		Finished auto-save.
[05/19 07:30:24] [DEV]		Auto-Saving files...
[05/19 07:30:24] [DEV]		Finished auto-save.
[05/19 08:30:24] [DEV]		Auto-Saving files...
[05/19 08:30:24] [DEV]		Finished auto-save.
[05/19 09:30:25] [DEV]		Auto-Saving files...
[05/19 09:30:25] [DEV]		Finished auto-save.
[05/19 10:30:25] [DEV]		Auto-Saving files...
[05/19 10:30:25] [DEV]		Finished auto-save.
[05/19 11:30:26] [DEV]		Auto-Saving files...
[05/19 11:30:26] [DEV]		Finished auto-save.
[05/19 12:30:27] [DEV]		Auto-Saving files...
[05/19 12:30:27] [DEV]		Finished auto-save.
[05/19 13:30:28] [DEV]		Auto-Saving files...
[05/19 13:30:28] [DEV]		Finished auto-save.
[05/19 14:30:29] [DEV]		Auto-Saving files...
[05/19 14:30:29] [DEV]		Finished auto-save.
[05/19 15:30:30] [DEV]		Auto-Saving files...
[05/19 15:30:30] [DEV]		Finished auto-save.
[05/19 16:30:31] [DEV]		Auto-Saving files...
[05/19 16:30:31] [DEV]		Finished auto-save.
[05/19 17:30:33] [DEV]		Auto-Saving files...
[05/19 17:30:33] [DEV]		Finished auto-save.
[05/19 18:30:36] [DEV]		Auto-Saving files...
[05/19 18:30:36] [DEV]		Finished auto-save.
[05/19 19:30:39] [DEV]		Auto-Saving files...
[05/19 19:30:39] [DEV]		Finished auto-save.
[05/19 20:30:43] [DEV]		Auto-Saving files...
[05/19 20:30:43] [DEV]		Finished auto-save.
[05/19 21:30:47] [DEV]		Auto-Saving files...
[05/19 21:30:47] [DEV]		Finished auto-save.
[05/19 22:30:50] [DEV]		Auto-Saving files...
[05/19 22:30:50] [DEV]		Finished auto-save.
[05/19 23:30:51] [DEV]		Auto-Saving files...
[05/19 23:30:51] [DEV]		Finished auto-save.
[05/20 00:30:52] [DEV]		Auto-Saving files...
[05/20 00:30:52] [DEV]		Finished auto-save.
[05/20 01:30:52] [DEV]		Auto-Saving files...
[05/20 01:30:52] [DEV]		Finished auto-save.
[05/20 02:30:53] [DEV]		Auto-Saving files...
[05/20 02:30:53] [DEV]		Finished auto-save.
[05/20 03:30:53] [DEV]		Auto-Saving files...
[05/20 03:30:53] [DEV]		Finished auto-save.
[05/20 04:30:54] [DEV]		Auto-Saving files...
[05/20 04:30:54] [DEV]		Finished auto-save.
[05/20 05:30:54] [DEV]		Auto-Saving files...
[05/20 05:30:54] [DEV]		Finished auto-save.
[05/20 06:30:55] [DEV]		Auto-Saving files...
[05/20 06:30:55] [DEV]		Finished auto-save.
[05/20 07:30:55] [DEV]		Auto-Saving files...
[05/20 07:30:55] [DEV]		Finished auto-save.
[05/20 08:30:55] [DEV]		Auto-Saving files...
[05/20 08:30:55] [DEV]		Finished auto-save.
[05/20 09:30:56] [DEV]		Auto-Saving files...
[05/20 09:30:56] [DEV]		Finished auto-save.
[05/20 10:30:58] [DEV]		Auto-Saving files...
[05/20 10:30:58] [DEV]		Finished auto-save.
[05/20 11:30:58] [DEV]		Auto-Saving files...
[05/20 11:30:59] [DEV]		Finished auto-save.
[05/20 12:30:59] [DEV]		Auto-Saving files...
[05/20 12:30:59] [DEV]		Finished auto-save.
[05/20 13:31:02] [DEV]		Auto-Saving files...
[05/20 13:31:02] [DEV]		Finished auto-save.
[05/20 14:31:04] [DEV]		Auto-Saving files...
[05/20 14:31:04] [DEV]		Finished auto-save.
[05/20 15:31:08] [DEV]		Auto-Saving files...
[05/20 15:31:08] [DEV]		Finished auto-save.
[05/20 16:31:10] [DEV]		Auto-Saving files...
[05/20 16:31:11] [DEV]		Finished auto-save.
[05/20 17:31:13] [DEV]		Auto-Saving files...
[05/20 17:31:13] [DEV]		Finished auto-save.
[05/20 18:31:16] [DEV]		Auto-Saving files...
[05/20 18:31:16] [DEV]		Finished auto-save.
[05/20 19:31:21] [DEV]		Auto-Saving files...
[05/20 19:31:21] [DEV]		Finished auto-save.
[05/20 20:31:25] [DEV]		Auto-Saving files...
[05/20 20:31:25] [DEV]		Finished auto-save.
[05/20 21:31:32] [DEV]		Auto-Saving files...
[05/20 21:31:32] [DEV]		Finished auto-save.
[05/20 22:31:34] [DEV]		Auto-Saving files...
[05/20 22:31:34] [DEV]		Finished auto-save.
[05/20 23:31:37] [DEV]		Auto-Saving files...
[05/20 23:31:37] [DEV]		Finished auto-save.
[05/21 00:31:38] [DEV]		Auto-Saving files...
[05/21 00:31:38] [DEV]		Finished auto-save.
[05/21 01:31:39] [DEV]		Auto-Saving files...
[05/21 01:31:39] [DEV]		Finished auto-save.
[05/21 02:31:41] [DEV]		Auto-Saving files...
[05/21 02:31:41] [DEV]		Finished auto-save.
[05/21 03:31:42] [DEV]		Auto-Saving files...
[05/21 03:31:42] [DEV]		Finished auto-save.
[05/21 04:31:44] [DEV]		Auto-Saving files...
[05/21 04:31:44] [DEV]		Finished auto-save.
[05/21 05:31:45] [DEV]		Auto-Saving files...
[05/21 05:31:45] [DEV]		Finished auto-save.
[05/21 06:31:47] [DEV]		Auto-Saving files...
[05/21 06:31:47] [DEV]		Finished auto-save.
[05/21 07:31:49] [DEV]		Auto-Saving files...
[05/21 07:31:49] [DEV]		Finished auto-save.
[05/21 08:31:51] [DEV]		Auto-Saving files...
[05/21 08:31:51] [DEV]		Finished auto-save.
[05/21 09:31:52] [DEV]		Auto-Saving files...
[05/21 09:31:52] [DEV]		Finished auto-save.
[05/21 10:31:54] [DEV]		Auto-Saving files...
[05/21 10:31:54] [DEV]		Finished auto-save.
[05/21 11:31:55] [DEV]		Auto-Saving files...
[05/21 11:31:55] [DEV]		Finished auto-save.
[05/21 12:31:56] [DEV]		Auto-Saving files...
[05/21 12:31:57] [DEV]		Finished auto-save.
[05/21 13:32:01] [DEV]		Auto-Saving files...
[05/21 13:32:01] [DEV]		Finished auto-save.
[05/21 14:32:03] [DEV]		Auto-Saving files...
[05/21 14:32:03] [DEV]		Finished auto-save.
[05/21 15:32:05] [DEV]		Auto-Saving files...
[05/21 15:32:05] [DEV]		Finished auto-save.
[05/21 16:32:08] [DEV]		Auto-Saving files...
[05/21 16:32:08] [DEV]		Finished auto-save.
[05/21 17:32:11] [DEV]		Auto-Saving files...
[05/21 17:32:11] [DEV]		Finished auto-save.
[05/21 18:32:17] [DEV]		Auto-Saving files...
[05/21 18:32:17] [DEV]		Finished auto-save.
[05/21 19:32:25] [DEV]		Auto-Saving files...
[05/21 19:32:25] [DEV]		Finished auto-save.
[05/21 20:32:36] [DEV]		Auto-Saving files...
[05/21 20:32:36] [DEV]		Finished auto-save.
[05/21 21:32:40] [DEV]		Auto-Saving files...
[05/21 21:32:40] [DEV]		Finished auto-save.
[05/21 22:32:45] [DEV]		Auto-Saving files...
[05/21 22:32:45] [DEV]		Finished auto-save.
[05/21 23:32:49] [DEV]		Auto-Saving files...
[05/21 23:32:49] [DEV]		Finished auto-save.
[05/22 00:32:57] [DEV]		Auto-Saving files...
[05/22 00:32:57] [DEV]		Finished auto-save.
[05/22 01:32:59] [DEV]		Auto-Saving files...
[05/22 01:32:59] [DEV]		Finished auto-save.
[05/22 02:33:01] [DEV]		Auto-Saving files...
[05/22 02:33:01] [DEV]		Finished auto-save.
[05/22 03:33:02] [DEV]		Auto-Saving files...
[05/22 03:33:02] [DEV]		Finished auto-save.
[05/22 04:33:04] [DEV]		Auto-Saving files...
[05/22 04:33:04] [DEV]		Finished auto-save.
[05/22 05:33:05] [DEV]		Auto-Saving files...
[05/22 05:33:05] [DEV]		Finished auto-save.
[05/22 06:33:07] [DEV]		Auto-Saving files...
[05/22 06:33:07] [DEV]		Finished auto-save.
[05/22 07:33:09] [DEV]		Auto-Saving files...
[05/22 07:33:09] [DEV]		Finished auto-save.
[05/22 08:33:10] [DEV]		Auto-Saving files...
[05/22 08:33:10] [DEV]		Finished auto-save.
[05/22 09:33:12] [DEV]		Auto-Saving files...
[05/22 09:33:12] [DEV]		Finished auto-save.
[05/22 10:33:13] [DEV]		Auto-Saving files...
[05/22 10:33:13] [DEV]		Finished auto-save.
[05/22 11:33:15] [DEV]		Auto-Saving files...
[05/22 11:33:15] [DEV]		Finished auto-save.
[05/22 12:33:17] [DEV]		Auto-Saving files...
[05/22 12:33:17] [DEV]		Finished auto-save.
[05/22 13:33:19] [DEV]		Auto-Saving files...
[05/22 13:33:19] [DEV]		Finished auto-save.
[05/22 14:33:20] [DEV]		Auto-Saving files...
[05/22 14:33:21] [DEV]		Finished auto-save.
[05/22 15:33:23] [DEV]		Auto-Saving files...
[05/22 15:33:23] [DEV]		Finished auto-save.
[05/22 16:33:24] [DEV]		Auto-Saving files...
[05/22 16:33:24] [DEV]		Finished auto-save.
[05/22 17:33:26] [DEV]		Auto-Saving files...
[05/22 17:33:26] [DEV]		Finished auto-save.
[05/22 18:33:29] [DEV]		Auto-Saving files...
[05/22 18:33:29] [DEV]		Finished auto-save.
[05/22 19:33:37] [DEV]		Auto-Saving files...
[05/22 19:33:37] [DEV]		Finished auto-save.
[05/22 20:33:46] [DEV]		Auto-Saving files...
[05/22 20:33:46] [DEV]		Finished auto-save.
[05/22 21:34:04] [DEV]		Auto-Saving files...
[05/22 21:34:04] [DEV]		Finished auto-save.
[05/22 22:34:16] [DEV]		Auto-Saving files...
[05/22 22:34:16] [DEV]		Finished auto-save.
[05/22 23:34:26] [DEV]		Auto-Saving files...
[05/22 23:34:26] [DEV]		Finished auto-save.
[05/23 00:35:11] [DEV]		Auto-Saving files...
[05/23 00:35:12] [DEV]		Finished auto-save.
[05/23 01:35:33] [DEV]		Auto-Saving files...
[05/23 01:35:33] [DEV]		Finished auto-save.
[05/23 02:35:40] [DEV]		Auto-Saving files...
[05/23 02:35:40] [DEV]		Finished auto-save.
[05/23 03:35:46] [DEV]		Auto-Saving files...
[05/23 03:35:46] [DEV]		Finished auto-save.
[05/23 04:35:49] [DEV]		Auto-Saving files...
[05/23 04:35:49] [DEV]		Finished auto-save.
[05/23 05:35:50] [DEV]		Auto-Saving files...
[05/23 05:35:50] [DEV]		Finished auto-save.
[05/23 06:35:51] [DEV]		Auto-Saving files...
[05/23 06:35:51] [DEV]		Finished auto-save.
[05/23 07:35:52] [DEV]		Auto-Saving files...
[05/23 07:35:52] [DEV]		Finished auto-save.
[05/23 08:35:54] [DEV]		Auto-Saving files...
[05/23 08:35:54] [DEV]		Finished auto-save.
[05/23 09:35:55] [DEV]		Auto-Saving files...
[05/23 09:35:55] [DEV]		Finished auto-save.
[05/23 10:35:57] [DEV]		Auto-Saving files...
[05/23 10:35:57] [DEV]		Finished auto-save.
[05/23 11:35:59] [DEV]		Auto-Saving files...
[05/23 11:35:59] [DEV]		Finished auto-save.
[05/23 12:36:02] [DEV]		Auto-Saving files...
[05/23 12:36:02] [DEV]		Finished auto-save.
[05/23 13:36:04] [DEV]		Auto-Saving files...
[05/23 13:36:04] [DEV]		Finished auto-save.
[05/23 14:36:05] [DEV]		Auto-Saving files...
[05/23 14:36:05] [DEV]		Finished auto-save.
[05/23 15:36:11] [DEV]		Auto-Saving files...
[05/23 15:36:11] [DEV]		Finished auto-save.
[05/23 16:36:19] [DEV]		Auto-Saving files...
[05/23 16:36:19] [DEV]		Finished auto-save.
[05/23 17:36:27] [DEV]		Auto-Saving files...
[05/23 17:36:27] [DEV]		Finished auto-save.
[05/23 18:36:36] [DEV]		Auto-Saving files...
[05/23 18:36:36] [DEV]		Finished auto-save.
[05/23 19:36:50] [DEV]		Auto-Saving files...
[05/23 19:36:50] [DEV]		Finished auto-save.
[05/23 20:37:03] [DEV]		Auto-Saving files...
[05/23 20:37:03] [DEV]		Finished auto-save.
[05/23 21:37:15] [DEV]		Auto-Saving files...
[05/23 21:37:15] [DEV]		Finished auto-save.
[05/23 22:37:17] [DEV]		Auto-Saving files...
[05/23 22:37:17] [DEV]		Finished auto-save.
[05/23 23:37:19] [DEV]		Auto-Saving files...
[05/23 23:37:19] [DEV]		Finished auto-save.
[05/24 00:37:21] [DEV]		Auto-Saving files...
[05/24 00:37:21] [DEV]		Finished auto-save.
[05/24 01:37:26] [DEV]		Auto-Saving files...
[05/24 01:37:26] [DEV]		Finished auto-save.
[05/24 02:37:35] [DEV]		Auto-Saving files...
[05/24 02:37:35] [DEV]		Finished auto-save.
[05/24 03:37:37] [DEV]		Auto-Saving files...
[05/24 03:37:37] [DEV]		Finished auto-save.
[05/24 04:37:38] [DEV]		Auto-Saving files...
[05/24 04:37:38] [DEV]		Finished auto-save.
[05/24 05:37:39] [DEV]		Auto-Saving files...
[05/24 05:37:39] [DEV]		Finished auto-save.
[05/24 06:37:41] [DEV]		Auto-Saving files...
[05/24 06:37:41] [DEV]		Finished auto-save.
[05/24 07:37:42] [DEV]		Auto-Saving files...
[05/24 07:37:42] [DEV]		Finished auto-save.
[05/24 08:37:44] [DEV]		Auto-Saving files...
[05/24 08:37:44] [DEV]		Finished auto-save.
[05/24 09:37:46] [DEV]		Auto-Saving files...
[05/24 09:37:46] [DEV]		Finished auto-save.
[05/24 10:40:03] [DEV]		Auto-Saving files...
[05/24 10:40:04] [DEV]		Finished auto-save.
[05/24 11:40:06] [DEV]		Auto-Saving files...
[05/24 11:40:06] [DEV]		Finished auto-save.
[05/24 12:40:09] [DEV]		Auto-Saving files...
[05/24 12:40:09] [DEV]		Finished auto-save.
[05/24 13:33:37] [INFO]		Disabling MineConomy...
[05/24 15:53:44] [DEV]		Enabling plugin...
[05/24 15:53:44] [DEV]		Loading Config file...
[05/24 15:53:44] [DEV]		Config file loaded!
[05/24 15:53:44] [DEV]		YML is enabled for Accounts.
[05/24 15:53:44] [INFO]		Loading Accounts file...
[05/24 15:53:44] [INFO]		Accounts file loaded!
[05/24 15:53:44] [DEV]		Loading Banks file...
[05/24 15:53:44] [DEV]		Banks file loaded!
[05/24 15:53:44] [DEV]		Loading Currency file...
[05/24 15:53:44] [DEV]		Currency file loaded!
[05/24 15:53:44] [DEV]		Loading Language file...
[05/24 15:53:44] [DEV]		Language file loaded!
[05/24 15:53:44] [INFO]		Interest Disabled.
[05/24 15:53:44] [INFO]		Tax Disabled.
[05/24 15:53:44] [INFO]		GUI Disabled.
[05/24 15:53:44] [DEV]		Checking for updates...
[05/24 15:53:44] [IMPORTANT]	Version 1.7.3 by Bodyash is enabled!
[05/24 15:53:59] [DEV]		Auto-Saving files...
[05/24 15:53:59] [DEV]		Finished auto-save.
[05/24 16:54:01] [DEV]		Auto-Saving files...
[05/24 16:54:01] [DEV]		Finished auto-save.
[05/24 17:54:04] [DEV]		Auto-Saving files...
[05/24 17:54:04] [DEV]		Finished auto-save.
[05/24 18:54:06] [DEV]		Auto-Saving files...
[05/24 18:54:06] [DEV]		Finished auto-save.
[05/24 19:54:08] [DEV]		Auto-Saving files...
[05/24 19:54:08] [DEV]		Finished auto-save.
[05/24 20:54:10] [DEV]		Auto-Saving files...
[05/24 20:54:10] [DEV]		Finished auto-save.
[05/24 21:54:14] [DEV]		Auto-Saving files...
[05/24 21:54:15] [DEV]		Finished auto-save.
[05/24 22:54:19] [DEV]		Auto-Saving files...
[05/24 22:54:19] [DEV]		Finished auto-save.
[05/24 23:54:21] [DEV]		Auto-Saving files...
[05/24 23:54:21] [DEV]		Finished auto-save.
[05/25 00:54:22] [DEV]		Auto-Saving files...
[05/25 00:54:22] [DEV]		Finished auto-save.
[05/25 01:54:23] [DEV]		Auto-Saving files...
[05/25 01:54:23] [DEV]		Finished auto-save.
[05/25 02:54:24] [DEV]		Auto-Saving files...
[05/25 02:54:24] [DEV]		Finished auto-save.
[05/25 03:54:24] [DEV]		Auto-Saving files...
[05/25 03:54:24] [DEV]		Finished auto-save.
[05/25 04:54:25] [DEV]		Auto-Saving files...
[05/25 04:54:25] [DEV]		Finished auto-save.
[05/25 05:54:26] [DEV]		Auto-Saving files...
[05/25 05:54:26] [DEV]		Finished auto-save.
[05/25 06:54:27] [DEV]		Auto-Saving files...
[05/25 06:54:27] [DEV]		Finished auto-save.
[05/25 07:54:28] [DEV]		Auto-Saving files...
[05/25 07:54:28] [DEV]		Finished auto-save.
[05/25 08:54:29] [DEV]		Auto-Saving files...
[05/25 08:54:29] [DEV]		Finished auto-save.
[05/25 09:54:30] [DEV]		Auto-Saving files...
[05/25 09:54:30] [DEV]		Finished auto-save.
[05/25 10:54:33] [DEV]		Auto-Saving files...
[05/25 10:54:33] [DEV]		Finished auto-save.
[05/25 11:54:36] [DEV]		Auto-Saving files...
[05/25 11:54:36] [DEV]		Finished auto-save.
[05/25 12:54:39] [DEV]		Auto-Saving files...
[05/25 12:54:39] [DEV]		Finished auto-save.
[05/25 13:54:41] [DEV]		Auto-Saving files...
[05/25 13:54:41] [DEV]		Finished auto-save.
[05/25 14:54:46] [DEV]		Auto-Saving files...
[05/25 14:54:46] [DEV]		Finished auto-save.
[05/25 15:54:52] [DEV]		Auto-Saving files...
[05/25 15:54:52] [DEV]		Finished auto-save.
[05/25 16:54:58] [DEV]		Auto-Saving files...
[05/25 16:54:59] [DEV]		Finished auto-save.
[05/25 17:55:07] [DEV]		Auto-Saving files...
[05/25 17:55:07] [DEV]		Finished auto-save.
[05/25 18:55:11] [DEV]		Auto-Saving files...
[05/25 18:55:11] [DEV]		Finished auto-save.
[05/25 19:55:17] [DEV]		Auto-Saving files...
[05/25 19:55:17] [DEV]		Finished auto-save.
[05/25 20:55:21] [DEV]		Auto-Saving files...
[05/25 20:55:21] [DEV]		Finished auto-save.
[05/25 21:55:26] [DEV]		Auto-Saving files...
[05/25 21:55:26] [DEV]		Finished auto-save.
[05/25 22:55:33] [DEV]		Auto-Saving files...
[05/25 22:55:33] [DEV]		Finished auto-save.
[05/25 23:55:35] [DEV]		Auto-Saving files...
[05/25 23:55:35] [DEV]		Finished auto-save.
[05/26 00:55:36] [DEV]		Auto-Saving files...
[05/26 00:55:36] [DEV]		Finished auto-save.
[05/26 01:55:37] [DEV]		Auto-Saving files...
[05/26 01:55:37] [DEV]		Finished auto-save.
[05/26 02:55:39] [DEV]		Auto-Saving files...
[05/26 02:55:39] [DEV]		Finished auto-save.
[05/26 03:55:40] [DEV]		Auto-Saving files...
[05/26 03:55:40] [DEV]		Finished auto-save.
[05/26 04:55:41] [DEV]		Auto-Saving files...
[05/26 04:55:41] [DEV]		Finished auto-save.
[05/26 05:55:41] [DEV]		Auto-Saving files...
[05/26 05:55:41] [DEV]		Finished auto-save.
[05/26 06:55:42] [DEV]		Auto-Saving files...
[05/26 06:55:42] [DEV]		Finished auto-save.
[05/26 07:55:46] [DEV]		Auto-Saving files...
[05/26 07:55:46] [DEV]		Finished auto-save.
[05/26 08:55:47] [DEV]		Auto-Saving files...
[05/26 08:55:47] [DEV]		Finished auto-save.
[05/26 09:55:48] [DEV]		Auto-Saving files...
[05/26 09:55:48] [DEV]		Finished auto-save.
[05/26 10:55:49] [DEV]		Auto-Saving files...
[05/26 10:55:49] [DEV]		Finished auto-save.
[05/26 11:55:49] [DEV]		Auto-Saving files...
[05/26 11:55:50] [DEV]		Finished auto-save.
[05/26 12:55:51] [DEV]		Auto-Saving files...
[05/26 12:55:51] [DEV]		Finished auto-save.
[05/26 13:55:52] [DEV]		Auto-Saving files...
[05/26 13:55:52] [DEV]		Finished auto-save.
[05/26 14:55:53] [DEV]		Auto-Saving files...
[05/26 14:55:53] [DEV]		Finished auto-save.
[05/26 15:08:59] [INFO]		Disabling MineConomy...
[05/26 15:09:24] [DEV]		Enabling plugin...
[05/26 15:09:24] [DEV]		Loading Config file...
[05/26 15:09:24] [DEV]		Config file loaded!
[05/26 15:09:24] [DEV]		YML is enabled for Accounts.
[05/26 15:09:24] [INFO]		Loading Accounts file...
[05/26 15:09:25] [INFO]		Accounts file loaded!
[05/26 15:09:25] [DEV]		Loading Banks file...
[05/26 15:09:25] [DEV]		Banks file loaded!
[05/26 15:09:25] [DEV]		Loading Currency file...
[05/26 15:09:25] [DEV]		Currency file loaded!
[05/26 15:09:25] [DEV]		Loading Language file...
[05/26 15:09:25] [DEV]		Language file loaded!
[05/26 15:09:25] [INFO]		Interest Disabled.
[05/26 15:09:25] [INFO]		Tax Disabled.
[05/26 15:09:25] [INFO]		GUI Disabled.
[05/26 15:09:25] [DEV]		Checking for updates...
[05/26 15:09:25] [IMPORTANT]	Version 1.7.3 by Bodyash is enabled!
[05/26 15:09:42] [DEV]		Auto-Saving files...
[05/26 15:09:43] [DEV]		Finished auto-save.
[05/26 16:09:43] [DEV]		Auto-Saving files...
[05/26 16:09:43] [DEV]		Finished auto-save.
[05/26 17:09:45] [DEV]		Auto-Saving files...
[05/26 17:09:45] [DEV]		Finished auto-save.
[05/26 18:09:47] [DEV]		Auto-Saving files...
[05/26 18:09:47] [DEV]		Finished auto-save.
[05/26 19:09:55] [DEV]		Auto-Saving files...
[05/26 19:09:55] [DEV]		Finished auto-save.
[05/26 20:10:00] [DEV]		Auto-Saving files...
[05/26 20:10:00] [DEV]		Finished auto-save.
[05/26 21:10:05] [DEV]		Auto-Saving files...
[05/26 21:10:06] [DEV]		Finished auto-save.
[05/26 22:10:10] [DEV]		Auto-Saving files...
[05/26 22:10:10] [DEV]		Finished auto-save.
[05/26 23:10:12] [DEV]		Auto-Saving files...
[05/26 23:10:12] [DEV]		Finished auto-save.
[05/27 00:10:13] [DEV]		Auto-Saving files...
[05/27 00:10:13] [DEV]		Finished auto-save.
[05/27 01:10:14] [DEV]		Auto-Saving files...
[05/27 01:10:14] [DEV]		Finished auto-save.
[05/27 02:10:14] [DEV]		Auto-Saving files...
[05/27 02:10:15] [DEV]		Finished auto-save.
[05/27 03:10:15] [DEV]		Auto-Saving files...
[05/27 03:10:15] [DEV]		Finished auto-save.
[05/27 04:10:16] [DEV]		Auto-Saving files...
[05/27 04:10:16] [DEV]		Finished auto-save.
[05/27 05:10:17] [DEV]		Auto-Saving files...
[05/27 05:10:17] [DEV]		Finished auto-save.
[05/27 06:10:17] [DEV]		Auto-Saving files...
[05/27 06:10:17] [DEV]		Finished auto-save.
[05/27 07:10:18] [DEV]		Auto-Saving files...
[05/27 07:10:18] [DEV]		Finished auto-save.
[05/27 08:10:20] [DEV]		Auto-Saving files...
[05/27 08:10:20] [DEV]		Finished auto-save.
[05/27 09:10:21] [DEV]		Auto-Saving files...
[05/27 09:10:21] [DEV]		Finished auto-save.
[05/27 10:10:22] [DEV]		Auto-Saving files...
[05/27 10:10:22] [DEV]		Finished auto-save.
[05/27 11:10:23] [DEV]		Auto-Saving files...
[05/27 11:10:23] [DEV]		Finished auto-save.
[05/27 12:10:24] [DEV]		Auto-Saving files...
[05/27 12:10:24] [DEV]		Finished auto-save.
[05/27 13:10:26] [DEV]		Auto-Saving files...
[05/27 13:10:26] [DEV]		Finished auto-save.
[05/27 14:10:29] [DEV]		Auto-Saving files...
[05/27 14:10:29] [DEV]		Finished auto-save.
[05/27 15:10:36] [DEV]		Auto-Saving files...
[05/27 15:10:36] [DEV]		Finished auto-save.
[05/27 16:10:43] [DEV]		Auto-Saving files...
[05/27 16:10:43] [DEV]		Finished auto-save.
[05/27 17:10:48] [DEV]		Auto-Saving files...
[05/27 17:10:48] [DEV]		Finished auto-save.
[05/27 18:10:57] [DEV]		Auto-Saving files...
[05/27 18:10:57] [DEV]		Finished auto-save.
[05/27 19:11:10] [DEV]		Auto-Saving files...
[05/27 19:11:10] [DEV]		Finished auto-save.
[05/27 20:11:22] [DEV]		Auto-Saving files...
[05/27 20:11:23] [DEV]		Finished auto-save.
[05/27 21:11:29] [DEV]		Auto-Saving files...
[05/27 21:11:29] [DEV]		Finished auto-save.
[05/27 22:11:34] [DEV]		Auto-Saving files...
[05/27 22:11:34] [DEV]		Finished auto-save.
[05/27 23:11:37] [DEV]		Auto-Saving files...
[05/27 23:11:37] [DEV]		Finished auto-save.
[05/28 00:11:40] [DEV]		Auto-Saving files...
[05/28 00:11:40] [DEV]		Finished auto-save.
[05/28 01:11:43] [DEV]		Auto-Saving files...
[05/28 01:11:43] [DEV]		Finished auto-save.
[05/28 02:11:44] [DEV]		Auto-Saving files...
[05/28 02:11:44] [DEV]		Finished auto-save.
[05/28 03:11:46] [DEV]		Auto-Saving files...
[05/28 03:11:46] [DEV]		Finished auto-save.
[05/28 04:11:47] [DEV]		Auto-Saving files...
[05/28 04:11:47] [DEV]		Finished auto-save.
[05/28 05:11:49] [DEV]		Auto-Saving files...
[05/28 05:11:49] [DEV]		Finished auto-save.
[05/28 06:11:50] [DEV]		Auto-Saving files...
[05/28 06:11:50] [DEV]		Finished auto-save.
[05/28 07:11:54] [DEV]		Auto-Saving files...
[05/28 07:11:54] [DEV]		Finished auto-save.
[05/28 08:11:56] [DEV]		Auto-Saving files...
[05/28 08:11:56] [DEV]		Finished auto-save.
[05/28 09:11:58] [DEV]		Auto-Saving files...
[05/28 09:11:58] [DEV]		Finished auto-save.
[05/28 10:11:59] [DEV]		Auto-Saving files...
[05/28 10:12:00] [DEV]		Finished auto-save.
[05/28 11:12:01] [DEV]		Auto-Saving files...
[05/28 11:12:01] [DEV]		Finished auto-save.
[05/28 12:12:03] [DEV]		Auto-Saving files...
[05/28 12:12:03] [DEV]		Finished auto-save.
[05/28 13:12:05] [DEV]		Auto-Saving files...
[05/28 13:12:05] [DEV]		Finished auto-save.
[05/28 14:12:06] [DEV]		Auto-Saving files...
[05/28 14:12:06] [DEV]		Finished auto-save.
[05/28 15:12:09] [DEV]		Auto-Saving files...
[05/28 15:12:09] [DEV]		Finished auto-save.
[05/28 16:12:12] [DEV]		Auto-Saving files...
[05/28 16:12:12] [DEV]		Finished auto-save.
[05/28 17:12:15] [DEV]		Auto-Saving files...
[05/28 17:12:15] [DEV]		Finished auto-save.
[05/28 18:12:19] [DEV]		Auto-Saving files...
[05/28 18:12:19] [DEV]		Finished auto-save.
[05/28 19:12:28] [DEV]		Auto-Saving files...
[05/28 19:12:28] [DEV]		Finished auto-save.
[05/28 20:12:46] [DEV]		Auto-Saving files...
[05/28 20:12:46] [DEV]		Finished auto-save.
[05/28 21:12:58] [DEV]		Auto-Saving files...
[05/28 21:12:58] [DEV]		Finished auto-save.
[05/28 22:13:06] [DEV]		Auto-Saving files...
[05/28 22:13:06] [DEV]		Finished auto-save.
[05/28 23:13:09] [DEV]		Auto-Saving files...
[05/28 23:13:09] [DEV]		Finished auto-save.
[05/29 00:13:10] [DEV]		Auto-Saving files...
[05/29 00:13:10] [DEV]		Finished auto-save.
[05/29 01:13:12] [DEV]		Auto-Saving files...
[05/29 01:13:12] [DEV]		Finished auto-save.
[05/29 02:13:13] [DEV]		Auto-Saving files...
[05/29 02:13:13] [DEV]		Finished auto-save.
[05/29 03:13:14] [DEV]		Auto-Saving files...
[05/29 03:13:14] [DEV]		Finished auto-save.
[05/29 04:13:15] [DEV]		Auto-Saving files...
[05/29 04:13:16] [DEV]		Finished auto-save.
[05/29 05:13:17] [DEV]		Auto-Saving files...
[05/29 05:13:17] [DEV]		Finished auto-save.
[05/29 06:13:19] [DEV]		Auto-Saving files...
[05/29 06:13:19] [DEV]		Finished auto-save.
[05/29 07:13:21] [DEV]		Auto-Saving files...
[05/29 07:13:21] [DEV]		Finished auto-save.
[05/29 08:13:23] [DEV]		Auto-Saving files...
[05/29 08:13:23] [DEV]		Finished auto-save.
[05/29 09:13:24] [DEV]		Auto-Saving files...
[05/29 09:13:24] [DEV]		Finished auto-save.
[05/29 10:13:25] [DEV]		Auto-Saving files...
[05/29 10:13:26] [DEV]		Finished auto-save.
[05/29 11:13:27] [DEV]		Auto-Saving files...
[05/29 11:13:27] [DEV]		Finished auto-save.
[05/29 12:13:28] [DEV]		Auto-Saving files...
[05/29 12:13:29] [DEV]		Finished auto-save.
[05/29 13:13:30] [DEV]		Auto-Saving files...
[05/29 13:13:30] [DEV]		Finished auto-save.
[05/29 14:13:31] [DEV]		Auto-Saving files...
[05/29 14:13:31] [DEV]		Finished auto-save.
[05/29 15:13:34] [DEV]		Auto-Saving files...
[05/29 15:13:34] [DEV]		Finished auto-save.
[05/29 16:13:36] [DEV]		Auto-Saving files...
[05/29 16:13:36] [DEV]		Finished auto-save.
[05/29 17:13:43] [DEV]		Auto-Saving files...
[05/29 17:13:43] [DEV]		Finished auto-save.
[05/29 18:14:02] [DEV]		Auto-Saving files...
[05/29 18:14:02] [DEV]		Finished auto-save.
[05/29 19:14:17] [DEV]		Auto-Saving files...
[05/29 19:14:17] [DEV]		Finished auto-save.
[05/29 20:14:31] [DEV]		Auto-Saving files...
[05/29 20:14:31] [DEV]		Finished auto-save.
[05/29 21:14:42] [DEV]		Auto-Saving files...
[05/29 21:14:42] [DEV]		Finished auto-save.
[05/29 22:14:59] [DEV]		Auto-Saving files...
[05/29 22:14:59] [DEV]		Finished auto-save.
[05/29 23:15:11] [DEV]		Auto-Saving files...
[05/29 23:15:11] [DEV]		Finished auto-save.
[05/30 00:15:17] [DEV]		Auto-Saving files...
[05/30 00:15:17] [DEV]		Finished auto-save.
[05/30 01:15:19] [DEV]		Auto-Saving files...
[05/30 01:15:19] [DEV]		Finished auto-save.
[05/30 02:15:21] [DEV]		Auto-Saving files...
[05/30 02:15:21] [DEV]		Finished auto-save.
[05/30 03:15:22] [DEV]		Auto-Saving files...
[05/30 03:15:22] [DEV]		Finished auto-save.
[05/30 04:15:24] [DEV]		Auto-Saving files...
[05/30 04:15:24] [DEV]		Finished auto-save.
[05/30 05:15:25] [DEV]		Auto-Saving files...
[05/30 05:15:25] [DEV]		Finished auto-save.
[05/30 06:15:29] [DEV]		Auto-Saving files...
[05/30 06:15:30] [DEV]		Finished auto-save.
[05/30 07:15:33] [DEV]		Auto-Saving files...
[05/30 07:15:33] [DEV]		Finished auto-save.
[05/30 08:15:39] [DEV]		Auto-Saving files...
[05/30 08:15:39] [DEV]		Finished auto-save.
[05/30 09:15:40] [DEV]		Auto-Saving files...
[05/30 09:15:40] [DEV]		Finished auto-save.
[05/30 10:15:52] [DEV]		Auto-Saving files...
[05/30 10:15:52] [DEV]		Finished auto-save.
[05/30 11:15:57] [DEV]		Auto-Saving files...
[05/30 11:15:57] [DEV]		Finished auto-save.
[05/30 12:16:05] [DEV]		Auto-Saving files...
[05/30 12:16:05] [DEV]		Finished auto-save.
[05/30 13:16:14] [DEV]		Auto-Saving files...
[05/30 13:16:14] [DEV]		Finished auto-save.
[05/30 14:16:23] [DEV]		Auto-Saving files...
[05/30 14:16:23] [DEV]		Finished auto-save.
[05/30 15:16:37] [DEV]		Auto-Saving files...
[05/30 18:44:19] [DEV]		Enabling plugin...
[05/30 18:44:19] [DEV]		Loading Config file...
[05/30 18:44:19] [DEV]		Config file loaded!
[05/30 18:44:19] [DEV]		YML is enabled for Accounts.
[05/30 18:44:20] [INFO]		Loading Accounts file...
[05/30 18:44:20] [INFO]		Accounts file loaded!
[05/30 18:44:20] [DEV]		Loading Banks file...
[05/30 18:44:20] [DEV]		Banks file loaded!
[05/30 18:44:20] [DEV]		Loading Currency file...
[05/30 18:44:20] [DEV]		Currency file loaded!
[05/30 18:44:20] [DEV]		Loading Language file...
[05/30 18:44:20] [DEV]		Language file loaded!
[05/30 18:44:20] [INFO]		Interest Disabled.
[05/30 18:44:20] [INFO]		Tax Disabled.
[05/30 18:44:20] [INFO]		GUI Disabled.
[05/30 18:44:20] [DEV]		Checking for updates...
[05/30 18:44:20] [IMPORTANT]	Version 1.7.3 by Bodyash is enabled!
[05/30 18:44:41] [DEV]		Auto-Saving files...
[05/30 18:44:41] [DEV]		Finished auto-save.
[05/30 19:44:55] [DEV]		Auto-Saving files...
[05/30 19:44:55] [DEV]		Finished auto-save.
[05/30 20:45:07] [DEV]		Auto-Saving files...
[05/30 20:45:07] [DEV]		Finished auto-save.
[05/30 21:45:22] [DEV]		Auto-Saving files...
[05/30 21:45:22] [DEV]		Finished auto-save.
[05/30 22:45:41] [DEV]		Auto-Saving files...
[05/30 22:45:41] [DEV]		Finished auto-save.
[05/30 23:45:51] [DEV]		Auto-Saving files...
[05/30 23:45:51] [DEV]		Finished auto-save.
[05/31 00:46:01] [DEV]		Auto-Saving files...
[05/31 00:46:01] [DEV]		Finished auto-save.
[05/31 01:46:07] [DEV]		Auto-Saving files...
[05/31 01:46:07] [DEV]		Finished auto-save.
[05/31 02:46:11] [DEV]		Auto-Saving files...
[05/31 02:46:11] [DEV]		Finished auto-save.
[05/31 03:46:13] [DEV]		Auto-Saving files...
[05/31 03:46:13] [DEV]		Finished auto-save.
[05/31 04:46:15] [DEV]		Auto-Saving files...
[05/31 04:46:15] [DEV]		Finished auto-save.
[05/31 05:46:17] [DEV]		Auto-Saving files...
[05/31 05:46:17] [DEV]		Finished auto-save.
[05/31 06:46:18] [DEV]		Auto-Saving files...
[05/31 06:46:18] [DEV]		Finished auto-save.
[05/31 07:46:23] [DEV]		Auto-Saving files...
[05/31 07:46:23] [DEV]		Finished auto-save.
[05/31 08:46:25] [DEV]		Auto-Saving files...
[05/31 08:46:25] [DEV]		Finished auto-save.
[05/31 09:46:27] [DEV]		Auto-Saving files...
[05/31 09:46:27] [DEV]		Finished auto-save.
[05/31 10:46:31] [DEV]		Auto-Saving files...
[05/31 10:46:32] [DEV]		Finished auto-save.
[05/31 11:46:39] [DEV]		Auto-Saving files...
[05/31 11:46:39] [DEV]		Finished auto-save.
[05/31 12:46:49] [DEV]		Auto-Saving files...
[05/31 12:46:49] [DEV]		Finished auto-save.
[05/31 13:47:01] [DEV]		Auto-Saving files...
[05/31 13:47:01] [DEV]		Finished auto-save.
[05/31 14:47:15] [DEV]		Auto-Saving files...
[05/31 14:47:15] [DEV]		Finished auto-save.
[05/31 15:47:31] [DEV]		Auto-Saving files...
[05/31 15:47:31] [DEV]		Finished auto-save.
[05/31 16:47:47] [DEV]		Auto-Saving files...
[05/31 16:47:47] [DEV]		Finished auto-save.
[05/31 17:48:07] [DEV]		Auto-Saving files...
[05/31 17:48:07] [DEV]		Finished auto-save.
[05/31 18:48:29] [DEV]		Auto-Saving files...
[05/31 18:48:29] [DEV]		Finished auto-save.
[05/31 19:48:47] [DEV]		Auto-Saving files...
[05/31 19:48:47] [DEV]		Finished auto-save.
[05/31 20:49:00] [DEV]		Auto-Saving files...
[05/31 20:49:00] [DEV]		Finished auto-save.
[05/31 21:49:09] [DEV]		Auto-Saving files...
[05/31 21:49:09] [DEV]		Finished auto-save.
[05/31 22:49:18] [DEV]		Auto-Saving files...
[05/31 22:49:18] [DEV]		Finished auto-save.
[05/31 23:49:24] [DEV]		Auto-Saving files...
[05/31 23:49:24] [DEV]		Finished auto-save.
[06/01 00:49:28] [DEV]		Auto-Saving files...
[06/01 00:49:28] [DEV]		Finished auto-save.
[06/01 01:49:30] [DEV]		Auto-Saving files...
[06/01 01:49:30] [DEV]		Finished auto-save.
[06/01 02:49:32] [DEV]		Auto-Saving files...
[06/01 02:49:32] [DEV]		Finished auto-save.
[06/01 03:49:33] [DEV]		Auto-Saving files...
[06/01 03:49:33] [DEV]		Finished auto-save.
[06/01 04:49:35] [DEV]		Auto-Saving files...
[06/01 04:49:35] [DEV]		Finished auto-save.
[06/01 05:49:37] [DEV]		Auto-Saving files...
[06/01 05:49:37] [DEV]		Finished auto-save.
[06/01 06:49:39] [DEV]		Auto-Saving files...
[06/01 06:49:39] [DEV]		Finished auto-save.
[06/01 07:49:46] [DEV]		Auto-Saving files...
[06/01 07:49:46] [DEV]		Finished auto-save.
[06/01 08:49:47] [DEV]		Auto-Saving files...
[06/01 08:49:47] [DEV]		Finished auto-save.
[06/01 09:49:49] [DEV]		Auto-Saving files...
[06/01 09:49:49] [DEV]		Finished auto-save.
[06/01 10:49:51] [DEV]		Auto-Saving files...
[06/01 10:49:51] [DEV]		Finished auto-save.
[06/01 11:49:54] [DEV]		Auto-Saving files...
[06/01 11:49:54] [DEV]		Finished auto-save.
[06/01 12:49:59] [DEV]		Auto-Saving files...
[06/01 12:49:59] [DEV]		Finished auto-save.
[06/01 13:50:01] [DEV]		Auto-Saving files...
[06/01 13:50:01] [DEV]		Finished auto-save.
[06/01 14:50:04] [DEV]		Auto-Saving files...
[06/01 14:50:04] [DEV]		Finished auto-save.
[06/01 15:50:07] [DEV]		Auto-Saving files...
[06/01 15:50:07] [DEV]		Finished auto-save.
[06/01 16:50:11] [DEV]		Auto-Saving files...
[06/01 16:50:11] [DEV]		Finished auto-save.
[06/01 17:50:19] [DEV]		Auto-Saving files...
[06/01 17:50:19] [DEV]		Finished auto-save.
[06/01 18:50:35] [DEV]		Auto-Saving files...
[06/01 18:50:35] [DEV]		Finished auto-save.
[06/01 19:50:48] [DEV]		Auto-Saving files...
[06/01 19:50:48] [DEV]		Finished auto-save.
[06/01 20:50:57] [DEV]		Auto-Saving files...
[06/01 20:50:57] [DEV]		Finished auto-save.
[06/01 21:51:06] [DEV]		Auto-Saving files...
[06/01 21:51:07] [DEV]		Finished auto-save.
[06/01 22:51:14] [DEV]		Auto-Saving files...
[06/01 22:51:14] [DEV]		Finished auto-save.
[06/01 23:51:18] [DEV]		Auto-Saving files...
[06/01 23:51:18] [DEV]		Finished auto-save.
[06/02 00:51:20] [DEV]		Auto-Saving files...
[06/02 00:51:20] [DEV]		Finished auto-save.
[06/02 01:51:22] [DEV]		Auto-Saving files...
[06/02 01:51:22] [DEV]		Finished auto-save.
[06/02 02:51:22] [DEV]		Auto-Saving files...
[06/02 02:51:22] [DEV]		Finished auto-save.
[06/02 03:51:23] [DEV]		Auto-Saving files...
[06/02 03:51:23] [DEV]		Finished auto-save.
[06/02 04:51:24] [DEV]		Auto-Saving files...
[06/02 04:51:24] [DEV]		Finished auto-save.
[06/02 05:51:25] [DEV]		Auto-Saving files...
[06/02 05:51:25] [DEV]		Finished auto-save.
[06/02 06:51:26] [DEV]		Auto-Saving files...
[06/02 06:51:26] [DEV]		Finished auto-save.
[06/02 07:51:27] [DEV]		Auto-Saving files...
[06/02 07:51:27] [DEV]		Finished auto-save.
[06/02 08:51:28] [DEV]		Auto-Saving files...
[06/02 08:51:28] [DEV]		Finished auto-save.
[06/02 09:51:29] [DEV]		Auto-Saving files...
[06/02 09:51:29] [DEV]		Finished auto-save.
[06/02 10:51:30] [DEV]		Auto-Saving files...
[06/02 10:51:30] [DEV]		Finished auto-save.
[06/02 11:51:31] [DEV]		Auto-Saving files...
[06/02 11:51:31] [DEV]		Finished auto-save.
[06/02 12:51:32] [DEV]		Auto-Saving files...
[06/02 12:51:32] [DEV]		Finished auto-save.
[06/02 13:51:33] [DEV]		Auto-Saving files...
[06/02 13:51:33] [DEV]		Finished auto-save.
[06/02 14:51:34] [DEV]		Auto-Saving files...
[06/02 14:51:34] [DEV]		Finished auto-save.
[06/02 15:51:36] [DEV]		Auto-Saving files...
[06/02 15:51:36] [DEV]		Finished auto-save.
[06/02 16:51:38] [DEV]		Auto-Saving files...
[06/02 16:51:38] [DEV]		Finished auto-save.
[06/02 17:51:42] [DEV]		Auto-Saving files...
[06/02 17:51:42] [DEV]		Finished auto-save.
[06/02 18:51:49] [DEV]		Auto-Saving files...
[06/02 18:51:49] [DEV]		Finished auto-save.
[06/02 19:51:56] [DEV]		Auto-Saving files...
[06/02 19:51:56] [DEV]		Finished auto-save.
[06/02 20:52:01] [DEV]		Auto-Saving files...
[06/02 20:52:02] [DEV]		Finished auto-save.
[06/02 21:52:12] [DEV]		Auto-Saving files...
[06/02 21:52:12] [DEV]		Finished auto-save.
[06/02 22:52:18] [DEV]		Auto-Saving files...
[06/02 22:52:18] [DEV]		Finished auto-save.
[06/02 23:52:22] [DEV]		Auto-Saving files...
[06/02 23:52:22] [DEV]		Finished auto-save.
[06/03 00:52:23] [DEV]		Auto-Saving files...
[06/03 00:52:23] [DEV]		Finished auto-save.
[06/03 01:52:24] [DEV]		Auto-Saving files...
[06/03 01:52:24] [DEV]		Finished auto-save.
[06/03 02:52:25] [DEV]		Auto-Saving files...
[06/03 02:52:25] [DEV]		Finished auto-save.
[06/03 03:52:26] [DEV]		Auto-Saving files...
[06/03 03:52:26] [DEV]		Finished auto-save.
[06/03 04:52:27] [DEV]		Auto-Saving files...
[06/03 04:52:27] [DEV]		Finished auto-save.
[06/03 05:52:29] [DEV]		Auto-Saving files...
[06/03 05:52:29] [DEV]		Finished auto-save.
[06/03 06:52:30] [DEV]		Auto-Saving files...
[06/03 06:52:30] [DEV]		Finished auto-save.
[06/03 07:52:34] [DEV]		Auto-Saving files...
[06/03 07:52:34] [DEV]		Finished auto-save.
[06/03 08:52:35] [DEV]		Auto-Saving files...
[06/03 08:52:35] [DEV]		Finished auto-save.
[06/03 09:52:37] [DEV]		Auto-Saving files...
[06/03 09:52:37] [DEV]		Finished auto-save.
[06/03 10:52:39] [DEV]		Auto-Saving files...
[06/03 10:52:39] [DEV]		Finished auto-save.
[06/03 11:52:42] [DEV]		Auto-Saving files...
[06/03 11:52:42] [DEV]		Finished auto-save.
[06/03 12:52:46] [DEV]		Auto-Saving files...
[06/03 12:52:46] [DEV]		Finished auto-save.
[06/03 13:52:52] [DEV]		Auto-Saving files...
[06/03 13:52:52] [DEV]		Finished auto-save.
[06/03 14:53:06] [DEV]		Auto-Saving files...
[06/03 14:53:06] [DEV]		Finished auto-save.
[06/03 15:53:21] [DEV]		Auto-Saving files...
[06/03 15:53:22] [DEV]		Finished auto-save.
[06/03 16:53:38] [DEV]		Auto-Saving files...
[06/03 16:53:38] [DEV]		Finished auto-save.
[06/03 17:53:50] [DEV]		Auto-Saving files...
[06/03 17:53:50] [DEV]		Finished auto-save.
[06/03 18:54:03] [DEV]		Auto-Saving files...
[06/03 18:54:03] [DEV]		Finished auto-save.
[06/03 19:54:24] [DEV]		Auto-Saving files...
[06/03 19:54:25] [DEV]		Finished auto-save.
[06/03 20:54:41] [DEV]		Auto-Saving files...
[06/03 20:54:41] [DEV]		Finished auto-save.
[06/03 21:54:58] [DEV]		Auto-Saving files...
[06/03 21:54:59] [DEV]		Finished auto-save.
[06/03 22:55:11] [DEV]		Auto-Saving files...
[06/03 22:55:11] [DEV]		Finished auto-save.
[06/03 23:55:17] [DEV]		Auto-Saving files...
[06/03 23:55:17] [DEV]		Finished auto-save.
[06/04 00:55:21] [DEV]		Auto-Saving files...
[06/04 00:55:21] [DEV]		Finished auto-save.
[06/04 01:55:24] [DEV]		Auto-Saving files...
[06/04 01:55:24] [DEV]		Finished auto-save.
[06/04 02:55:26] [DEV]		Auto-Saving files...
[06/04 02:55:26] [DEV]		Finished auto-save.
[06/04 03:55:28] [DEV]		Auto-Saving files...
[06/04 03:55:28] [DEV]		Finished auto-save.
[06/04 04:55:29] [DEV]		Auto-Saving files...
[06/04 04:55:29] [DEV]		Finished auto-save.
[06/04 05:55:31] [DEV]		Auto-Saving files...
[06/04 05:55:31] [DEV]		Finished auto-save.
[06/04 06:55:32] [DEV]		Auto-Saving files...
[06/04 06:55:32] [DEV]		Finished auto-save.
[06/04 07:55:38] [DEV]		Auto-Saving files...
[06/04 07:55:38] [DEV]		Finished auto-save.
[06/04 08:55:40] [DEV]		Auto-Saving files...
[06/04 08:55:40] [DEV]		Finished auto-save.
[06/04 09:55:42] [DEV]		Auto-Saving files...
[06/04 09:55:42] [DEV]		Finished auto-save.
[06/04 10:55:45] [DEV]		Auto-Saving files...
[06/04 10:55:45] [DEV]		Finished auto-save.
[06/04 11:55:50] [DEV]		Auto-Saving files...
[06/04 11:55:51] [DEV]		Finished auto-save.
[06/04 12:55:56] [DEV]		Auto-Saving files...
[06/04 12:55:56] [DEV]		Finished auto-save.
[06/04 13:56:05] [DEV]		Auto-Saving files...
[06/04 13:56:05] [DEV]		Finished auto-save.
[06/04 14:56:15] [DEV]		Auto-Saving files...
[06/04 14:56:15] [DEV]		Finished auto-save.
[06/04 15:56:24] [DEV]		Auto-Saving files...
[06/04 15:56:24] [DEV]		Finished auto-save.
[06/04 16:56:35] [DEV]		Auto-Saving files...
[06/04 16:56:36] [DEV]		Finished auto-save.
[06/04 17:56:51] [DEV]		Auto-Saving files...
[06/04 17:56:51] [DEV]		Finished auto-save.
[06/04 18:57:05] [DEV]		Auto-Saving files...
[06/04 18:57:05] [DEV]		Finished auto-save.
[06/04 19:57:25] [DEV]		Auto-Saving files...
[06/04 19:57:25] [DEV]		Finished auto-save.
[06/04 20:57:44] [DEV]		Auto-Saving files...
[06/04 20:57:44] [DEV]		Finished auto-save.
[06/04 21:58:00] [DEV]		Auto-Saving files...
[06/04 21:58:00] [DEV]		Finished auto-save.
[06/04 22:58:05] [DEV]		Auto-Saving files...
[06/04 22:58:05] [DEV]		Finished auto-save.
[06/04 23:58:08] [DEV]		Auto-Saving files...
[06/04 23:58:08] [DEV]		Finished auto-save.
[06/05 00:58:10] [DEV]		Auto-Saving files...
[06/05 00:58:10] [DEV]		Finished auto-save.
[06/05 01:58:12] [DEV]		Auto-Saving files...
[06/05 01:58:12] [DEV]		Finished auto-save.
[06/05 02:58:14] [DEV]		Auto-Saving files...
[06/05 02:58:14] [DEV]		Finished auto-save.
[06/05 03:58:15] [DEV]		Auto-Saving files...
[06/05 03:58:15] [DEV]		Finished auto-save.
[06/05 04:58:17] [DEV]		Auto-Saving files...
[06/05 04:58:17] [DEV]		Finished auto-save.
[06/05 05:58:19] [DEV]		Auto-Saving files...
[06/05 05:58:19] [DEV]		Finished auto-save.
[06/05 06:58:20] [DEV]		Auto-Saving files...
[06/05 06:58:20] [DEV]		Finished auto-save.
[06/05 07:58:25] [DEV]		Auto-Saving files...
[06/05 07:58:25] [DEV]		Finished auto-save.
[06/05 08:58:26] [DEV]		Auto-Saving files...
[06/05 08:58:26] [DEV]		Finished auto-save.
[06/05 09:58:27] [DEV]		Auto-Saving files...
[06/05 09:58:28] [DEV]		Finished auto-save.
[06/05 10:58:29] [DEV]		Auto-Saving files...
[06/05 10:58:29] [DEV]		Finished auto-save.
[06/05 11:58:32] [DEV]		Auto-Saving files...
[06/05 11:58:32] [DEV]		Finished auto-save.
[06/05 12:58:34] [DEV]		Auto-Saving files...
[06/05 12:58:34] [DEV]		Finished auto-save.
[06/05 13:58:37] [DEV]		Auto-Saving files...
[06/05 13:58:37] [DEV]		Finished auto-save.
[06/05 14:58:42] [DEV]		Auto-Saving files...
[06/05 14:58:42] [DEV]		Finished auto-save.
[06/05 15:58:48] [DEV]		Auto-Saving files...
[06/05 15:58:48] [DEV]		Finished auto-save.
[06/05 16:58:55] [DEV]		Auto-Saving files...
[06/05 16:58:55] [DEV]		Finished auto-save.
[06/05 17:59:01] [DEV]		Auto-Saving files...
[06/05 17:59:04] [DEV]		Finished auto-save.
[06/05 18:59:13] [DEV]		Auto-Saving files...
[06/05 18:59:14] [DEV]		Finished auto-save.
[06/05 19:59:23] [DEV]		Auto-Saving files...
[06/05 19:59:23] [DEV]		Finished auto-save.
[06/05 20:59:34] [DEV]		Auto-Saving files...
[06/05 20:59:34] [DEV]		Finished auto-save.
[06/05 21:59:43] [DEV]		Auto-Saving files...
[06/05 21:59:43] [DEV]		Finished auto-save.
[06/05 22:59:50] [DEV]		Auto-Saving files...
[06/05 22:59:50] [DEV]		Finished auto-save.
[06/05 23:59:56] [DEV]		Auto-Saving files...
[06/05 23:59:56] [DEV]		Finished auto-save.
[06/06 01:00:00] [DEV]		Auto-Saving files...
[06/06 01:00:00] [DEV]		Finished auto-save.
[06/06 02:00:02] [DEV]		Auto-Saving files...
[06/06 02:00:02] [DEV]		Finished auto-save.
[06/06 03:00:03] [DEV]		Auto-Saving files...
[06/06 03:00:03] [DEV]		Finished auto-save.
[06/06 04:00:04] [DEV]		Auto-Saving files...
[06/06 04:00:04] [DEV]		Finished auto-save.
[06/06 05:00:08] [DEV]		Auto-Saving files...
[06/06 05:00:08] [DEV]		Finished auto-save.
[06/06 06:00:11] [DEV]		Auto-Saving files...
[06/06 06:00:11] [DEV]		Finished auto-save.
[06/06 07:00:12] [DEV]		Auto-Saving files...
[06/06 07:00:12] [DEV]		Finished auto-save.
[06/06 08:00:15] [DEV]		Auto-Saving files...
[06/06 08:00:15] [DEV]		Finished auto-save.
[06/06 09:00:18] [DEV]		Auto-Saving files...
[06/06 09:00:18] [DEV]		Finished auto-save.
[06/06 10:00:23] [DEV]		Auto-Saving files...
[06/06 10:00:23] [DEV]		Finished auto-save.
[06/06 11:00:25] [DEV]		Auto-Saving files...
[06/06 11:00:25] [DEV]		Finished auto-save.
[06/06 12:00:34] [DEV]		Auto-Saving files...
[06/06 12:00:34] [DEV]		Finished auto-save.
[06/06 13:00:47] [DEV]		Auto-Saving files...
[06/06 13:00:47] [DEV]		Finished auto-save.
[06/06 14:00:55] [DEV]		Auto-Saving files...
[06/06 14:00:56] [DEV]		Finished auto-save.
[06/06 15:01:03] [DEV]		Auto-Saving files...
[06/06 15:01:03] [DEV]		Finished auto-save.
[06/06 16:01:08] [DEV]		Auto-Saving files...
[06/06 16:01:08] [DEV]		Finished auto-save.
[06/06 17:01:16] [DEV]		Auto-Saving files...
[06/06 17:01:16] [DEV]		Finished auto-save.
[06/06 18:01:26] [DEV]		Auto-Saving files...
[06/06 18:01:26] [DEV]		Finished auto-save.
[06/06 19:01:35] [DEV]		Auto-Saving files...
[06/06 19:01:35] [DEV]		Finished auto-save.
[06/06 20:01:45] [DEV]		Auto-Saving files...
[06/06 20:01:45] [DEV]		Finished auto-save.
[06/06 21:01:53] [DEV]		Auto-Saving files...
[06/06 21:01:53] [DEV]		Finished auto-save.
[06/06 22:01:59] [DEV]		Auto-Saving files...
[06/06 22:01:59] [DEV]		Finished auto-save.
[06/06 23:02:06] [DEV]		Auto-Saving files...
[06/06 23:02:06] [DEV]		Finished auto-save.
[06/07 00:02:38] [DEV]		Auto-Saving files...
[06/07 00:02:38] [DEV]		Finished auto-save.
[06/07 00:22:45] [INFO]		Disabling MineConomy...
[06/07 00:23:12] [DEV]		Enabling plugin...
[06/07 00:23:12] [DEV]		Loading Config file...
[06/07 00:23:12] [DEV]		Config file loaded!
[06/07 00:23:12] [DEV]		YML is enabled for Accounts.
[06/07 00:23:12] [INFO]		Loading Accounts file...
[06/07 00:23:12] [INFO]		Accounts file loaded!
[06/07 00:23:12] [DEV]		Loading Banks file...
[06/07 00:23:12] [DEV]		Banks file loaded!
[06/07 00:23:12] [DEV]		Loading Currency file...
[06/07 00:23:12] [DEV]		Currency file loaded!
[06/07 00:23:12] [DEV]		Loading Language file...
[06/07 00:23:12] [DEV]		Language file loaded!
[06/07 00:23:12] [INFO]		Interest Disabled.
[06/07 00:23:12] [INFO]		Tax Disabled.
[06/07 00:23:12] [INFO]		GUI Disabled.
[06/07 00:23:12] [DEV]		Checking for updates...
[06/07 00:23:12] [IMPORTANT]	Version 1.7.3 by Bodyash is enabled!
[06/07 00:23:32] [DEV]		Auto-Saving files...
[06/07 00:23:32] [DEV]		Finished auto-save.
[06/07 01:23:40] [DEV]		Auto-Saving files...
[06/07 01:23:40] [DEV]		Finished auto-save.
[06/07 02:23:41] [DEV]		Auto-Saving files...
[06/07 02:23:41] [DEV]		Finished auto-save.
[06/07 03:23:42] [DEV]		Auto-Saving files...
[06/07 03:23:42] [DEV]		Finished auto-save.
[06/07 04:23:45] [DEV]		Auto-Saving files...
[06/07 04:23:45] [DEV]		Finished auto-save.
[06/07 05:23:46] [DEV]		Auto-Saving files...
[06/07 05:23:46] [DEV]		Finished auto-save.
[06/07 06:23:47] [DEV]		Auto-Saving files...
[06/07 06:23:47] [DEV]		Finished auto-save.
[06/07 07:23:49] [DEV]		Auto-Saving files...
[06/07 07:23:49] [DEV]		Finished auto-save.
[06/07 08:23:50] [DEV]		Auto-Saving files...
[06/07 08:23:50] [DEV]		Finished auto-save.
[06/07 09:23:52] [DEV]		Auto-Saving files...
[06/07 09:23:52] [DEV]		Finished auto-save.
[06/07 10:23:56] [DEV]		Auto-Saving files...
[06/07 10:23:56] [DEV]		Finished auto-save.
[06/07 11:24:02] [DEV]		Auto-Saving files...
[06/07 11:24:02] [DEV]		Finished auto-save.
[06/07 12:24:09] [DEV]		Auto-Saving files...
[06/07 12:24:09] [DEV]		Finished auto-save.
[06/07 13:24:18] [DEV]		Auto-Saving files...
[06/07 13:24:18] [DEV]		Finished auto-save.
[06/07 14:24:36] [DEV]		Auto-Saving files...
[06/07 14:24:36] [DEV]		Finished auto-save.
[06/07 15:24:46] [DEV]		Auto-Saving files...
[06/07 15:24:46] [DEV]		Finished auto-save.
[06/07 16:24:56] [DEV]		Auto-Saving files...
[06/07 16:24:56] [DEV]		Finished auto-save.
[06/07 17:25:03] [DEV]		Auto-Saving files...
[06/07 17:25:03] [DEV]		Finished auto-save.
[06/07 18:25:16] [DEV]		Auto-Saving files...
[06/07 18:25:16] [DEV]		Finished auto-save.
[06/07 19:25:27] [DEV]		Auto-Saving files...
[06/07 19:25:27] [DEV]		Finished auto-save.
[06/07 20:25:38] [DEV]		Auto-Saving files...
[06/07 20:25:38] [DEV]		Finished auto-save.
[06/07 21:25:47] [DEV]		Auto-Saving files...
[06/07 21:25:47] [DEV]		Finished auto-save.
[06/07 22:25:54] [DEV]		Auto-Saving files...
[06/07 22:25:54] [DEV]		Finished auto-save.
[06/07 23:25:58] [DEV]		Auto-Saving files...
[06/07 23:25:58] [DEV]		Finished auto-save.
[06/08 00:26:00] [DEV]		Auto-Saving files...
[06/08 00:26:00] [DEV]		Finished auto-save.
[06/08 01:26:02] [DEV]		Auto-Saving files...
[06/08 01:26:02] [DEV]		Finished auto-save.
[06/08 02:26:04] [DEV]		Auto-Saving files...
[06/08 02:26:04] [DEV]		Finished auto-save.
[06/08 03:26:06] [DEV]		Auto-Saving files...
[06/08 03:26:06] [DEV]		Finished auto-save.
[06/08 04:26:08] [DEV]		Auto-Saving files...
[06/08 04:26:08] [DEV]		Finished auto-save.
[06/08 05:26:09] [DEV]		Auto-Saving files...
[06/08 05:26:09] [DEV]		Finished auto-save.
[06/08 06:26:10] [DEV]		Auto-Saving files...
[06/08 06:26:10] [DEV]		Finished auto-save.
[06/08 07:26:13] [DEV]		Auto-Saving files...
[06/08 07:26:13] [DEV]		Finished auto-save.
[06/08 08:26:15] [DEV]		Auto-Saving files...
[06/08 08:26:15] [DEV]		Finished auto-save.
[06/08 09:26:17] [DEV]		Auto-Saving files...
[06/08 09:26:17] [DEV]		Finished auto-save.
[06/08 10:26:18] [DEV]		Auto-Saving files...
[06/08 10:26:19] [DEV]		Finished auto-save.
[06/08 11:26:22] [DEV]		Auto-Saving files...
[06/08 11:26:22] [DEV]		Finished auto-save.
[06/08 12:26:26] [DEV]		Auto-Saving files...
[06/08 12:26:26] [DEV]		Finished auto-save.
[06/08 13:26:31] [DEV]		Auto-Saving files...
[06/08 13:26:31] [DEV]		Finished auto-save.
[06/08 14:26:35] [DEV]		Auto-Saving files...
[06/08 14:26:35] [DEV]		Finished auto-save.
[06/08 15:26:39] [DEV]		Auto-Saving files...
[06/08 15:26:39] [DEV]		Finished auto-save.
[06/08 16:26:47] [DEV]		Auto-Saving files...
[06/08 16:26:47] [DEV]		Finished auto-save.
[06/08 17:26:52] [DEV]		Auto-Saving files...
[06/08 17:26:53] [DEV]		Finished auto-save.
[06/08 18:27:03] [DEV]		Auto-Saving files...
[06/08 18:27:03] [DEV]		Finished auto-save.
[06/08 19:27:14] [DEV]		Auto-Saving files...
[06/08 19:27:14] [DEV]		Finished auto-save.
[06/08 20:27:24] [DEV]		Auto-Saving files...
[06/08 20:27:24] [DEV]		Finished auto-save.
[06/08 21:27:35] [DEV]		Auto-Saving files...
[06/08 21:27:36] [DEV]		Finished auto-save.
[06/08 22:27:45] [DEV]		Auto-Saving files...
[06/08 22:27:45] [DEV]		Finished auto-save.
[06/08 23:27:49] [DEV]		Auto-Saving files...
[06/08 23:27:49] [DEV]		Finished auto-save.
[06/09 00:27:53] [DEV]		Auto-Saving files...
[06/09 00:27:53] [DEV]		Finished auto-save.
[06/09 01:27:55] [DEV]		Auto-Saving files...
[06/09 01:27:56] [DEV]		Finished auto-save.
[06/09 02:27:58] [DEV]		Auto-Saving files...
[06/09 02:27:58] [DEV]		Finished auto-save.
[06/09 03:28:00] [DEV]		Auto-Saving files...
[06/09 03:28:00] [DEV]		Finished auto-save.
[06/09 04:28:02] [DEV]		Auto-Saving files...
[06/09 04:28:02] [DEV]		Finished auto-save.
[06/09 05:28:04] [DEV]		Auto-Saving files...
[06/09 05:28:04] [DEV]		Finished auto-save.
[06/09 06:28:08] [DEV]		Auto-Saving files...
[06/09 06:28:08] [DEV]		Finished auto-save.
[06/09 07:28:11] [DEV]		Auto-Saving files...
[06/09 07:28:11] [DEV]		Finished auto-save.
[06/09 08:28:14] [DEV]		Auto-Saving files...
[06/09 08:28:14] [DEV]		Finished auto-save.
[06/09 09:28:16] [DEV]		Auto-Saving files...
[06/09 09:28:17] [DEV]		Finished auto-save.
[06/09 10:28:19] [DEV]		Auto-Saving files...
[06/09 10:28:19] [DEV]		Finished auto-save.
[06/09 11:28:22] [DEV]		Auto-Saving files...
[06/09 11:28:22] [DEV]		Finished auto-save.
[06/09 12:28:24] [DEV]		Auto-Saving files...
[06/09 12:28:24] [DEV]		Finished auto-save.
[06/09 13:28:27] [DEV]		Auto-Saving files...
[06/09 13:28:27] [DEV]		Finished auto-save.
[06/09 14:28:32] [DEV]		Auto-Saving files...
[06/09 14:28:33] [DEV]		Finished auto-save.
[06/09 15:28:36] [DEV]		Auto-Saving files...
[06/09 15:28:36] [DEV]		Finished auto-save.
[06/09 16:28:38] [DEV]		Auto-Saving files...
[06/09 16:28:38] [DEV]		Finished auto-save.
[06/09 17:28:42] [DEV]		Auto-Saving files...
[06/09 17:28:42] [DEV]		Finished auto-save.
[06/09 18:28:45] [DEV]		Auto-Saving files...
[06/09 18:28:45] [DEV]		Finished auto-save.
[06/09 19:28:46] [DEV]		Auto-Saving files...
[06/09 20:02:05] [DEV]		Enabling plugin...
[06/09 20:02:05] [DEV]		Loading Config file...
[06/09 20:02:05] [DEV]		Config file loaded!
[06/09 20:02:05] [DEV]		YML is enabled for Accounts.
[06/09 20:02:06] [INFO]		Loading Accounts file...
[06/09 20:02:06] [INFO]		Accounts file loaded!
[06/09 20:02:06] [DEV]		Loading Banks file...
[06/09 20:02:06] [DEV]		Banks file loaded!
[06/09 20:02:06] [DEV]		Loading Currency file...
[06/09 20:02:06] [DEV]		Currency file loaded!
[06/09 20:02:06] [DEV]		Loading Language file...
[06/09 20:02:06] [DEV]		Language file loaded!
[06/09 20:02:06] [INFO]		Interest Disabled.
[06/09 20:02:06] [INFO]		Tax Disabled.
[06/09 20:02:06] [INFO]		GUI Disabled.
[06/09 20:02:06] [DEV]		Checking for updates...
[06/09 20:02:06] [IMPORTANT]	Version 1.7.3 by Bodyash is enabled!
[06/09 20:04:30] [DEV]		Auto-Saving files...
[06/09 20:04:30] [DEV]		Finished auto-save.
[06/09 21:04:51] [DEV]		Auto-Saving files...
[06/09 21:04:51] [DEV]		Finished auto-save.
[06/09 22:04:52] [DEV]		Auto-Saving files...
[06/09 22:04:52] [DEV]		Finished auto-save.
[06/09 23:04:54] [DEV]		Auto-Saving files...
[06/09 23:04:54] [DEV]		Finished auto-save.
[06/10 00:04:55] [DEV]		Auto-Saving files...
[06/10 00:04:55] [DEV]		Finished auto-save.
[06/10 01:04:55] [DEV]		Auto-Saving files...
[06/10 01:04:55] [DEV]		Finished auto-save.
[06/10 02:04:56] [DEV]		Auto-Saving files...
[06/10 02:04:56] [DEV]		Finished auto-save.
[06/10 03:04:57] [DEV]		Auto-Saving files...
[06/10 03:04:57] [DEV]		Finished auto-save.
[06/10 04:04:58] [DEV]		Auto-Saving files...
[06/10 04:04:58] [DEV]		Finished auto-save.
[06/10 05:04:59] [DEV]		Auto-Saving files...
[06/10 05:04:59] [DEV]		Finished auto-save.
[06/10 06:05:00] [DEV]		Auto-Saving files...
[06/10 06:05:00] [DEV]		Finished auto-save.
[06/10 07:05:01] [DEV]		Auto-Saving files...
[06/10 07:05:01] [DEV]		Finished auto-save.
[06/10 08:05:03] [DEV]		Auto-Saving files...
[06/10 08:05:03] [DEV]		Finished auto-save.
[06/10 09:05:04] [DEV]		Auto-Saving files...
[06/10 09:05:04] [DEV]		Finished auto-save.
[06/10 10:05:05] [DEV]		Auto-Saving files...
[06/10 10:05:05] [DEV]		Finished auto-save.
[06/10 11:05:07] [DEV]		Auto-Saving files...
[06/10 11:05:07] [DEV]		Finished auto-save.
[06/10 12:05:09] [DEV]		Auto-Saving files...
[06/10 12:05:09] [DEV]		Finished auto-save.
[06/10 13:05:15] [DEV]		Auto-Saving files...
[06/10 13:05:15] [DEV]		Finished auto-save.
[06/10 14:05:20] [DEV]		Auto-Saving files...
[06/10 14:05:20] [DEV]		Finished auto-save.
[06/10 15:05:25] [DEV]		Auto-Saving files...
[06/10 15:05:25] [DEV]		Finished auto-save.
[06/10 16:05:29] [DEV]		Auto-Saving files...
[06/10 16:05:29] [DEV]		Finished auto-save.
[06/10 17:05:32] [DEV]		Auto-Saving files...
[06/10 17:05:32] [DEV]		Finished auto-save.
[06/10 18:05:36] [DEV]		Auto-Saving files...
[06/10 18:05:36] [DEV]		Finished auto-save.
[06/10 19:05:40] [DEV]		Auto-Saving files...
[06/10 19:05:40] [DEV]		Finished auto-save.
[06/10 20:05:47] [DEV]		Auto-Saving files...
[06/10 20:05:47] [DEV]		Finished auto-save.
[06/10 21:05:56] [DEV]		Auto-Saving files...
[06/10 21:05:56] [DEV]		Finished auto-save.
[06/10 22:06:04] [DEV]		Auto-Saving files...
[06/10 22:06:04] [DEV]		Finished auto-save.
[06/10 23:06:11] [DEV]		Auto-Saving files...
[06/10 23:06:11] [DEV]		Finished auto-save.
[06/11 00:06:16] [DEV]		Auto-Saving files...
[06/11 00:06:16] [DEV]		Finished auto-save.
[06/11 01:06:20] [DEV]		Auto-Saving files...
[06/11 01:06:20] [DEV]		Finished auto-save.
[06/11 02:06:22] [DEV]		Auto-Saving files...
[06/11 02:06:22] [DEV]		Finished auto-save.
[06/11 03:06:23] [DEV]		Auto-Saving files...
[06/11 03:06:23] [DEV]		Finished auto-save.
[06/11 04:06:24] [DEV]		Auto-Saving files...
[06/11 04:06:24] [DEV]		Finished auto-save.
[06/11 05:06:25] [DEV]		Auto-Saving files...
[06/11 05:06:25] [DEV]		Finished auto-save.
[06/11 06:06:26] [DEV]		Auto-Saving files...
[06/11 06:06:26] [DEV]		Finished auto-save.
[06/11 07:06:27] [DEV]		Auto-Saving files...
[06/11 07:06:27] [DEV]		Finished auto-save.
[06/11 08:06:30] [DEV]		Auto-Saving files...
[06/11 08:06:30] [DEV]		Finished auto-save.
[06/11 09:06:32] [DEV]		Auto-Saving files...
[06/11 09:06:32] [DEV]		Finished auto-save.
[06/11 10:06:34] [DEV]		Auto-Saving files...
[06/11 10:06:34] [DEV]		Finished auto-save.
[06/11 11:06:35] [DEV]		Auto-Saving files...
[06/11 11:06:35] [DEV]		Finished auto-save.
[06/11 12:06:38] [DEV]		Auto-Saving files...
[06/11 12:06:38] [DEV]		Finished auto-save.
[06/11 13:06:42] [DEV]		Auto-Saving files...
[06/11 13:06:42] [DEV]		Finished auto-save.
[06/11 14:06:47] [DEV]		Auto-Saving files...
[06/11 14:06:47] [DEV]		Finished auto-save.
[06/11 15:06:51] [DEV]		Auto-Saving files...
[06/11 15:06:51] [DEV]		Finished auto-save.
[06/11 16:06:55] [DEV]		Auto-Saving files...
[06/11 16:06:56] [DEV]		Finished auto-save.
[06/11 17:07:01] [DEV]		Auto-Saving files...
[06/11 17:07:01] [DEV]		Finished auto-save.
[06/11 18:07:10] [DEV]		Auto-Saving files...
[06/11 18:07:10] [DEV]		Finished auto-save.
[06/11 19:07:23] [DEV]		Auto-Saving files...
[06/11 19:07:23] [DEV]		Finished auto-save.
[06/11 20:07:35] [DEV]		Auto-Saving files...
[06/11 20:07:35] [DEV]		Finished auto-save.
[06/11 21:07:48] [DEV]		Auto-Saving files...
[06/11 21:07:48] [DEV]		Finished auto-save.
[06/11 22:07:58] [DEV]		Auto-Saving files...
[06/11 22:07:58] [DEV]		Finished auto-save.
[06/11 23:08:08] [DEV]		Auto-Saving files...
[06/11 23:08:08] [DEV]		Finished auto-save.
[06/12 00:08:12] [DEV]		Auto-Saving files...
[06/12 00:08:12] [DEV]		Finished auto-save.
[06/12 01:08:15] [DEV]		Auto-Saving files...
[06/12 01:08:15] [DEV]		Finished auto-save.
[06/12 02:08:18] [DEV]		Auto-Saving files...
[06/12 02:08:18] [DEV]		Finished auto-save.
[06/12 03:08:20] [DEV]		Auto-Saving files...
[06/12 03:08:20] [DEV]		Finished auto-save.
[06/12 04:08:21] [DEV]		Auto-Saving files...
[06/12 04:08:21] [DEV]		Finished auto-save.
[06/12 05:08:23] [DEV]		Auto-Saving files...
[06/12 05:08:23] [DEV]		Finished auto-save.
[06/12 06:08:25] [DEV]		Auto-Saving files...
[06/12 06:08:25] [DEV]		Finished auto-save.
[06/12 07:08:27] [DEV]		Auto-Saving files...
[06/12 07:08:27] [DEV]		Finished auto-save.
[06/12 08:08:33] [DEV]		Auto-Saving files...
[06/12 08:08:33] [DEV]		Finished auto-save.
[06/12 09:08:34] [DEV]		Auto-Saving files...
[06/12 09:08:34] [DEV]		Finished auto-save.
[06/12 10:08:36] [DEV]		Auto-Saving files...
[06/12 10:08:36] [DEV]		Finished auto-save.
[06/12 11:08:38] [DEV]		Auto-Saving files...
[06/12 11:08:38] [DEV]		Finished auto-save.
[06/12 12:08:40] [DEV]		Auto-Saving files...
[06/12 12:08:40] [DEV]		Finished auto-save.
[06/12 13:08:43] [DEV]		Auto-Saving files...
[06/12 13:08:43] [DEV]		Finished auto-save.
[06/12 14:08:47] [DEV]		Auto-Saving files...
[06/12 14:08:47] [DEV]		Finished auto-save.
[06/12 15:08:55] [DEV]		Auto-Saving files...
[06/12 15:08:55] [DEV]		Finished auto-save.
[06/12 16:09:05] [DEV]		Auto-Saving files...
[06/12 16:09:06] [DEV]		Finished auto-save.
[06/12 17:09:16] [DEV]		Auto-Saving files...
[06/12 17:09:16] [DEV]		Finished auto-save.
[06/12 18:09:29] [DEV]		Auto-Saving files...
[06/12 18:09:29] [DEV]		Finished auto-save.
[06/12 19:09:44] [DEV]		Auto-Saving files...
[06/12 19:09:44] [DEV]		Finished auto-save.
[06/12 20:09:58] [DEV]		Auto-Saving files...
[06/12 20:09:59] [DEV]		Finished auto-save.
[06/12 21:10:07] [DEV]		Auto-Saving files...
[06/12 21:10:07] [DEV]		Finished auto-save.
[06/12 22:10:15] [DEV]		Auto-Saving files...
[06/12 22:10:15] [DEV]		Finished auto-save.
[06/12 23:10:20] [DEV]		Auto-Saving files...
[06/12 23:10:20] [DEV]		Finished auto-save.
[06/13 00:10:23] [DEV]		Auto-Saving files...
[06/13 00:10:23] [DEV]		Finished auto-save.
[06/13 01:10:26] [DEV]		Auto-Saving files...
[06/13 01:10:26] [DEV]		Finished auto-save.
[06/13 02:10:27] [DEV]		Auto-Saving files...
[06/13 02:10:28] [DEV]		Finished auto-save.
[06/13 03:10:29] [DEV]		Auto-Saving files...
[06/13 03:10:29] [DEV]		Finished auto-save.
[06/13 04:10:30] [DEV]		Auto-Saving files...
[06/13 04:10:30] [DEV]		Finished auto-save.
[06/13 05:10:30] [DEV]		Auto-Saving files...
[06/13 05:10:31] [DEV]		Finished auto-save.
[06/13 06:10:32] [DEV]		Auto-Saving files...
[06/13 06:10:32] [DEV]		Finished auto-save.
[06/13 07:10:34] [DEV]		Auto-Saving files...
[06/13 07:10:34] [DEV]		Finished auto-save.
[06/13 08:10:42] [DEV]		Auto-Saving files...
[06/13 08:10:42] [DEV]		Finished auto-save.
[06/13 09:10:46] [DEV]		Auto-Saving files...
[06/13 09:10:46] [DEV]		Finished auto-save.
[06/13 10:10:53] [DEV]		Auto-Saving files...
[06/13 10:10:53] [DEV]		Finished auto-save.
[06/13 11:10:59] [DEV]		Auto-Saving files...
[06/13 11:10:59] [DEV]		Finished auto-save.
[06/13 12:11:05] [DEV]		Auto-Saving files...
[06/13 12:11:05] [DEV]		Finished auto-save.
[06/13 13:11:18] [DEV]		Auto-Saving files...
[06/13 13:11:18] [DEV]		Finished auto-save.
[06/13 14:11:30] [DEV]		Auto-Saving files...
[06/13 14:11:30] [DEV]		Finished auto-save.
[06/13 15:11:48] [DEV]		Auto-Saving files...
[06/13 15:11:48] [DEV]		Finished auto-save.
[06/13 16:12:12] [DEV]		Auto-Saving files...
[06/13 16:12:12] [DEV]		Finished auto-save.
[06/13 17:12:47] [DEV]		Auto-Saving files...
[06/13 17:12:47] [DEV]		Finished auto-save.
[06/13 18:13:17] [DEV]		Auto-Saving files...
[06/13 18:13:17] [DEV]		Finished auto-save.
[06/13 19:13:34] [DEV]		Auto-Saving files...
[06/13 19:13:34] [DEV]		Finished auto-save.
[06/13 20:13:48] [DEV]		Auto-Saving files...
[06/13 20:13:48] [DEV]		Finished auto-save.
[06/13 21:13:58] [DEV]		Auto-Saving files...
[06/13 21:13:59] [DEV]		Finished auto-save.
[06/13 22:14:08] [DEV]		Auto-Saving files...
[06/13 22:14:08] [DEV]		Finished auto-save.
[06/13 23:14:21] [DEV]		Auto-Saving files...
[06/13 23:14:21] [DEV]		Finished auto-save.
[06/14 00:14:30] [DEV]		Auto-Saving files...
[06/14 00:14:30] [DEV]		Finished auto-save.
[06/14 01:14:35] [DEV]		Auto-Saving files...
[06/14 01:14:35] [DEV]		Finished auto-save.
[06/14 02:14:38] [DEV]		Auto-Saving files...
[06/14 02:14:38] [DEV]		Finished auto-save.
[06/14 03:14:39] [DEV]		Auto-Saving files...
[06/14 03:14:39] [DEV]		Finished auto-save.
[06/14 04:14:41] [DEV]		Auto-Saving files...
[06/14 04:14:41] [DEV]		Finished auto-save.
[06/14 05:14:42] [DEV]		Auto-Saving files...
[06/14 05:14:42] [DEV]		Finished auto-save.
[06/14 06:14:43] [DEV]		Auto-Saving files...
[06/14 06:14:43] [DEV]		Finished auto-save.
[06/14 07:14:45] [DEV]		Auto-Saving files...
[06/14 07:14:45] [DEV]		Finished auto-save.
[06/14 08:14:48] [DEV]		Auto-Saving files...
[06/14 08:14:48] [DEV]		Finished auto-save.
[06/14 09:14:50] [DEV]		Auto-Saving files...
[06/14 09:14:50] [DEV]		Finished auto-save.
[06/14 10:14:54] [DEV]		Auto-Saving files...
[06/14 10:14:54] [DEV]		Finished auto-save.
[06/14 11:15:02] [DEV]		Auto-Saving files...
[06/14 11:15:02] [DEV]		Finished auto-save.
[06/14 12:15:17] [DEV]		Auto-Saving files...
[06/14 12:15:17] [DEV]		Finished auto-save.
[06/14 13:15:32] [DEV]		Auto-Saving files...
[06/14 13:15:32] [DEV]		Finished auto-save.
[06/14 14:15:52] [DEV]		Auto-Saving files...
[06/14 14:15:52] [DEV]		Finished auto-save.
[06/14 15:16:13] [DEV]		Auto-Saving files...
[06/14 15:16:13] [DEV]		Finished auto-save.
[06/14 16:16:44] [DEV]		Auto-Saving files...
[06/14 16:16:44] [DEV]		Finished auto-save.
[06/14 17:17:13] [DEV]		Auto-Saving files...
[06/14 17:17:13] [DEV]		Finished auto-save.
[06/14 18:17:45] [DEV]		Auto-Saving files...
[06/14 18:17:45] [DEV]		Finished auto-save.
[06/14 19:18:17] [DEV]		Auto-Saving files...
[06/14 19:18:17] [DEV]		Finished auto-save.
[06/14 20:18:34] [DEV]		Auto-Saving files...
[06/14 20:18:34] [DEV]		Finished auto-save.
[06/14 21:18:48] [DEV]		Auto-Saving files...
[06/14 21:18:48] [DEV]		Finished auto-save.
[06/14 22:19:01] [DEV]		Auto-Saving files...